        -:    0:Source:E:/Third Semestr/PPOIS_lb/laba №1/ThePostMachine/Google_tests/lib/googletest/src/gtest.cc
        -:    0:Graph:E:\Third Semestr\PPOIS_lb\laba №1\ThePostMachine\cmake-build-debug-coverage\Google_tests\lib\googletest\CMakeFiles\gtest.dir\src\gtest-all.cc.gcno
        -:    0:Data:E:\Third Semestr\PPOIS_lb\laba №1\ThePostMachine\cmake-build-debug-coverage\Google_tests\lib\googletest\CMakeFiles\gtest.dir\src\gtest-all.cc.gcda
        -:    0:Runs:1
        -:    1:// Copyright 2005, Google Inc.
        -:    2:// All rights reserved.
        -:    3://
        -:    4:// Redistribution and use in source and binary forms, with or without
        -:    5:// modification, are permitted provided that the following conditions are
        -:    6:// met:
        -:    7://
        -:    8://     * Redistributions of source code must retain the above copyright
        -:    9:// notice, this list of conditions and the following disclaimer.
        -:   10://     * Redistributions in binary form must reproduce the above
        -:   11:// copyright notice, this list of conditions and the following disclaimer
        -:   12:// in the documentation and/or other materials provided with the
        -:   13:// distribution.
        -:   14://     * Neither the name of Google Inc. nor the names of its
        -:   15:// contributors may be used to endorse or promote products derived from
        -:   16:// this software without specific prior written permission.
        -:   17://
        -:   18:// THIS SOFTWARE IS PROVIDED BY THE COPYRIGHT HOLDERS AND CONTRIBUTORS
        -:   19:// "AS IS" AND ANY EXPRESS OR IMPLIED WARRANTIES, INCLUDING, BUT NOT
        -:   20:// LIMITED TO, THE IMPLIED WARRANTIES OF MERCHANTABILITY AND FITNESS FOR
        -:   21:// A PARTICULAR PURPOSE ARE DISCLAIMED. IN NO EVENT SHALL THE COPYRIGHT
        -:   22:// OWNER OR CONTRIBUTORS BE LIABLE FOR ANY DIRECT, INDIRECT, INCIDENTAL,
        -:   23:// SPECIAL, EXEMPLARY, OR CONSEQUENTIAL DAMAGES (INCLUDING, BUT NOT
        -:   24:// LIMITED TO, PROCUREMENT OF SUBSTITUTE GOODS OR SERVICES; LOSS OF USE,
        -:   25:// DATA, OR PROFITS; OR BUSINESS INTERRUPTION) HOWEVER CAUSED AND ON ANY
        -:   26:// THEORY OF LIABILITY, WHETHER IN CONTRACT, STRICT LIABILITY, OR TORT
        -:   27:// (INCLUDING NEGLIGENCE OR OTHERWISE) ARISING IN ANY WAY OUT OF THE USE
        -:   28:// OF THIS SOFTWARE, EVEN IF ADVISED OF THE POSSIBILITY OF SUCH DAMAGE.
        -:   29:
        -:   30://
        -:   31:// The Google C++ Testing and Mocking Framework (Google Test)
        -:   32:
        -:   33:#include "gtest/gtest.h"
        -:   34:
        -:   35:#include <ctype.h>
        -:   36:#include <stdarg.h>
        -:   37:#include <stdio.h>
        -:   38:#include <stdlib.h>
        -:   39:#include <time.h>
        -:   40:#include <wchar.h>
        -:   41:#include <wctype.h>
        -:   42:
        -:   43:#include <algorithm>
        -:   44:#include <chrono>  // NOLINT
        -:   45:#include <cmath>
        -:   46:#include <csignal>  // NOLINT: raise(3) is used on some platforms
        -:   47:#include <cstdint>
        -:   48:#include <cstdlib>
        -:   49:#include <cstring>
        -:   50:#include <initializer_list>
        -:   51:#include <iomanip>
        -:   52:#include <ios>
        -:   53:#include <iostream>
        -:   54:#include <iterator>
        -:   55:#include <limits>
        -:   56:#include <list>
        -:   57:#include <map>
        -:   58:#include <ostream>  // NOLINT
        -:   59:#include <set>
        -:   60:#include <sstream>
        -:   61:#include <unordered_set>
        -:   62:#include <utility>
        -:   63:#include <vector>
        -:   64:
        -:   65:#include "gtest/gtest-assertion-result.h"
        -:   66:#include "gtest/gtest-spi.h"
        -:   67:#include "gtest/internal/custom/gtest.h"
        -:   68:#include "gtest/internal/gtest-port.h"
        -:   69:
        -:   70:#ifdef GTEST_OS_LINUX
        -:   71:
        -:   72:#include <fcntl.h>   // NOLINT
        -:   73:#include <limits.h>  // NOLINT
        -:   74:#include <sched.h>   // NOLINT
        -:   75:// Declares vsnprintf().  This header is not available on Windows.
        -:   76:#include <strings.h>   // NOLINT
        -:   77:#include <sys/mman.h>  // NOLINT
        -:   78:#include <sys/time.h>  // NOLINT
        -:   79:#include <unistd.h>    // NOLINT
        -:   80:
        -:   81:#include <string>
        -:   82:
        -:   83:#elif defined(GTEST_OS_ZOS)
        -:   84:#include <sys/time.h>  // NOLINT
        -:   85:
        -:   86:// On z/OS we additionally need strings.h for strcasecmp.
        -:   87:#include <strings.h>   // NOLINT
        -:   88:
        -:   89:#elif defined(GTEST_OS_WINDOWS_MOBILE)  // We are on Windows CE.
        -:   90:
        -:   91:#include <windows.h>  // NOLINT
        -:   92:#undef min
        -:   93:
        -:   94:#elif defined(GTEST_OS_WINDOWS)  // We are on Windows proper.
        -:   95:
        -:   96:#include <windows.h>  // NOLINT
        -:   97:#undef min
        -:   98:
        -:   99:#ifdef _MSC_VER
        -:  100:#include <crtdbg.h>  // NOLINT
        -:  101:#endif
        -:  102:
        -:  103:#include <io.h>         // NOLINT
        -:  104:#include <sys/stat.h>   // NOLINT
        -:  105:#include <sys/timeb.h>  // NOLINT
        -:  106:#include <sys/types.h>  // NOLINT
        -:  107:
        -:  108:#ifdef GTEST_OS_WINDOWS_MINGW
        -:  109:#include <sys/time.h>  // NOLINT
        -:  110:#endif                 // GTEST_OS_WINDOWS_MINGW
        -:  111:
        -:  112:#else
        -:  113:
        -:  114:// cpplint thinks that the header is already included, so we want to
        -:  115:// silence it.
        -:  116:#include <sys/time.h>  // NOLINT
        -:  117:#include <unistd.h>    // NOLINT
        -:  118:
        -:  119:#endif  // GTEST_OS_LINUX
        -:  120:
        -:  121:#if GTEST_HAS_EXCEPTIONS
        -:  122:#include <stdexcept>
        -:  123:#endif
        -:  124:
        -:  125:#if GTEST_CAN_STREAM_RESULTS_
        -:  126:#include <arpa/inet.h>   // NOLINT
        -:  127:#include <netdb.h>       // NOLINT
        -:  128:#include <sys/socket.h>  // NOLINT
        -:  129:#include <sys/types.h>   // NOLINT
        -:  130:#endif
        -:  131:
        -:  132:#include "src/gtest-internal-inl.h"
        -:  133:
        -:  134:#ifdef GTEST_OS_WINDOWS
        -:  135:#define vsnprintf _vsnprintf
        -:  136:#endif  // GTEST_OS_WINDOWS
        -:  137:
        -:  138:#ifdef GTEST_OS_MAC
        -:  139:#ifndef GTEST_OS_IOS
        -:  140:#include <crt_externs.h>
        -:  141:#endif
        -:  142:#endif
        -:  143:
        -:  144:#ifdef GTEST_HAS_ABSL
        -:  145:#include "absl/container/flat_hash_set.h"
        -:  146:#include "absl/debugging/failure_signal_handler.h"
        -:  147:#include "absl/debugging/stacktrace.h"
        -:  148:#include "absl/debugging/symbolize.h"
        -:  149:#include "absl/flags/parse.h"
        -:  150:#include "absl/flags/usage.h"
        -:  151:#include "absl/strings/str_cat.h"
        -:  152:#include "absl/strings/str_replace.h"
        -:  153:#include "absl/strings/string_view.h"
        -:  154:#include "absl/strings/strip.h"
        -:  155:#endif  // GTEST_HAS_ABSL
        -:  156:
        -:  157:// Checks builtin compiler feature |x| while avoiding an extra layer of #ifdefs
        -:  158:// at the callsite.
        -:  159:#if defined(__has_builtin)
        -:  160:#define GTEST_HAS_BUILTIN(x) __has_builtin(x)
        -:  161:#else
        -:  162:#define GTEST_HAS_BUILTIN(x) 0
        -:  163:#endif  // defined(__has_builtin)
        -:  164:
        -:  165:#if defined(GTEST_HAS_ABSL) && !defined(GTEST_NO_ABSL_FLAGS)
        -:  166:#define GTEST_HAS_ABSL_FLAGS
        -:  167:#endif
        -:  168:
        -:  169:namespace testing {
        -:  170:
        -:  171:using internal::CountIf;
        -:  172:using internal::ForEach;
        -:  173:using internal::GetElementOr;
        -:  174:using internal::Shuffle;
        -:  175:
        -:  176:// Constants.
        -:  177:
        -:  178:// A test whose test suite name or test name matches this filter is
        -:  179:// disabled and not run.
        -:  180:static const char kDisableTestFilter[] = "DISABLED_*:*/DISABLED_*";
        -:  181:
        -:  182:// A test suite whose name matches this filter is considered a death
        -:  183:// test suite and will be run before test suites whose name doesn't
        -:  184:// match this filter.
        -:  185:static const char kDeathTestSuiteFilter[] = "*DeathTest:*DeathTest/*";
        -:  186:
        -:  187:// A test filter that matches everything.
        -:  188:static const char kUniversalFilter[] = "*";
        -:  189:
        -:  190:// The default output format.
        -:  191:static const char kDefaultOutputFormat[] = "xml";
        -:  192:// The default output file.
        -:  193:static const char kDefaultOutputFile[] = "test_detail";
        -:  194:
        -:  195:// These environment variables are set by Bazel.
        -:  196:// https://bazel.build/reference/test-encyclopedia#initial-conditions
        -:  197://
        -:  198:// The environment variable name for the test shard index.
        -:  199:static const char kTestShardIndex[] = "GTEST_SHARD_INDEX";
        -:  200:// The environment variable name for the total number of test shards.
        -:  201:static const char kTestTotalShards[] = "GTEST_TOTAL_SHARDS";
        -:  202:// The environment variable name for the test shard status file.
        -:  203:static const char kTestShardStatusFile[] = "GTEST_SHARD_STATUS_FILE";
        -:  204:// The environment variable name for the test output warnings file.
        -:  205:static const char kTestWarningsOutputFile[] = "TEST_WARNINGS_OUTPUT_FILE";
        -:  206:
        -:  207:namespace internal {
        -:  208:
        -:  209:// The text used in failure messages to indicate the start of the
        -:  210:// stack trace.
        -:  211:const char kStackTraceMarker[] = "\nStack trace:\n";
        -:  212:
        -:  213:// g_help_flag is true if and only if the --help flag or an equivalent form
        -:  214:// is specified on the command line.
        -:  215:bool g_help_flag = false;
        -:  216:
        -:  217:#if GTEST_HAS_FILE_SYSTEM
        -:  218:// Utility function to Open File for Writing
function _ZN7testing8internalL18OpenFileForWritingERKNSt7__cxx1112basic_stringIcSt11char_traitsIcESaIcEEE called 0 returned 0% blocks executed 0%
    #####:  219:static FILE* OpenFileForWriting(const std::string& output_file) {
    #####:  220:  FILE* fileout = nullptr;
    #####:  221:  FilePath output_file_path(output_file);
    %%%%%:  221-block  0
call    0 never executed
branch  1 never executed (fallthrough)
branch  2 never executed (throw)
    %%%%%:  221-block  1
call    3 never executed
branch  4 never executed (fallthrough)
branch  5 never executed (throw)
    %%%%%:  221-block  2
call    6 never executed
    $$$$$:  221-block  3
call    7 never executed
    $$$$$:  221-block  4
    #####:  222:  FilePath output_dir(output_file_path.RemoveFileName());
call    0 never executed
branch  1 never executed (fallthrough)
branch  2 never executed (throw)
        -:  223:
    #####:  224:  if (output_dir.CreateDirectoriesRecursively()) {
    %%%%%:  224-block  0
call    0 never executed
branch  1 never executed (fallthrough)
branch  2 never executed (throw)
    %%%%%:  224-block  1
branch  3 never executed (fallthrough)
branch  4 never executed
    #####:  225:    fileout = posix::FOpen(output_file.c_str(), "w");
    %%%%%:  225-block  0
call    0 never executed
call    1 never executed
branch  2 never executed (fallthrough)
branch  3 never executed (throw)
    %%%%%:  225-block  1
        -:  226:  }
    #####:  227:  if (fileout == nullptr) {
    %%%%%:  227-block  0
branch  0 never executed (fallthrough)
branch  1 never executed
    #####:  228:    GTEST_LOG_(FATAL) << "Unable to open file \"" << output_file << "\"";
    %%%%%:  228-block  0
call    0 never executed
branch  1 never executed (fallthrough)
branch  2 never executed (throw)
    %%%%%:  228-block  1
call    3 never executed
call    4 never executed
branch  5 never executed (fallthrough)
branch  6 never executed (throw)
    %%%%%:  228-block  2
call    7 never executed
branch  8 never executed (fallthrough)
branch  9 never executed (throw)
    %%%%%:  228-block  3
call   10 never executed
branch 11 never executed (fallthrough)
branch 12 never executed (throw)
    %%%%%:  228-block  4
call   13 never executed
    $$$$$:  228-block  5
call   14 never executed
    $$$$$:  228-block  6
        -:  229:  }
    #####:  230:  return fileout;
    %%%%%:  230-block  0
    #####:  231:}
    %%%%%:  231-block  0
call    0 never executed
call    1 never executed
    $$$$$:  231-block  1
call    2 never executed
    $$$$$:  231-block  2
call    3 never executed
        -:  232:#endif  // GTEST_HAS_FILE_SYSTEM
        -:  233:
        -:  234:}  // namespace internal
        -:  235:
        -:  236:// Bazel passes in the argument to '--test_filter' via the TESTBRIDGE_TEST_ONLY
        -:  237:// environment variable.
function _ZN7testingL16GetDefaultFilterEv called 1 returned 100% blocks executed 80%
        1:  238:static const char* GetDefaultFilter() {
        -:  239:  const char* const testbridge_test_only =
        1:  240:      internal::posix::GetEnv("TESTBRIDGE_TEST_ONLY");
        1:  240-block  0
call    0 returned 1
        1:  241:  if (testbridge_test_only != nullptr) {
branch  0 taken 0 (fallthrough)
branch  1 taken 1
    #####:  242:    return testbridge_test_only;
    %%%%%:  242-block  0
        -:  243:  }
        1:  244:  return kUniversalFilter;
        1:  244-block  0
        -:  245:}
        -:  246:
        -:  247:// Bazel passes in the argument to '--test_runner_fail_fast' via the
        -:  248:// TESTBRIDGE_TEST_RUNNER_FAIL_FAST environment variable.
function _ZN7testingL18GetDefaultFailFastEv called 1 returned 100% blocks executed 80%
        1:  249:static bool GetDefaultFailFast() {
        -:  250:  const char* const testbridge_test_runner_fail_fast =
        1:  251:      internal::posix::GetEnv("TESTBRIDGE_TEST_RUNNER_FAIL_FAST");
        1:  251-block  0
call    0 returned 1
        1:  252:  if (testbridge_test_runner_fail_fast != nullptr) {
branch  0 taken 0 (fallthrough)
branch  1 taken 1
    #####:  253:    return strcmp(testbridge_test_runner_fail_fast, "1") == 0;
    %%%%%:  253-block  0
        -:  254:  }
        1:  255:  return false;
        1:  255-block  0
        -:  256:}
        -:  257:
        -:  258:}  // namespace testing
        -:  259:
        -:  260:GTEST_DEFINE_bool_(
        -:  261:    fail_fast,
        -:  262:    testing::internal::BoolFromGTestEnv("fail_fast",
        -:  263:                                        testing::GetDefaultFailFast()),
        -:  264:    "True if and only if a test failure should stop further test execution.");
        -:  265:
        -:  266:GTEST_DEFINE_bool_(
        -:  267:    fail_if_no_test_linked,
        -:  268:    testing::internal::BoolFromGTestEnv("fail_if_no_test_linked", false),
        -:  269:    "True if and only if the test should fail if no test case (including "
        -:  270:    "disabled test cases) is linked.");
        -:  271:
        -:  272:GTEST_DEFINE_bool_(
        -:  273:    fail_if_no_test_selected,
        -:  274:    testing::internal::BoolFromGTestEnv("fail_if_no_test_selected", false),
        -:  275:    "True if and only if the test should fail if no test case is selected to "
        -:  276:    "run. A test case is selected to run if it is not disabled and is matched "
        -:  277:    "by the filter flag so that it starts executing.");
        -:  278:
        -:  279:GTEST_DEFINE_bool_(
        -:  280:    also_run_disabled_tests,
        -:  281:    testing::internal::BoolFromGTestEnv("also_run_disabled_tests", false),
        -:  282:    "Run disabled tests too, in addition to the tests normally being run.");
        -:  283:
        -:  284:GTEST_DEFINE_bool_(
        -:  285:    break_on_failure,
        -:  286:    testing::internal::BoolFromGTestEnv("break_on_failure", false),
        -:  287:    "True if and only if a failed assertion should be a debugger "
        -:  288:    "break-point.");
        -:  289:
        -:  290:GTEST_DEFINE_bool_(catch_exceptions,
        -:  291:                   testing::internal::BoolFromGTestEnv("catch_exceptions",
        -:  292:                                                       true),
        -:  293:                   "True if and only if " GTEST_NAME_
        -:  294:                   " should catch exceptions and treat them as test failures.");
        -:  295:
        -:  296:GTEST_DEFINE_string_(
        -:  297:    color, testing::internal::StringFromGTestEnv("color", "auto"),
        -:  298:    "Whether to use colors in the output.  Valid values: yes, no, "
        -:  299:    "and auto.  'auto' means to use colors if the output is "
        -:  300:    "being sent to a terminal and the TERM environment variable "
        -:  301:    "is set to a terminal type that supports colors.");
        -:  302:
        -:  303:GTEST_DEFINE_string_(
        -:  304:    filter,
        -:  305:    testing::internal::StringFromGTestEnv("filter",
        -:  306:                                          testing::GetDefaultFilter()),
        -:  307:    "A colon-separated list of glob (not regex) patterns "
        -:  308:    "for filtering the tests to run, optionally followed by a "
        -:  309:    "'-' and a : separated list of negative patterns (tests to "
        -:  310:    "exclude).  A test is run if it matches one of the positive "
        -:  311:    "patterns and does not match any of the negative patterns.");
        -:  312:
        -:  313:GTEST_DEFINE_bool_(
        -:  314:    install_failure_signal_handler,
        -:  315:    testing::internal::BoolFromGTestEnv("install_failure_signal_handler",
        -:  316:                                        false),
        -:  317:    "If true and supported on the current platform, " GTEST_NAME_
        -:  318:    " should "
        -:  319:    "install a signal handler that dumps debugging information when fatal "
        -:  320:    "signals are raised.");
        -:  321:
        -:  322:GTEST_DEFINE_bool_(list_tests, false, "List all tests without running them.");
        -:  323:
        -:  324:// The net priority order after flag processing is thus:
        -:  325://   --gtest_output command line flag
        -:  326://   GTEST_OUTPUT environment variable
        -:  327://   XML_OUTPUT_FILE environment variable
        -:  328://   ''
        -:  329:GTEST_DEFINE_string_(
        -:  330:    output,
        -:  331:    testing::internal::StringFromGTestEnv(
        -:  332:        "output", testing::internal::OutputFlagAlsoCheckEnvVar().c_str()),
        -:  333:    "A format (defaults to \"xml\" but can be specified to be \"json\"), "
        -:  334:    "optionally followed by a colon and an output file name or directory. "
        -:  335:    "A directory is indicated by a trailing pathname separator. "
        -:  336:    "Examples: \"xml:filename.xml\", \"xml::directoryname/\". "
        -:  337:    "If a directory is specified, output files will be created "
        -:  338:    "within that directory, with file-names based on the test "
        -:  339:    "executable's name and, if necessary, made unique by adding "
        -:  340:    "digits.");
        -:  341:
        -:  342:GTEST_DEFINE_bool_(
        -:  343:    brief, testing::internal::BoolFromGTestEnv("brief", false),
        -:  344:    "True if only test failures should be displayed in text output.");
        -:  345:
        -:  346:GTEST_DEFINE_bool_(print_time,
        -:  347:                   testing::internal::BoolFromGTestEnv("print_time", true),
        -:  348:                   "True if and only if " GTEST_NAME_
        -:  349:                   " should display elapsed time in text output.");
        -:  350:
        -:  351:GTEST_DEFINE_bool_(print_utf8,
        -:  352:                   testing::internal::BoolFromGTestEnv("print_utf8", true),
        -:  353:                   "True if and only if " GTEST_NAME_
        -:  354:                   " prints UTF8 characters as text.");
        -:  355:
        -:  356:GTEST_DEFINE_int32_(
        -:  357:    random_seed, testing::internal::Int32FromGTestEnv("random_seed", 0),
        -:  358:    "Random number seed to use when shuffling test orders.  Must be in range "
        -:  359:    "[1, 99999], or 0 to use a seed based on the current time.");
        -:  360:
        -:  361:GTEST_DEFINE_int32_(
        -:  362:    repeat, testing::internal::Int32FromGTestEnv("repeat", 1),
        -:  363:    "How many times to repeat each test.  Specify a negative number "
        -:  364:    "for repeating forever.  Useful for shaking out flaky tests.");
        -:  365:
        -:  366:GTEST_DEFINE_bool_(
        -:  367:    recreate_environments_when_repeating,
        -:  368:    testing::internal::BoolFromGTestEnv("recreate_environments_when_repeating",
        -:  369:                                        false),
        -:  370:    "Controls whether global test environments are recreated for each repeat "
        -:  371:    "of the tests. If set to false the global test environments are only set "
        -:  372:    "up once, for the first iteration, and only torn down once, for the last. "
        -:  373:    "Useful for shaking out flaky tests with stable, expensive test "
        -:  374:    "environments. If --gtest_repeat is set to a negative number, meaning "
        -:  375:    "there is no last run, the environments will always be recreated to avoid "
        -:  376:    "leaks.");
        -:  377:
        -:  378:GTEST_DEFINE_bool_(show_internal_stack_frames, false,
        -:  379:                   "True if and only if " GTEST_NAME_
        -:  380:                   " should include internal stack frames when "
        -:  381:                   "printing test failure stack traces.");
        -:  382:
        -:  383:GTEST_DEFINE_bool_(shuffle,
        -:  384:                   testing::internal::BoolFromGTestEnv("shuffle", false),
        -:  385:                   "True if and only if " GTEST_NAME_
        -:  386:                   " should randomize tests' order on every run.");
        -:  387:
        -:  388:GTEST_DEFINE_int32_(
        -:  389:    stack_trace_depth,
        -:  390:    testing::internal::Int32FromGTestEnv("stack_trace_depth",
        -:  391:                                         testing::kMaxStackTraceDepth),
        -:  392:    "The maximum number of stack frames to print when an "
        -:  393:    "assertion fails.  The valid range is 0 through 100, inclusive.");
        -:  394:
        -:  395:GTEST_DEFINE_string_(
        -:  396:    stream_result_to,
        -:  397:    testing::internal::StringFromGTestEnv("stream_result_to", ""),
        -:  398:    "This flag specifies the host name and the port number on which to stream "
        -:  399:    "test results. Example: \"localhost:555\". The flag is effective only on "
        -:  400:    "Linux and macOS.");
        -:  401:
        -:  402:GTEST_DEFINE_bool_(
        -:  403:    throw_on_failure,
        -:  404:    testing::internal::BoolFromGTestEnv("throw_on_failure", false),
        -:  405:    "When this flag is specified, a failed assertion will throw an exception "
        -:  406:    "if exceptions are enabled or exit the program with a non-zero code "
        -:  407:    "otherwise. For use with an external test framework.");
        -:  408:
        -:  409:#if GTEST_USE_OWN_FLAGFILE_FLAG_
        -:  410:GTEST_DEFINE_string_(
        -:  411:    flagfile, testing::internal::StringFromGTestEnv("flagfile", ""),
        -:  412:    "This flag specifies the flagfile to read command-line flags from.");
        -:  413:#endif  // GTEST_USE_OWN_FLAGFILE_FLAG_
        -:  414:
        -:  415:namespace testing {
        -:  416:namespace internal {
        -:  417:
        -:  418:const uint32_t Random::kMaxRange;
        -:  419:
        -:  420:// Generates a random number from [0, range), using a Linear
        -:  421:// Congruential Generator (LCG).  Crashes if 'range' is 0 or greater
        -:  422:// than kMaxRange.
function _ZN7testing8internal6Random8GenerateEj called 0 returned 0% blocks executed 0%
    #####:  423:uint32_t Random::Generate(uint32_t range) {
        -:  424:  // These constants are the same as are used in glibc's rand(3).
        -:  425:  // Use wider types than necessary to prevent unsigned overflow diagnostics.
    #####:  426:  state_ = static_cast<uint32_t>(1103515245ULL * state_ + 12345U) % kMaxRange;
        -:  427:
    #####:  428:  GTEST_CHECK_(range > 0) << "Cannot generate a number in the range [0, 0).";
    %%%%%:  428-block  0
call    0 never executed
branch  1 never executed (fallthrough)
branch  2 never executed
    %%%%%:  428-block  1
call    3 never executed
branch  4 never executed (fallthrough)
branch  5 never executed (throw)
    %%%%%:  428-block  2
call    6 never executed
call    7 never executed
branch  8 never executed (fallthrough)
branch  9 never executed (throw)
    %%%%%:  428-block  3
call   10 never executed
branch 11 never executed (fallthrough)
branch 12 never executed (throw)
    %%%%%:  428-block  4
call   13 never executed
    $$$$$:  428-block  5
call   14 never executed
    $$$$$:  428-block  6
call   15 never executed
    #####:  429:  GTEST_CHECK_(range <= kMaxRange)
    %%%%%:  429-block  0
call    0 never executed
branch  1 never executed (fallthrough)
branch  2 never executed
    %%%%%:  429-block  1
call    3 never executed
branch  4 never executed (fallthrough)
branch  5 never executed (throw)
    %%%%%:  429-block  2
call    6 never executed
    %%%%%:  429-block  3
call    7 never executed
    $$$$$:  429-block  4
call    8 never executed
    #####:  430:      << "Generation of a number in [0, " << range << ") was requested, "
call    0 never executed
branch  1 never executed (fallthrough)
branch  2 never executed (throw)
    %%%%%:  430-block  0
call    3 never executed
branch  4 never executed (fallthrough)
branch  5 never executed (throw)
    %%%%%:  430-block  1
call    6 never executed
branch  7 never executed (fallthrough)
branch  8 never executed (throw)
    #####:  431:      << "but this can only generate numbers in [0, " << kMaxRange << ").";
    %%%%%:  431-block  0
call    0 never executed
branch  1 never executed (fallthrough)
branch  2 never executed (throw)
    %%%%%:  431-block  1
call    3 never executed
branch  4 never executed (fallthrough)
branch  5 never executed (throw)
    %%%%%:  431-block  2
call    6 never executed
branch  7 never executed (fallthrough)
branch  8 never executed (throw)
    %%%%%:  431-block  3
call    9 never executed
branch 10 never executed (fallthrough)
branch 11 never executed (throw)
        -:  432:
        -:  433:  // Converting via modulus introduces a bit of downward bias, but
        -:  434:  // it's simple, and a linear congruential generator isn't too good
        -:  435:  // to begin with.
    #####:  436:  return state_ % range;
    %%%%%:  436-block  0
    %%%%%:  436-block  1
        -:  437:}
        -:  438:
        -:  439:// GTestIsInitialized() returns true if and only if the user has initialized
        -:  440:// Google Test.  Useful for catching the user mistake of not initializing
        -:  441:// Google Test before calling RUN_ALL_TESTS().
function _ZN7testing8internalL18GTestIsInitializedEv called 2 returned 100% blocks executed 100%
        2:  442:static bool GTestIsInitialized() { return !GetArgvs().empty(); }
        2:  442-block  0
call    0 returned 2
branch  1 taken 2 (fallthrough)
branch  2 taken 0 (throw)
        2:  442-block  1
call    3 returned 2
        2:  442-block  2
call    4 returned 2
        2:  442-block  3
        -:  443:
        -:  444:// Iterates over a vector of TestSuites, keeping a running sum of the
        -:  445:// results of calling a given int-returning method on each.
        -:  446:// Returns the sum.
function _ZN7testing8internalL20SumOverTestSuiteListERKSt6vectorIPNS_9TestSuiteESaIS3_EEMS2_KFivE called 7 returned 100% blocks executed 91%
        7:  447:static int SumOverTestSuiteList(const std::vector<TestSuite*>& case_list,
        -:  448:                                int (TestSuite::*method)() const) {
        7:  449:  int sum = 0;
       28:  450:  for (size_t i = 0; i < case_list.size(); i++) {
        7:  450-block  0
       28:  450-block  1
call    0 returned 28
branch  1 taken 21
branch  2 taken 7 (fallthrough)
      21*:  451:    sum += (case_list[i]->*method)();
       21:  451-block  0
call    0 returned 21
branch  1 taken 0 (fallthrough)
branch  2 taken 21
    %%%%%:  451-block  1
       21:  451-block  2
       21:  451-block  3
call    3 returned 21
        -:  452:  }
        7:  453:  return sum;
        7:  453-block  0
        -:  454:}
        -:  455:
        -:  456:// Returns true if and only if the test suite passed.
function _ZN7testing8internalL15TestSuitePassedEPKNS_9TestSuiteE called 0 returned 0% blocks executed 0%
    #####:  457:static bool TestSuitePassed(const TestSuite* test_suite) {
    #####:  458:  return test_suite->should_run() && test_suite->Passed();
    %%%%%:  458-block  0
call    0 never executed
branch  1 never executed (fallthrough)
branch  2 never executed
    %%%%%:  458-block  1
call    3 never executed
branch  4 never executed (fallthrough)
branch  5 never executed
    %%%%%:  458-block  2
    %%%%%:  458-block  3
    %%%%%:  458-block  4
        -:  459:}
        -:  460:
        -:  461:// Returns true if and only if the test suite failed.
function _ZN7testing8internalL15TestSuiteFailedEPKNS_9TestSuiteE called 6 returned 100% blocks executed 88%
        6:  462:static bool TestSuiteFailed(const TestSuite* test_suite) {
       6*:  463:  return test_suite->should_run() && test_suite->Failed();
        6:  463-block  0
call    0 returned 6
branch  1 taken 6 (fallthrough)
branch  2 taken 0
        6:  463-block  1
call    3 returned 6
branch  4 taken 0 (fallthrough)
branch  5 taken 6
    %%%%%:  463-block  2
        6:  463-block  3
        6:  463-block  4
        -:  464:}
        -:  465:
        -:  466:// Returns true if and only if test_suite contains at least one test that
        -:  467:// should run.
function _ZN7testing8internalL18ShouldRunTestSuiteEPKNS_9TestSuiteE called 6 returned 100% blocks executed 100%
        6:  468:static bool ShouldRunTestSuite(const TestSuite* test_suite) {
        6:  469:  return test_suite->should_run();
        6:  469-block  0
call    0 returned 6
        -:  470:}
        -:  471:
        -:  472:namespace {
        -:  473:
        -:  474:// Returns true if test part results of type `type` should include a stack
        -:  475:// trace.
function _ZN7testing8internal12_GLOBAL__N_133ShouldEmitStackTraceForResultTypeENS_14TestPartResult4TypeE called 0 returned 0% blocks executed 0%
    #####:  476:bool ShouldEmitStackTraceForResultType(TestPartResult::Type type) {
        -:  477:  // Suppress emission of the stack trace for SUCCEED() since it likely never
        -:  478:  // requires investigation, and GTEST_SKIP() since skipping is an intentional
        -:  479:  // act by the developer rather than a failure requiring investigation.
    #####:  480:  return type != TestPartResult::kSuccess && type != TestPartResult::kSkip;
    %%%%%:  480-block  0
branch  0 never executed (fallthrough)
branch  1 never executed
    %%%%%:  480-block  1
branch  2 never executed (fallthrough)
branch  3 never executed
    %%%%%:  480-block  2
    %%%%%:  480-block  3
    %%%%%:  480-block  4
        -:  481:}
        -:  482:
        -:  483:}  // namespace
        -:  484:
        -:  485:// AssertHelper constructor.
function _ZN7testing8internal12AssertHelperC2ENS_14TestPartResult4TypeEPKciS5_ called 0 returned 0% blocks executed 0%
    #####:  486:AssertHelper::AssertHelper(TestPartResult::Type type, const char* file,
    #####:  487:                           int line, const char* message)
    #####:  488:    : data_(new AssertHelperData(type, file, line, message)) {}
    %%%%%:  488-block  0
call    0 never executed
call    1 never executed
branch  2 never executed (fallthrough)
branch  3 never executed (throw)
    %%%%%:  488-block  1
    $$$$$:  488-block  2
branch  4 never executed (fallthrough)
branch  5 never executed
    $$$$$:  488-block  3
call    6 never executed
        -:  489:
function _ZN7testing8internal12AssertHelperD2Ev called 0 returned 0% blocks executed 0%
    #####:  490:AssertHelper::~AssertHelper() { delete data_; }
    %%%%%:  490-block  0
branch  0 never executed (fallthrough)
branch  1 never executed
    %%%%%:  490-block  1
call    2 never executed
call    3 never executed
        -:  491:
        -:  492:// Message assignment, for assertion streaming support.
function _ZNK7testing8internal12AssertHelperaSERKNS_7MessageE called 0 returned 0% blocks executed 0%
    #####:  493:void AssertHelper::operator=(const Message& message) const {
    #####:  494:  UnitTest::GetInstance()->AddTestPartResult(
    %%%%%:  494-block  0
call    0 never executed
    #####:  495:      data_->type, data_->file, data_->line,
    %%%%%:  495-block  0
call    0 never executed
branch  1 never executed (fallthrough)
branch  2 never executed (throw)
    #####:  496:      AppendUserMessage(data_->message, message),
    %%%%%:  496-block  0
call    0 never executed
branch  1 never executed (fallthrough)
branch  2 never executed (throw)
    %%%%%:  496-block  1
call    3 never executed
    $$$$$:  496-block  2
call    4 never executed
    $$$$$:  496-block  3
    #####:  497:      ShouldEmitStackTraceForResultType(data_->type)
call    0 never executed
    #####:  498:          ? UnitTest::GetInstance()->impl()->CurrentOsStackTraceExceptTop(1)
branch  0 never executed (fallthrough)
branch  1 never executed
    %%%%%:  498-block  0
call    2 never executed
branch  3 never executed (fallthrough)
branch  4 never executed (throw)
    %%%%%:  498-block  1
call    5 never executed
call    6 never executed
branch  7 never executed (fallthrough)
branch  8 never executed (throw)
    %%%%%:  498-block  2
call    9 never executed
branch 10 never executed (fallthrough)
branch 11 never executed (throw)
call   12 never executed
branch 13 never executed (fallthrough)
branch 14 never executed
    $$$$$:  498-block  3
call   15 never executed
    $$$$$:  498-block  4
branch 16 never executed (fallthrough)
branch 17 never executed
    $$$$$:  498-block  5
        -:  499:          : ""
        -:  500:      // Skips the stack frame for this function itself.
        -:  501:  );  // NOLINT
    #####:  502:}
    %%%%%:  502-block  0
        -:  503:
        -:  504:namespace {
        -:  505:
        -:  506:// When TEST_P is found without a matching INSTANTIATE_TEST_SUITE_P
        -:  507:// to creates test cases for it, a synthetic test case is
        -:  508:// inserted to report ether an error or a log message.
        -:  509://
        -:  510:// This configuration bit will likely be removed at some point.
        -:  511:constexpr bool kErrorOnUninstantiatedParameterizedTest = true;
        -:  512:constexpr bool kErrorOnUninstantiatedTypeParameterizedTest = true;
        -:  513:
        -:  514:// A test that fails at a given file/line location with a given message.
        -:  515:class FailureTest : public Test {
        -:  516: public:
function _ZN7testing8internal12_GLOBAL__N_111FailureTestC2ERKNS0_12CodeLocationENSt7__cxx1112basic_stringIcSt11char_traitsIcESaIcEEEb called 0 returned 0% blocks executed 0%
    #####:  517:  explicit FailureTest(const CodeLocation& loc, std::string error_message,
        -:  518:                       bool as_error)
    #####:  519:      : loc_(loc),
    #####:  520:        error_message_(std::move(error_message)),
    %%%%%:  520-block  0
call    0 never executed
call    1 never executed
    #####:  521:        as_error_(as_error) {}
    %%%%%:  521-block  0
call    0 never executed
call    1 never executed
branch  2 never executed (fallthrough)
branch  3 never executed (throw)
    $$$$$:  521-block  1
call    4 never executed
        -:  522:
function _ZN7testing8internal12_GLOBAL__N_111FailureTest8TestBodyEv called 0 returned 0% blocks executed 0%
    #####:  523:  void TestBody() override {
    #####:  524:    if (as_error_) {
    %%%%%:  524-block  0
branch  0 never executed (fallthrough)
branch  1 never executed
    #####:  525:      AssertHelper(TestPartResult::kNonFatalFailure, loc_.file.c_str(),
call    0 never executed
branch  1 never executed (fallthrough)
branch  2 never executed (throw)
    %%%%%:  525-block  0
call    3 never executed
    $$$$$:  525-block  1
call    4 never executed
    $$$$$:  525-block  2
    #####:  526:                   loc_.line, "") = Message() << error_message_;
    %%%%%:  526-block  0
call    0 never executed
branch  1 never executed (fallthrough)
branch  2 never executed (throw)
    %%%%%:  526-block  1
call    3 never executed
branch  4 never executed (fallthrough)
branch  5 never executed (throw)
    %%%%%:  526-block  2
call    6 never executed
    %%%%%:  526-block  3
call    7 never executed
branch  8 never executed (fallthrough)
branch  9 never executed (throw)
call   10 never executed
    $$$$$:  526-block  4
call   11 never executed
        -:  527:    } else {
    #####:  528:      std::cout << error_message_ << std::endl;
    %%%%%:  528-block  0
call    0 never executed
call    1 never executed
        -:  529:    }
    #####:  530:  }
    %%%%%:  530-block  0
        -:  531:
        -:  532: private:
        -:  533:  const CodeLocation loc_;
        -:  534:  const std::string error_message_;
        -:  535:  const bool as_error_;
        -:  536:};
        -:  537:
        -:  538:}  // namespace
        -:  539:
function _ZN7testing8internal33GetIgnoredParameterizedTestSuitesB5cxx11Ev called 1 returned 100% blocks executed 100%
        1:  540:std::set<std::string>* GetIgnoredParameterizedTestSuites() {
        1:  541:  return UnitTest::GetInstance()->impl()->ignored_parameterized_test_suites();
        1:  541-block  0
call    0 returned 1
call    1 returned 1
call    2 returned 1
        -:  542:}
        -:  543:
        -:  544:// Add a given test_suit to the list of them allow to go un-instantiated.
function _ZN7testing8internal13MarkAsIgnoredC2EPKc called 0 returned 0% blocks executed 0%
    #####:  545:MarkAsIgnored::MarkAsIgnored(const char* test_suite) {
    #####:  546:  GetIgnoredParameterizedTestSuites()->insert(test_suite);
    %%%%%:  546-block  0
call    0 never executed
branch  1 never executed (fallthrough)
branch  2 never executed (throw)
    %%%%%:  546-block  1
    %%%%%:  546-block  2
call    3 never executed
branch  4 never executed (fallthrough)
branch  5 never executed (throw)
    %%%%%:  546-block  3
call    6 never executed
branch  7 never executed (fallthrough)
branch  8 never executed (throw)
    %%%%%:  546-block  4
call    9 never executed
    $$$$$:  546-block  5
call   10 never executed
    $$$$$:  546-block  6
    $$$$$:  546-block  7
    #####:  547:}
    %%%%%:  547-block  0
        -:  548:
        -:  549:// If this parameterized test suite has no instantiations (and that
        -:  550:// has not been marked as okay), emit a test case reporting that.
function _ZN7testing8internal23InsertSyntheticTestCaseERKNSt7__cxx1112basic_stringIcSt11char_traitsIcESaIcEEENS0_12CodeLocationEb called 0 returned 0% blocks executed 0%
    #####:  551:void InsertSyntheticTestCase(const std::string& name, CodeLocation location,
        -:  552:                             bool has_test_p) {
    #####:  553:  const auto& ignored = *GetIgnoredParameterizedTestSuites();
    %%%%%:  553-block  0
call    0 never executed
branch  1 never executed (fallthrough)
branch  2 never executed (throw)
    #####:  554:  if (ignored.find(name) != ignored.end()) return;
    %%%%%:  554-block  0
call    0 never executed
call    1 never executed
branch  2 never executed (fallthrough)
branch  3 never executed (throw)
    %%%%%:  554-block  1
call    4 never executed
branch  5 never executed (fallthrough)
branch  6 never executed
    %%%%%:  554-block  2
    %%%%%:  554-block  3
    $$$$$:  554-block  4
    $$$$$:  554-block  5
        -:  555:
    #####:  556:  const char kMissingInstantiation[] =  //
        -:  557:      " is defined via TEST_P, but never instantiated. None of the test "
        -:  558:      "cases "
        -:  559:      "will run. Either no INSTANTIATE_TEST_SUITE_P is provided or the only "
        -:  560:      "ones provided expand to nothing."
        -:  561:      "\n\n"
        -:  562:      "Ideally, TEST_P definitions should only ever be included as part of "
        -:  563:      "binaries that intend to use them. (As opposed to, for example, being "
        -:  564:      "placed in a library that may be linked in to get other utilities.)";
        -:  565:
    #####:  566:  const char kMissingTestCase[] =  //
        -:  567:      " is instantiated via INSTANTIATE_TEST_SUITE_P, but no tests are "
        -:  568:      "defined via TEST_P . No test cases will run."
        -:  569:      "\n\n"
        -:  570:      "Ideally, INSTANTIATE_TEST_SUITE_P should only ever be invoked from "
        -:  571:      "code that always depend on code that provides TEST_P. Failing to do "
        -:  572:      "so is often an indication of dead code, e.g. the last TEST_P was "
        -:  573:      "removed but the rest got left behind.";
        -:  574:
        -:  575:  std::string message =
    #####:  576:      "Parameterized test suite " + name +
    %%%%%:  576-block  0
branch  0 never executed (fallthrough)
branch  1 never executed
    %%%%%:  576-block  1
    %%%%%:  576-block  2
    %%%%%:  576-block  3
call    2 never executed
branch  3 never executed (fallthrough)
branch  4 never executed (throw)
    %%%%%:  576-block  4
call    5 never executed
branch  6 never executed (fallthrough)
branch  7 never executed (throw)
call    8 never executed
call    9 never executed
    $$$$$:  576-block  5
call   10 never executed
    $$$$$:  576-block  6
call   11 never executed
    $$$$$:  576-block  7
    $$$$$:  576-block  8
    #####:  577:      (has_test_p ? kMissingInstantiation : kMissingTestCase) +
    %%%%%:  577-block  0
call    0 never executed
branch  1 never executed (fallthrough)
branch  2 never executed (throw)
call    3 never executed
    $$$$$:  577-block  1
call    4 never executed
    $$$$$:  577-block  2
        -:  578:      "\n\n"
        -:  579:      "To suppress this error for this test suite, insert the following line "
        -:  580:      "(in a non-header) in the namespace it is defined in:"
        -:  581:      "\n\n"
    #####:  582:      "GTEST_ALLOW_UNINSTANTIATED_PARAMETERIZED_TEST(" +
    %%%%%:  582-block  0
call    0 never executed
branch  1 never executed (fallthrough)
branch  2 never executed (throw)
    %%%%%:  582-block  1
call    3 never executed
    $$$$$:  582-block  2
call    4 never executed
    $$$$$:  582-block  3
    #####:  583:      name + ");";
    %%%%%:  583-block  0
call    0 never executed
branch  1 never executed (fallthrough)
branch  2 never executed (throw)
        -:  584:
    #####:  585:  std::string full_name = "UninstantiatedParameterizedTestSuite<" + name + ">";
call    0 never executed
branch  1 never executed (fallthrough)
branch  2 never executed (throw)
    %%%%%:  585-block  0
call    3 never executed
branch  4 never executed (fallthrough)
branch  5 never executed (throw)
    %%%%%:  585-block  1
call    6 never executed
    $$$$$:  585-block  2
call    7 never executed
    $$$$$:  585-block  3
    #####:  586:  RegisterTest(  //
call    0 never executed
call    1 never executed
branch  2 never executed (fallthrough)
branch  3 never executed (throw)
        -:  587:      "GoogleTestVerification", full_name.c_str(),
        -:  588:      nullptr,  // No type parameter.
        -:  589:      nullptr,  // No value parameter.
function _ZZN7testing8internal23InsertSyntheticTestCaseERKNSt7__cxx1112basic_stringIcSt11char_traitsIcESaIcEEENS0_12CodeLocationEbENKUlvE_clEv called 0 returned 0% blocks executed 0%
    #####:  590:      location.file.c_str(), location.line, [message, location] {
call    0 never executed
branch  1 never executed (fallthrough)
branch  2 never executed (throw)
    %%%%%:  590-block  0
call    3 never executed
branch  4 never executed (fallthrough)
branch  5 never executed (throw)
    %%%%%:  590-block  1
call    6 never executed
    %%%%%:  590-block  2
call    7 never executed
    $$$$$:  590-block  3
call    8 never executed
    $$$$$:  590-block  4
branch  9 never executed (fallthrough)
branch 10 never executed
    $$$$$:  590-block  5
call   11 never executed
    $$$$$:  590-block  6
    #####:  591:        return new FailureTest(location, message,
    #####:  592:                               kErrorOnUninstantiatedParameterizedTest);
    %%%%%:  592-block  0
call    0 never executed
call    1 never executed
branch  2 never executed (fallthrough)
branch  3 never executed (throw)
    %%%%%:  592-block  1
call    4 never executed
branch  5 never executed (fallthrough)
branch  6 never executed (throw)
    %%%%%:  592-block  2
    %%%%%:  592-block  3
call    7 never executed
    %%%%%:  592-block  4
    $$$$$:  592-block  5
call    8 never executed
    $$$$$:  592-block  6
    $$$$$:  592-block  7
branch  9 never executed (fallthrough)
branch 10 never executed
    $$$$$:  592-block  8
call   11 never executed
        -:  593:      });
    #####:  594:}
call    0 never executed
call    1 never executed
    $$$$$:  594-block  0
call    2 never executed
    $$$$$:  594-block  1
call    3 never executed
        -:  595:
function _ZN7testing8internal34RegisterTypeParameterizedTestSuiteEPKcNS0_12CodeLocationE called 0 returned 0% blocks executed 0%
    #####:  596:void RegisterTypeParameterizedTestSuite(const char* test_suite_name,
        -:  597:                                        CodeLocation code_location) {
    #####:  598:  GetUnitTestImpl()->type_parameterized_test_registry().RegisterTestSuite(
    %%%%%:  598-block  0
call    0 never executed
call    1 never executed
call    2 never executed
call    3 never executed
branch  4 never executed (fallthrough)
branch  5 never executed (throw)
    %%%%%:  598-block  1
call    6 never executed
    $$$$$:  598-block  2
call    7 never executed
    #####:  599:      test_suite_name, std::move(code_location));
call    0 never executed
    #####:  600:}
        -:  601:
function _ZN7testing8internal47RegisterTypeParameterizedTestSuiteInstantiationEPKc called 0 returned 0% blocks executed 0%
    #####:  602:void RegisterTypeParameterizedTestSuiteInstantiation(const char* case_name) {
    #####:  603:  GetUnitTestImpl()->type_parameterized_test_registry().RegisterInstantiation(
    %%%%%:  603-block  0
call    0 never executed
call    1 never executed
call    2 never executed
        -:  604:      case_name);
    #####:  605:}
        -:  606:
function _ZN7testing8internal34TypeParameterizedTestSuiteRegistry17RegisterTestSuiteEPKcNS0_12CodeLocationE called 0 returned 0% blocks executed 0%
    #####:  607:void TypeParameterizedTestSuiteRegistry::RegisterTestSuite(
        -:  608:    const char* test_suite_name, CodeLocation code_location) {
    #####:  609:  suites_.emplace(std::string(test_suite_name),
    %%%%%:  609-block  0
call    0 never executed
branch  1 never executed (fallthrough)
branch  2 never executed (throw)
    %%%%%:  609-block  1
call    3 never executed
branch  4 never executed (fallthrough)
branch  5 never executed (throw)
    %%%%%:  609-block  2
call    6 never executed
    $$$$$:  609-block  3
call    7 never executed
    $$$$$:  609-block  4
    $$$$$:  609-block  5
    #####:  610:                  TypeParameterizedTestSuiteInfo(std::move(code_location)));
    %%%%%:  610-block  0
call    0 never executed
call    1 never executed
call    2 never executed
    %%%%%:  610-block  1
call    3 never executed
call    4 never executed
    $$$$$:  610-block  2
call    5 never executed
    $$$$$:  610-block  3
call    6 never executed
    $$$$$:  610-block  4
    $$$$$:  610-block  5
    #####:  611:}
        -:  612:
function _ZN7testing8internal34TypeParameterizedTestSuiteRegistry21RegisterInstantiationEPKc called 0 returned 0% blocks executed 0%
    #####:  613:void TypeParameterizedTestSuiteRegistry::RegisterInstantiation(
        -:  614:    const char* test_suite_name) {
    #####:  615:  auto it = suites_.find(std::string(test_suite_name));
    %%%%%:  615-block  0
    %%%%%:  615-block  1
call    0 never executed
branch  1 never executed (fallthrough)
branch  2 never executed (throw)
    %%%%%:  615-block  2
call    3 never executed
branch  4 never executed (fallthrough)
branch  5 never executed (throw)
    %%%%%:  615-block  3
call    6 never executed
    $$$$$:  615-block  4
call    7 never executed
    $$$$$:  615-block  5
    $$$$$:  615-block  6
    #####:  616:  if (it != suites_.end()) {
    %%%%%:  616-block  0
call    0 never executed
call    1 never executed
branch  2 never executed (fallthrough)
branch  3 never executed
    #####:  617:    it->second.instantiated = true;
    %%%%%:  617-block  0
call    0 never executed
        -:  618:  } else {
    #####:  619:    GTEST_LOG_(ERROR) << "Unknown type parameterized test suit '"
    %%%%%:  619-block  0
call    0 never executed
branch  1 never executed (fallthrough)
branch  2 never executed (throw)
    %%%%%:  619-block  1
call    3 never executed
    %%%%%:  619-block  2
call    4 never executed
    $$$$$:  619-block  3
call    5 never executed
    $$$$$:  619-block  4
    #####:  620:                      << test_suite_name << "'";
call    0 never executed
branch  1 never executed (fallthrough)
branch  2 never executed (throw)
    %%%%%:  620-block  0
call    3 never executed
branch  4 never executed (fallthrough)
branch  5 never executed (throw)
    %%%%%:  620-block  1
call    6 never executed
branch  7 never executed (fallthrough)
branch  8 never executed (throw)
        -:  621:  }
    #####:  622:}
    %%%%%:  622-block  0
        -:  623:
function _ZN7testing8internal34TypeParameterizedTestSuiteRegistry22CheckForInstantiationsEv called 1 returned 100% blocks executed 11%
        1:  624:void TypeParameterizedTestSuiteRegistry::CheckForInstantiations() {
        1:  625:  const auto& ignored = *GetIgnoredParameterizedTestSuites();
        1:  625-block  0
call    0 returned 1
       1*:  626:  for (const auto& testcase : suites_) {
call    0 returned 1
call    1 returned 1
    %%%%%:  626-block  0
call    2 never executed
    %%%%%:  626-block  1
call    3 never executed
        1:  626-block  2
call    4 returned 1
branch  5 taken 0
branch  6 taken 1 (fallthrough)
    #####:  627:    if (testcase.second.instantiated) continue;
branch  0 never executed (fallthrough)
branch  1 never executed
    %%%%%:  627-block  0
    %%%%%:  627-block  1
    #####:  628:    if (ignored.find(testcase.first) != ignored.end()) continue;
    %%%%%:  628-block  0
call    0 never executed
call    1 never executed
branch  2 never executed (fallthrough)
branch  3 never executed (throw)
    %%%%%:  628-block  1
call    4 never executed
branch  5 never executed (fallthrough)
branch  6 never executed
    %%%%%:  628-block  2
    $$$$$:  628-block  3
    $$$$$:  628-block  4
        -:  629:
        -:  630:    std::string message =
    #####:  631:        "Type parameterized test suite " + testcase.first +
    %%%%%:  631-block  0
call    0 never executed
branch  1 never executed (fallthrough)
branch  2 never executed (throw)
call    3 never executed
call    4 never executed
    $$$$$:  631-block  1
call    5 never executed
    $$$$$:  631-block  2
call    6 never executed
    $$$$$:  631-block  3
    $$$$$:  631-block  4
        -:  632:        " is defined via REGISTER_TYPED_TEST_SUITE_P, but never instantiated "
        -:  633:        "via INSTANTIATE_TYPED_TEST_SUITE_P. None of the test cases will run."
        -:  634:        "\n\n"
        -:  635:        "Ideally, TYPED_TEST_P definitions should only ever be included as "
        -:  636:        "part of binaries that intend to use them. (As opposed to, for "
        -:  637:        "example, being placed in a library that may be linked in to get "
        -:  638:        "other "
        -:  639:        "utilities.)"
        -:  640:        "\n\n"
        -:  641:        "To suppress this error for this test suite, insert the following "
        -:  642:        "line "
        -:  643:        "(in a non-header) in the namespace it is defined in:"
        -:  644:        "\n\n"
    #####:  645:        "GTEST_ALLOW_UNINSTANTIATED_PARAMETERIZED_TEST(" +
    %%%%%:  645-block  0
call    0 never executed
branch  1 never executed (fallthrough)
branch  2 never executed (throw)
    %%%%%:  645-block  1
call    3 never executed
    $$$$$:  645-block  2
call    4 never executed
    $$$$$:  645-block  3
    #####:  646:        testcase.first + ");";
    %%%%%:  646-block  0
call    0 never executed
branch  1 never executed (fallthrough)
branch  2 never executed (throw)
    %%%%%:  646-block  1
call    3 never executed
branch  4 never executed (fallthrough)
branch  5 never executed (throw)
        -:  647:
        -:  648:    std::string full_name =
    #####:  649:        "UninstantiatedTypeParameterizedTestSuite<" + testcase.first + ">";
call    0 never executed
branch  1 never executed (fallthrough)
branch  2 never executed (throw)
    %%%%%:  649-block  0
call    3 never executed
branch  4 never executed (fallthrough)
branch  5 never executed (throw)
    %%%%%:  649-block  1
call    6 never executed
    $$$$$:  649-block  2
call    7 never executed
    $$$$$:  649-block  3
    #####:  650:    RegisterTest(  //
call    0 never executed
call    1 never executed
branch  2 never executed (fallthrough)
branch  3 never executed (throw)
        -:  651:        "GoogleTestVerification", full_name.c_str(),
        -:  652:        nullptr,  // No type parameter.
        -:  653:        nullptr,  // No value parameter.
        -:  654:        testcase.second.code_location.file.c_str(),
function _ZZN7testing8internal34TypeParameterizedTestSuiteRegistry22CheckForInstantiationsEvENKUlvE_clEv called 0 returned 0% blocks executed 0%
    #####:  655:        testcase.second.code_location.line, [message, testcase] {
call    0 never executed
branch  1 never executed (fallthrough)
branch  2 never executed (throw)
    %%%%%:  655-block  0
call    3 never executed
branch  4 never executed (fallthrough)
branch  5 never executed (throw)
    %%%%%:  655-block  1
call    6 never executed
    %%%%%:  655-block  2
call    7 never executed
    $$$$$:  655-block  3
call    8 never executed
    $$$$$:  655-block  4
branch  9 never executed (fallthrough)
branch 10 never executed
    $$$$$:  655-block  5
call   11 never executed
    $$$$$:  655-block  6
    #####:  656:          return new FailureTest(testcase.second.code_location, message,
    #####:  657:                                 kErrorOnUninstantiatedTypeParameterizedTest);
    %%%%%:  657-block  0
call    0 never executed
call    1 never executed
branch  2 never executed (fallthrough)
branch  3 never executed (throw)
    %%%%%:  657-block  1
call    4 never executed
branch  5 never executed (fallthrough)
branch  6 never executed (throw)
    %%%%%:  657-block  2
    %%%%%:  657-block  3
call    7 never executed
    %%%%%:  657-block  4
    $$$$$:  657-block  5
call    8 never executed
    $$$$$:  657-block  6
    $$$$$:  657-block  7
branch  9 never executed (fallthrough)
branch 10 never executed
    $$$$$:  657-block  8
call   11 never executed
        -:  658:        });
    #####:  659:  }
call    0 never executed
call    1 never executed
    $$$$$:  659-block  0
call    2 never executed
    $$$$$:  659-block  1
call    3 never executed
        1:  660:}
        1:  660-block  0
        -:  661:
        -:  662:// A copy of all command line arguments.  Set by InitGoogleTest().
        -:  663:static ::std::vector<std::string> g_argvs;
        -:  664:
function _ZN7testing8internal8GetArgvsB5cxx11Ev called 2 returned 100% blocks executed 100%
        2:  665:::std::vector<std::string> GetArgvs() {
        -:  666:#if defined(GTEST_CUSTOM_GET_ARGVS_)
        -:  667:  // GTEST_CUSTOM_GET_ARGVS_() may return a container of std::string or
        -:  668:  // ::string. This code converts it to the appropriate type.
        -:  669:  const auto& custom = GTEST_CUSTOM_GET_ARGVS_();
        -:  670:  return ::std::vector<std::string>(custom.begin(), custom.end());
        -:  671:#else   // defined(GTEST_CUSTOM_GET_ARGVS_)
        2:  672:  return g_argvs;
        2:  672-block  0
call    0 returned 2
        -:  673:#endif  // defined(GTEST_CUSTOM_GET_ARGVS_)
        -:  674:}
        -:  675:
        -:  676:#if GTEST_HAS_FILE_SYSTEM
        -:  677:// Returns the current application's name, removing directory path if that
        -:  678:// is present.
function _ZN7testing8internal24GetCurrentExecutableNameEv called 0 returned 0% blocks executed 0%
    #####:  679:FilePath GetCurrentExecutableName() {
    #####:  680:  FilePath result;
    %%%%%:  680-block  0
call    0 never executed
branch  1 never executed (fallthrough)
branch  2 never executed (throw)
        -:  681:
    #####:  682:  auto args = GetArgvs();
    %%%%%:  682-block  0
call    0 never executed
branch  1 never executed (fallthrough)
branch  2 never executed (throw)
    #####:  683:  if (!args.empty()) {
    %%%%%:  683-block  0
call    0 never executed
branch  1 never executed (fallthrough)
branch  2 never executed
        -:  684:#if defined(GTEST_OS_WINDOWS) || defined(GTEST_OS_OS2)
    #####:  685:    result.Set(FilePath(args[0]).RemoveExtension("exe"));
    %%%%%:  685-block  0
call    0 never executed
call    1 never executed
branch  2 never executed (fallthrough)
branch  3 never executed (throw)
    %%%%%:  685-block  1
call    4 never executed
branch  5 never executed (fallthrough)
branch  6 never executed (throw)
    %%%%%:  685-block  2
call    7 never executed
branch  8 never executed (fallthrough)
branch  9 never executed (throw)
    %%%%%:  685-block  3
call   10 never executed
branch 11 never executed (fallthrough)
branch 12 never executed (throw)
    %%%%%:  685-block  4
call   13 never executed
call   14 never executed
call   15 never executed
    $$$$$:  685-block  5
call   16 never executed
    $$$$$:  685-block  6
call   17 never executed
    $$$$$:  685-block  7
call   18 never executed
    $$$$$:  685-block  8
    $$$$$:  685-block  9
    $$$$$:  685-block 10
        -:  686:#else
        -:  687:    result.Set(FilePath(args[0]));
        -:  688:#endif  // GTEST_OS_WINDOWS
        -:  689:  }
        -:  690:
    #####:  691:  return result.RemoveDirectoryName();
    %%%%%:  691-block  0
call    0 never executed
branch  1 never executed (fallthrough)
branch  2 never executed (throw)
    %%%%%:  691-block  1
    #####:  692:}
    %%%%%:  692-block  0
call    0 never executed
call    1 never executed
    $$$$$:  692-block  1
call    2 never executed
    $$$$$:  692-block  2
call    3 never executed
        -:  693:#endif  // GTEST_HAS_FILE_SYSTEM
        -:  694:
        -:  695:// Functions for processing the gtest_output flag.
        -:  696:
        -:  697:// Returns the output format, or "" for normal printed output.
function _ZN7testing8internal15UnitTestOptions15GetOutputFormatB5cxx11Ev called 1 returned 100% blocks executed 45%
        1:  698:std::string UnitTestOptions::GetOutputFormat() {
        1:  699:  std::string s = GTEST_FLAG_GET(output);
        1:  699-block  0
call    0 returned 1
branch  1 taken 1 (fallthrough)
branch  2 taken 0 (throw)
        1:  700:  const char* const gtest_output_flag = s.c_str();
        1:  700-block  0
call    0 returned 1
        1:  701:  const char* const colon = strchr(gtest_output_flag, ':');
        -:  702:  return (colon == nullptr)
        1:  703:             ? std::string(gtest_output_flag)
        -:  704:             : std::string(gtest_output_flag,
       3*:  705:                           static_cast<size_t>(colon - gtest_output_flag));
branch  0 taken 1 (fallthrough)
branch  1 taken 0
        1:  705-block  0
call    2 returned 1
branch  3 taken 1 (fallthrough)
branch  4 taken 0 (throw)
    %%%%%:  705-block  1
call    5 never executed
branch  6 never executed (fallthrough)
branch  7 never executed (throw)
        1:  705-block  2
branch  8 taken 0 (fallthrough)
branch  9 taken 1
        1:  705-block  3
branch 10 taken 1 (fallthrough)
branch 11 taken 0
        1:  705-block  4
    $$$$$:  705-block  5
branch 12 never executed (fallthrough)
branch 13 never executed
    $$$$$:  705-block  6
    $$$$$:  705-block  7
branch 14 never executed (fallthrough)
branch 15 never executed
    $$$$$:  705-block  8
        1:  706:}
        1:  706-block  0
call    0 returned 1
    $$$$$:  706-block  1
call    1 never executed
        -:  707:
        -:  708:#if GTEST_HAS_FILE_SYSTEM
        -:  709:// Returns the name of the requested output file, or the default if none
        -:  710:// was explicitly specified.
function _ZN7testing8internal15UnitTestOptions27GetAbsolutePathToOutputFileB5cxx11Ev called 0 returned 0% blocks executed 0%
    #####:  711:std::string UnitTestOptions::GetAbsolutePathToOutputFile() {
    #####:  712:  std::string s = GTEST_FLAG_GET(output);
    %%%%%:  712-block  0
call    0 never executed
branch  1 never executed (fallthrough)
branch  2 never executed (throw)
    #####:  713:  const char* const gtest_output_flag = s.c_str();
    %%%%%:  713-block  0
call    0 never executed
        -:  714:
    #####:  715:  std::string format = GetOutputFormat();
call    0 never executed
branch  1 never executed (fallthrough)
branch  2 never executed (throw)
    #####:  716:  if (format.empty()) format = kDefaultOutputFormat;
    %%%%%:  716-block  0
call    0 never executed
branch  1 never executed (fallthrough)
branch  2 never executed
    %%%%%:  716-block  1
call    3 never executed
branch  4 never executed (fallthrough)
branch  5 never executed (throw)
        -:  717:
    #####:  718:  const char* const colon = strchr(gtest_output_flag, ':');
    #####:  719:  if (colon == nullptr)
    %%%%%:  719-block  0
branch  0 never executed (fallthrough)
branch  1 never executed
    #####:  720:    return internal::FilePath::MakeFileName(
    %%%%%:  720-block  0
call    0 never executed
    %%%%%:  720-block  1
call    1 never executed
branch  2 never executed (fallthrough)
branch  3 never executed (throw)
    %%%%%:  720-block  2
call    4 never executed
    $$$$$:  720-block  3
call    5 never executed
    $$$$$:  720-block  4
    #####:  721:               internal::FilePath(
    %%%%%:  721-block  0
call    0 never executed
branch  1 never executed (fallthrough)
branch  2 never executed (throw)
    %%%%%:  721-block  1
call    3 never executed
call    4 never executed
branch  5 never executed (fallthrough)
branch  6 never executed (throw)
    %%%%%:  721-block  2
call    7 never executed
branch  8 never executed (fallthrough)
branch  9 never executed (throw)
call   10 never executed
call   11 never executed
    $$$$$:  721-block  3
call   12 never executed
    $$$$$:  721-block  4
call   13 never executed
    $$$$$:  721-block  5
    $$$$$:  721-block  6
    $$$$$:  721-block  7
        -:  722:                   UnitTest::GetInstance()->original_working_dir()),
    #####:  723:               internal::FilePath(kDefaultOutputFile), 0, format.c_str())
    %%%%%:  723-block  0
call    0 never executed
branch  1 never executed (fallthrough)
branch  2 never executed (throw)
    %%%%%:  723-block  1
call    3 never executed
branch  4 never executed (fallthrough)
branch  5 never executed (throw)
    %%%%%:  723-block  2
call    6 never executed
call    7 never executed
    %%%%%:  723-block  3
    $$$$$:  723-block  4
call    8 never executed
    $$$$$:  723-block  5
call    9 never executed
    $$$$$:  723-block  6
    $$$$$:  723-block  7
    $$$$$:  723-block  8
    #####:  724:        .string();
    %%%%%:  724-block  0
call    0 never executed
call    1 never executed
branch  2 never executed (fallthrough)
branch  3 never executed (throw)
    %%%%%:  724-block  1
        -:  725:
    #####:  726:  internal::FilePath output_name(colon + 1);
    %%%%%:  726-block  0
call    0 never executed
branch  1 never executed (fallthrough)
branch  2 never executed (throw)
    %%%%%:  726-block  1
call    3 never executed
branch  4 never executed (fallthrough)
branch  5 never executed (throw)
    %%%%%:  726-block  2
call    6 never executed
    $$$$$:  726-block  3
call    7 never executed
    $$$$$:  726-block  4
    $$$$$:  726-block  5
    #####:  727:  if (!output_name.IsAbsolutePath())
    %%%%%:  727-block  0
call    0 never executed
branch  1 never executed (fallthrough)
branch  2 never executed
    #####:  728:    output_name = internal::FilePath::ConcatPaths(
    %%%%%:  728-block  0
call    0 never executed
branch  1 never executed (fallthrough)
branch  2 never executed (throw)
call    3 never executed
    $$$$$:  728-block  1
    #####:  729:        internal::FilePath(UnitTest::GetInstance()->original_working_dir()),
    %%%%%:  729-block  0
call    0 never executed
branch  1 never executed (fallthrough)
branch  2 never executed (throw)
    %%%%%:  729-block  1
call    3 never executed
call    4 never executed
branch  5 never executed (fallthrough)
branch  6 never executed (throw)
    %%%%%:  729-block  2
call    7 never executed
branch  8 never executed (fallthrough)
branch  9 never executed (throw)
call   10 never executed
call   11 never executed
    $$$$$:  729-block  3
call   12 never executed
    $$$$$:  729-block  4
call   13 never executed
    $$$$$:  729-block  5
    $$$$$:  729-block  6
    $$$$$:  729-block  7
    #####:  730:        internal::FilePath(colon + 1));
    %%%%%:  730-block  0
call    0 never executed
branch  1 never executed (fallthrough)
branch  2 never executed (throw)
    %%%%%:  730-block  1
call    3 never executed
branch  4 never executed (fallthrough)
branch  5 never executed (throw)
    %%%%%:  730-block  2
call    6 never executed
    %%%%%:  730-block  3
call    7 never executed
call    8 never executed
    %%%%%:  730-block  4
    $$$$$:  730-block  5
call    9 never executed
    $$$$$:  730-block  6
call   10 never executed
    $$$$$:  730-block  7
    $$$$$:  730-block  8
    $$$$$:  730-block  9
        -:  731:
    #####:  732:  if (!output_name.IsDirectory()) return output_name.string();
    %%%%%:  732-block  0
call    0 never executed
branch  1 never executed (fallthrough)
branch  2 never executed
    %%%%%:  732-block  1
call    3 never executed
call    4 never executed
branch  5 never executed (fallthrough)
branch  6 never executed (throw)
    %%%%%:  732-block  2
        -:  733:
        -:  734:  internal::FilePath result(internal::FilePath::GenerateUniqueFileName(
    #####:  735:      output_name, internal::GetCurrentExecutableName(),
call    0 never executed
branch  1 never executed (fallthrough)
branch  2 never executed (throw)
    %%%%%:  735-block  0
call    3 never executed
    $$$$$:  735-block  1
call    4 never executed
    $$$$$:  735-block  2
    #####:  736:      GetOutputFormat().c_str()));
    %%%%%:  736-block  0
call    0 never executed
branch  1 never executed (fallthrough)
branch  2 never executed (throw)
    %%%%%:  736-block  1
call    3 never executed
    %%%%%:  736-block  2
call    4 never executed
branch  5 never executed (fallthrough)
branch  6 never executed (throw)
call    7 never executed
    $$$$$:  736-block  3
call    8 never executed
    $$$$$:  736-block  4
    #####:  737:  return result.string();
call    0 never executed
call    1 never executed
branch  2 never executed (fallthrough)
branch  3 never executed (throw)
    %%%%%:  737-block  0
    #####:  738:}
    %%%%%:  738-block  0
call    0 never executed
    %%%%%:  738-block  1
call    1 never executed
    %%%%%:  738-block  2
call    2 never executed
call    3 never executed
    $$$$$:  738-block  3
call    4 never executed
    $$$$$:  738-block  4
call    5 never executed
    $$$$$:  738-block  5
call    6 never executed
    $$$$$:  738-block  6
call    7 never executed
        -:  739:#endif  // GTEST_HAS_FILE_SYSTEM
        -:  740:
        -:  741:// Returns true if and only if the wildcard pattern matches the string. Each
        -:  742:// pattern consists of regular characters, single-character wildcards (?), and
        -:  743:// multi-character wildcards (*).
        -:  744://
        -:  745:// This function implements a linear-time string globbing algorithm based on
        -:  746:// https://research.swtch.com/glob.
function _ZN7testing8internalL20PatternMatchesStringERKNSt7__cxx1112basic_stringIcSt11char_traitsIcESaIcEEEPKcSA_ called 297 returned 100% blocks executed 87%
      297:  747:static bool PatternMatchesString(const std::string& name_str,
        -:  748:                                 const char* pattern, const char* pattern_end) {
      297:  749:  const char* name = name_str.c_str();
      297:  749-block  0
call    0 returned 297
      297:  750:  const char* const name_begin = name;
      297:  751:  const char* const name_end = name + name_str.size();
call    0 returned 297
        -:  752:
      297:  753:  const char* pattern_next = pattern;
      297:  754:  const char* name_next = name;
        -:  755:
     9628:  756:  while (pattern < pattern_end || name < name_end) {
     9628:  756-block  0
branch  0 taken 7259
branch  1 taken 2369 (fallthrough)
     2369:  756-block  1
branch  2 taken 2310
branch  3 taken 59 (fallthrough)
     9569:  757:    if (pattern < pattern_end) {
     9569:  757-block  0
branch  0 taken 7259 (fallthrough)
branch  1 taken 2310
     7259:  758:      switch (*pattern) {
     7259:  758-block  0
branch  0 taken 2504
branch  1 taken 0
branch  2 taken 4755
     2504:  759:        default:  // Match an ordinary character.
     2504:  760:          if (name < name_end && *name == *pattern) {
     2504:  760-block  0
branch  0 taken 2382 (fallthrough)
branch  1 taken 122
     2382:  760-block  1
branch  2 taken 2 (fallthrough)
branch  3 taken 2380
        2:  761:            ++pattern;
        2:  762:            ++name;
        2:  763:            continue;
        2:  763-block  0
        -:  764:          }
     2502:  765:          break;
     2502:  765-block  0
    #####:  766:        case '?':  // Match any single character.
    #####:  767:          if (name < name_end) {
    %%%%%:  767-block  0
branch  0 never executed (fallthrough)
branch  1 never executed
    #####:  768:            ++pattern;
    #####:  769:            ++name;
    #####:  770:            continue;
    %%%%%:  770-block  0
        -:  771:          }
    #####:  772:          break;
    %%%%%:  772-block  0
     4755:  773:        case '*':
        -:  774:          // Match zero or more characters. Start by skipping over the wildcard
        -:  775:          // and matching zero characters from name. If that fails, restart and
        -:  776:          // match one more character than the last attempt.
     4755:  777:          pattern_next = pattern;
     4755:  778:          name_next = name + 1;
     4755:  779:          ++pattern;
     4755:  780:          continue;
     4755:  780-block  0
        -:  781:      }
        -:  782:    }
        -:  783:    // Failed to match a character. Restart if possible.
     4812:  784:    if (name_begin < name_next && name_next <= name_end) {
     4812:  784-block  0
branch  0 taken 4696 (fallthrough)
branch  1 taken 116
     4696:  784-block  1
branch  2 taken 4574 (fallthrough)
branch  3 taken 122
     4574:  785:      pattern = pattern_next;
     4574:  786:      name = name_next;
     4574:  787:      continue;
     4574:  787-block  0
        -:  788:    }
      238:  789:    return false;
      238:  789-block  0
        -:  790:  }
       59:  791:  return true;
       59:  791-block  0
        -:  792:}
        -:  793:
        -:  794:namespace {
        -:  795:
function _ZN7testing8internal12_GLOBAL__N_113IsGlobPatternERKNSt7__cxx1112basic_stringIcSt11char_traitsIcESaIcEEE called 10 returned 100% blocks executed 100%
       10:  796:bool IsGlobPattern(const std::string& pattern) {
       10:  797:  return std::any_of(pattern.begin(), pattern.end(),
       10:  797-block  0
call    0 returned 10
call    1 returned 10
call    2 returned 10
function _ZZN7testing8internal12_GLOBAL__N_113IsGlobPatternERKNSt7__cxx1112basic_stringIcSt11char_traitsIcESaIcEEEENKUlcE_clEc called 19 returned 100% blocks executed 100%
       29:  798:                     [](const char c) { return c == '?' || c == '*'; });
       19:  798-block  0
branch  0 taken 19 (fallthrough)
branch  1 taken 0
       19:  798-block  1
branch  2 taken 10 (fallthrough)
branch  3 taken 9
       10:  798-block  2
        9:  798-block  3
       19:  798-block  4
        -:  799:}
        -:  800:
        -:  801:class UnitTestFilter {
        -:  802: public:
function _ZN7testing8internal12_GLOBAL__N_114UnitTestFilterC2Ev called 4 returned 100% blocks executed 100%
        4:  803:  UnitTestFilter() = default;
        4:  803-block  0
call    0 returned 4
call    1 returned 4
        -:  804:
        -:  805:  // Constructs a filter from a string of patterns separated by `:`.
function _ZN7testing8internal12_GLOBAL__N_114UnitTestFilterC2ERKNSt7__cxx1112basic_stringIcSt11char_traitsIcESaIcEEE called 6 returned 100% blocks executed 76%
        6:  806:  explicit UnitTestFilter(const std::string& filter) {
        6:  806-block  0
call    0 returned 6
call    1 returned 6
        -:  807:    // By design "" filter matches "" string.
        6:  808:    std::vector<std::string> all_patterns;
        6:  809:    SplitString(filter, ':', &all_patterns);
call    0 returned 6
branch  1 taken 6 (fallthrough)
branch  2 taken 0 (throw)
        6:  810:    const auto exact_match_patterns_begin = std::partition(
        6:  810-block  0
call    0 returned 6
call    1 returned 6
call    2 returned 6
branch  3 taken 6 (fallthrough)
branch  4 taken 0 (throw)
        -:  811:        all_patterns.begin(), all_patterns.end(), &IsGlobPattern);
        -:  812:
       12:  813:    glob_patterns_.reserve(static_cast<size_t>(
       12:  814:        std::distance(all_patterns.begin(), exact_match_patterns_begin)));
        6:  814-block  0
call    0 returned 6
        6:  814-block  1
call    1 returned 6
branch  2 taken 6 (fallthrough)
branch  3 taken 0 (throw)
       12:  815:    std::move(all_patterns.begin(), exact_match_patterns_begin,
        6:  815-block  0
call    0 returned 6
        6:  815-block  1
call    1 returned 6
call    2 returned 6
branch  3 taken 6 (fallthrough)
branch  4 taken 0 (throw)
    $$$$$:  815-block  2
        6:  816:              std::inserter(glob_patterns_, glob_patterns_.begin()));
call    0 returned 6
branch  1 taken 6 (fallthrough)
branch  2 taken 0 (throw)
       12:  817:    std::move(
        6:  817-block  0
call    0 returned 6
        6:  817-block  1
call    1 returned 6
call    2 returned 6
branch  3 taken 6 (fallthrough)
branch  4 taken 0 (throw)
    $$$$$:  817-block  2
        -:  818:        exact_match_patterns_begin, all_patterns.end(),
        6:  819:        std::inserter(exact_match_patterns_, exact_match_patterns_.begin()));
call    0 returned 6
branch  1 taken 6 (fallthrough)
branch  2 taken 0 (throw)
        6:  820:  }
        6:  820-block  0
call    0 returned 6
    $$$$$:  820-block  1
call    1 never executed
    $$$$$:  820-block  2
call    2 never executed
    $$$$$:  820-block  3
call    3 never executed
        -:  821:
        -:  822:  // Returns true if and only if name matches at least one of the patterns in
        -:  823:  // the filter.
function _ZNK7testing8internal12_GLOBAL__N_114UnitTestFilter11MatchesNameERKNSt7__cxx1112basic_stringIcSt11char_traitsIcESaIcEEE called 237 returned 100% blocks executed 93%
      237:  824:  bool MatchesName(const std::string& name) const {
      474:  825:    return exact_match_patterns_.find(name) != exact_match_patterns_.end() ||
      237:  825-block  0
call    0 returned 237
call    1 returned 237
branch  2 taken 237 (fallthrough)
branch  3 taken 0 (throw)
      237:  825-block  1
call    4 returned 237
branch  5 taken 237 (fallthrough)
branch  6 taken 0
       59:  825-block  2
      178:  825-block  3
    $$$$$:  825-block  4
      237:  826:           std::any_of(glob_patterns_.begin(), glob_patterns_.end(),
      237:  826-block  0
call    0 returned 237
call    1 returned 237
call    2 returned 237
branch  3 taken 237 (fallthrough)
branch  4 taken 0 (throw)
      237:  826-block  1
branch  5 taken 59 (fallthrough)
branch  6 taken 178
function _ZZNK7testing8internal12_GLOBAL__N_114UnitTestFilter11MatchesNameERKNSt7__cxx1112basic_stringIcSt11char_traitsIcESaIcEEEENKUlSA_E_clESA_ called 297 returned 100% blocks executed 100%
      297:  827:                       [&name](const std::string& pattern) {
      297:  828:                         return PatternMatchesString(
call    0 returned 297
call    1 returned 297
        -:  829:                             name, pattern.c_str(),
      594:  830:                             pattern.c_str() + pattern.size());
      297:  830-block  0
call    0 returned 297
call    1 returned 297
      237:  831:                       });
      237:  831-block  0
      237:  831-block  1
        -:  832:  }
        -:  833:
        -:  834: private:
        -:  835:  std::vector<std::string> glob_patterns_;
        -:  836:  std::unordered_set<std::string> exact_match_patterns_;
        -:  837:};
        -:  838:
        -:  839:class PositiveAndNegativeUnitTestFilter {
        -:  840: public:
        -:  841:  // Constructs a positive and a negative filter from a string. The string
        -:  842:  // contains a positive filter optionally followed by a '-' character and a
        -:  843:  // negative filter. In case only a negative filter is provided the positive
        -:  844:  // filter will be assumed "*".
        -:  845:  // A filter is a list of patterns separated by ':'.
function _ZN7testing8internal12_GLOBAL__N_133PositiveAndNegativeUnitTestFilterC2ERKNSt7__cxx1112basic_stringIcSt11char_traitsIcESaIcEEE called 2 returned 100% blocks executed 19%
        2:  846:  explicit PositiveAndNegativeUnitTestFilter(const std::string& filter) {
        2:  846-block  0
call    0 returned 2
call    1 returned 2
        2:  847:    std::vector<std::string> positive_and_negative_filters;
        -:  848:
        -:  849:    // NOTE: `SplitString` always returns a non-empty container.
        2:  850:    SplitString(filter, '-', &positive_and_negative_filters);
call    0 returned 2
branch  1 taken 2 (fallthrough)
branch  2 taken 0 (throw)
        2:  851:    const auto& positive_filter = positive_and_negative_filters.front();
        2:  851-block  0
call    0 returned 2
        -:  852:
        2:  853:    if (positive_and_negative_filters.size() > 1) {
call    0 returned 2
branch  1 taken 0 (fallthrough)
branch  2 taken 2
[...]
        -: 6887:  absl::ParseAbseilFlagsOnly(*argc, argv, positional_args, unrecognized_flags);
        -: 6888:  absl::flat_hash_set<absl::string_view> unrecognized;
        -: 6889:  for (const auto& flag : unrecognized_flags) {
        -: 6890:    unrecognized.insert(flag.flag_name);
        -: 6891:  }
        -: 6892:  absl::flat_hash_set<char*> positional;
        -: 6893:  for (const auto& arg : positional_args) {
        -: 6894:    positional.insert(arg);
        -: 6895:  }
        -: 6896:
        -: 6897:  int out_pos = 1;
        -: 6898:  int in_pos = 1;
        -: 6899:  for (; in_pos < *argc; ++in_pos) {
        -: 6900:    char* arg = argv[in_pos];
        -: 6901:    absl::string_view arg_str(arg);
        -: 6902:    if (absl::ConsumePrefix(&arg_str, "--")) {
        -: 6903:      // Flag-like argument. If the flag was unrecognized, keep it.
        -: 6904:      // If it was a GoogleTest flag, remove it.
        -: 6905:      if (unrecognized.contains(arg_str)) {
        -: 6906:        argv[out_pos++] = argv[in_pos];
        -: 6907:        continue;
        -: 6908:      }
        -: 6909:    }
        -: 6910:
        -: 6911:    if (arg_str.empty()) {
        -: 6912:      ++in_pos;
        -: 6913:      break;  // '--' indicates that the rest of the arguments are positional
        -: 6914:    }
        -: 6915:
        -: 6916:    // Probably a positional argument. If it is in fact positional, keep it.
        -: 6917:    // If it was a value for the flag argument, remove it.
        -: 6918:    if (positional.contains(arg)) {
        -: 6919:      argv[out_pos++] = arg;
        -: 6920:    }
        -: 6921:  }
        -: 6922:
        -: 6923:  // The rest are positional args for sure.
        -: 6924:  while (in_pos < *argc) {
        -: 6925:    argv[out_pos++] = argv[in_pos++];
        -: 6926:  }
        -: 6927:
        -: 6928:  *argc = out_pos;
        -: 6929:  argv[out_pos] = nullptr;
        -: 6930:#else
        1: 6931:  ParseGoogleTestFlagsOnlyImpl(argc, argv);
        1: 6931-block  0
call    0 returned 1
        -: 6932:#endif
        -: 6933:
        -: 6934:  // Fix the value of *_NSGetArgc() on macOS, but if and only if
        -: 6935:  // *_NSGetArgv() == argv
        -: 6936:  // Only applicable to char** version of argv
        -: 6937:#ifdef GTEST_OS_MAC
        -: 6938:#ifndef GTEST_OS_IOS
        -: 6939:  if (*_NSGetArgv() == argv) {
        -: 6940:    *_NSGetArgc() = *argc;
        -: 6941:  }
        -: 6942:#endif
        -: 6943:#endif
        1: 6944:}
function _ZN7testing8internal24ParseGoogleTestFlagsOnlyEPiPPw called 0 returned 0% blocks executed 0%
    #####: 6945:void ParseGoogleTestFlagsOnly(int* argc, wchar_t** argv) {
    #####: 6946:  ParseGoogleTestFlagsOnlyImpl(argc, argv);
    %%%%%: 6946-block  0
call    0 never executed
    #####: 6947:}
        -: 6948:
        -: 6949:// The internal implementation of InitGoogleTest().
        -: 6950://
        -: 6951:// The type parameter CharType can be instantiated to either char or
        -: 6952:// wchar_t.
        -: 6953:template <typename CharType>
       1*: 6954:void InitGoogleTestImpl(int* argc, CharType** argv) {
        -: 6955:  // We don't want to run the initialization code twice.
       1*: 6956:  if (GTestIsInitialized()) return;
        -: 6957:
       1*: 6958:  if (*argc <= 0) return;
        -: 6959:
       1*: 6960:  g_argvs.clear();
       3*: 6961:  for (int i = 0; i != *argc; i++) {
       2*: 6962:    g_argvs.push_back(StreamableToString(argv[i]));
        -: 6963:  }
        -: 6964:
        -: 6965:#ifdef GTEST_HAS_ABSL
        -: 6966:  absl::InitializeSymbolizer(g_argvs[0].c_str());
        -: 6967:
        -: 6968:#ifdef GTEST_HAS_ABSL_FLAGS
        -: 6969:  // When using the Abseil Flags library, set the program usage message to the
        -: 6970:  // help message, but remove the color-encoding from the message first.
        -: 6971:  absl::SetProgramUsageMessage(absl::StrReplaceAll(
        -: 6972:      kColorEncodedHelpMessage,
        -: 6973:      {{"@D", ""}, {"@R", ""}, {"@G", ""}, {"@Y", ""}, {"@@", "@"}}));
        -: 6974:#endif  // GTEST_HAS_ABSL_FLAGS
        -: 6975:#endif  // GTEST_HAS_ABSL
        -: 6976:
       1*: 6977:  ParseGoogleTestFlagsOnly(argc, argv);
       1*: 6978:  GetUnitTestImpl()->PostFlagParsingInit();
        -: 6979:}
------------------
_ZN7testing8internal18InitGoogleTestImplIwEEvPiPPT_:
function _ZN7testing8internal18InitGoogleTestImplIwEEvPiPPT_ called 0 returned 0% blocks executed 0%
    #####: 6954:void InitGoogleTestImpl(int* argc, CharType** argv) {
        -: 6955:  // We don't want to run the initialization code twice.
    #####: 6956:  if (GTestIsInitialized()) return;
    %%%%%: 6956-block  0
call    0 never executed
branch  1 never executed (fallthrough)
branch  2 never executed
    %%%%%: 6956-block  1
        -: 6957:
    #####: 6958:  if (*argc <= 0) return;
    %%%%%: 6958-block  0
branch  0 never executed (fallthrough)
branch  1 never executed
    %%%%%: 6958-block  1
        -: 6959:
    #####: 6960:  g_argvs.clear();
    %%%%%: 6960-block  0
call    0 never executed
    #####: 6961:  for (int i = 0; i != *argc; i++) {
    %%%%%: 6961-block  0
branch  0 never executed
branch  1 never executed (fallthrough)
    #####: 6962:    g_argvs.push_back(StreamableToString(argv[i]));
    %%%%%: 6962-block  0
call    0 never executed
branch  1 never executed (fallthrough)
branch  2 never executed (throw)
    %%%%%: 6962-block  1
call    3 never executed
branch  4 never executed (fallthrough)
branch  5 never executed (throw)
    %%%%%: 6962-block  2
call    6 never executed
    $$$$$: 6962-block  3
call    7 never executed
        -: 6963:  }
        -: 6964:
        -: 6965:#ifdef GTEST_HAS_ABSL
        -: 6966:  absl::InitializeSymbolizer(g_argvs[0].c_str());
        -: 6967:
        -: 6968:#ifdef GTEST_HAS_ABSL_FLAGS
        -: 6969:  // When using the Abseil Flags library, set the program usage message to the
        -: 6970:  // help message, but remove the color-encoding from the message first.
        -: 6971:  absl::SetProgramUsageMessage(absl::StrReplaceAll(
        -: 6972:      kColorEncodedHelpMessage,
        -: 6973:      {{"@D", ""}, {"@R", ""}, {"@G", ""}, {"@Y", ""}, {"@@", "@"}}));
        -: 6974:#endif  // GTEST_HAS_ABSL_FLAGS
        -: 6975:#endif  // GTEST_HAS_ABSL
        -: 6976:
    #####: 6977:  ParseGoogleTestFlagsOnly(argc, argv);
    %%%%%: 6977-block  0
call    0 never executed
    #####: 6978:  GetUnitTestImpl()->PostFlagParsingInit();
call    0 never executed
call    1 never executed
        -: 6979:}
------------------
_ZN7testing8internal18InitGoogleTestImplIcEEvPiPPT_:
function _ZN7testing8internal18InitGoogleTestImplIcEEvPiPPT_ called 1 returned 100% blocks executed 79%
        1: 6954:void InitGoogleTestImpl(int* argc, CharType** argv) {
        -: 6955:  // We don't want to run the initialization code twice.
       1*: 6956:  if (GTestIsInitialized()) return;
        1: 6956-block  0
call    0 returned 1
branch  1 taken 0 (fallthrough)
branch  2 taken 1
    %%%%%: 6956-block  1
        -: 6957:
       1*: 6958:  if (*argc <= 0) return;
        1: 6958-block  0
branch  0 taken 0 (fallthrough)
branch  1 taken 1
    %%%%%: 6958-block  1
        -: 6959:
        1: 6960:  g_argvs.clear();
        1: 6960-block  0
call    0 returned 1
        3: 6961:  for (int i = 0; i != *argc; i++) {
        3: 6961-block  0
branch  0 taken 2
branch  1 taken 1 (fallthrough)
        2: 6962:    g_argvs.push_back(StreamableToString(argv[i]));
        2: 6962-block  0
call    0 returned 2
branch  1 taken 2 (fallthrough)
branch  2 taken 0 (throw)
        2: 6962-block  1
call    3 returned 2
branch  4 taken 2 (fallthrough)
branch  5 taken 0 (throw)
        2: 6962-block  2
call    6 returned 2
    $$$$$: 6962-block  3
call    7 never executed
        -: 6963:  }
        -: 6964:
        -: 6965:#ifdef GTEST_HAS_ABSL
        -: 6966:  absl::InitializeSymbolizer(g_argvs[0].c_str());
        -: 6967:
        -: 6968:#ifdef GTEST_HAS_ABSL_FLAGS
        -: 6969:  // When using the Abseil Flags library, set the program usage message to the
        -: 6970:  // help message, but remove the color-encoding from the message first.
        -: 6971:  absl::SetProgramUsageMessage(absl::StrReplaceAll(
        -: 6972:      kColorEncodedHelpMessage,
        -: 6973:      {{"@D", ""}, {"@R", ""}, {"@G", ""}, {"@Y", ""}, {"@@", "@"}}));
        -: 6974:#endif  // GTEST_HAS_ABSL_FLAGS
        -: 6975:#endif  // GTEST_HAS_ABSL
        -: 6976:
        1: 6977:  ParseGoogleTestFlagsOnly(argc, argv);
        1: 6977-block  0
call    0 returned 1
        1: 6978:  GetUnitTestImpl()->PostFlagParsingInit();
call    0 returned 1
call    1 returned 1
        -: 6979:}
------------------
        -: 6980:
        -: 6981:}  // namespace internal
        -: 6982:
        -: 6983:// Initializes Google Test.  This must be called before calling
        -: 6984:// RUN_ALL_TESTS().  In particular, it parses a command line for the
        -: 6985:// flags that Google Test recognizes.  Whenever a Google Test flag is
        -: 6986:// seen, it is removed from argv, and *argc is decremented.
        -: 6987://
        -: 6988:// No value is returned.  Instead, the Google Test flag variables are
        -: 6989:// updated.
        -: 6990://
        -: 6991:// Calling the function for the second time has no user-visible effect.
function _ZN7testing14InitGoogleTestEPiPPc called 1 returned 100% blocks executed 100%
        1: 6992:void InitGoogleTest(int* argc, char** argv) {
        -: 6993:#if defined(GTEST_CUSTOM_INIT_GOOGLE_TEST_FUNCTION_)
        -: 6994:  GTEST_CUSTOM_INIT_GOOGLE_TEST_FUNCTION_(argc, argv);
        -: 6995:#else   // defined(GTEST_CUSTOM_INIT_GOOGLE_TEST_FUNCTION_)
        1: 6996:  internal::InitGoogleTestImpl(argc, argv);
        1: 6996-block  0
call    0 returned 1
        -: 6997:#endif  // defined(GTEST_CUSTOM_INIT_GOOGLE_TEST_FUNCTION_)
        1: 6998:}
        -: 6999:
        -: 7000:// This overloaded version can be used in Windows programs compiled in
        -: 7001:// UNICODE mode.
function _ZN7testing14InitGoogleTestEPiPPw called 0 returned 0% blocks executed 0%
    #####: 7002:void InitGoogleTest(int* argc, wchar_t** argv) {
        -: 7003:#if defined(GTEST_CUSTOM_INIT_GOOGLE_TEST_FUNCTION_)
        -: 7004:  GTEST_CUSTOM_INIT_GOOGLE_TEST_FUNCTION_(argc, argv);
        -: 7005:#else   // defined(GTEST_CUSTOM_INIT_GOOGLE_TEST_FUNCTION_)
    #####: 7006:  internal::InitGoogleTestImpl(argc, argv);
    %%%%%: 7006-block  0
call    0 never executed
        -: 7007:#endif  // defined(GTEST_CUSTOM_INIT_GOOGLE_TEST_FUNCTION_)
    #####: 7008:}
        -: 7009:
        -: 7010:// This overloaded version can be used on Arduino/embedded platforms where
        -: 7011:// there is no argc/argv.
function _ZN7testing14InitGoogleTestEv called 0 returned 0% blocks executed 0%
    #####: 7012:void InitGoogleTest() {
        -: 7013:  // Since Arduino doesn't have a command line, fake out the argc/argv arguments
    #####: 7014:  int argc = 1;
    #####: 7015:  const auto arg0 = "dummy";
    #####: 7016:  char* argv0 = const_cast<char*>(arg0);
    #####: 7017:  char** argv = &argv0;
        -: 7018:
        -: 7019:#if defined(GTEST_CUSTOM_INIT_GOOGLE_TEST_FUNCTION_)
        -: 7020:  GTEST_CUSTOM_INIT_GOOGLE_TEST_FUNCTION_(&argc, argv);
        -: 7021:#else   // defined(GTEST_CUSTOM_INIT_GOOGLE_TEST_FUNCTION_)
    #####: 7022:  internal::InitGoogleTestImpl(&argc, argv);
    %%%%%: 7022-block  0
call    0 never executed
branch  1 never executed (fallthrough)
branch  2 never executed (throw)
        -: 7023:#endif  // defined(GTEST_CUSTOM_INIT_GOOGLE_TEST_FUNCTION_)
    #####: 7024:}
    %%%%%: 7024-block  0
        -: 7025:
        -: 7026:#if !defined(GTEST_CUSTOM_TEMPDIR_FUNCTION_) || \
        -: 7027:    !defined(GTEST_CUSTOM_SRCDIR_FUNCTION_)
        -: 7028:// Returns the value of the first environment variable that is set and contains
        -: 7029:// a non-empty string. If there are none, returns the "fallback" string. Adds
        -: 7030:// the director-separator character as a suffix if not provided in the
        -: 7031:// environment variable value.
function _ZN7testingL13GetDirFromEnvESt16initializer_listIPKcES2_c called 0 returned 0% blocks executed 0%
    #####: 7032:static std::string GetDirFromEnv(
        -: 7033:    std::initializer_list<const char*> environment_variables,
        -: 7034:    const char* fallback, char separator) {
    #####: 7035:  for (const char* variable_name : environment_variables) {
    %%%%%: 7035-block  0
call    0 never executed
call    1 never executed
    %%%%%: 7035-block  1
    %%%%%: 7035-block  2
branch  2 never executed
branch  3 never executed (fallthrough)
    #####: 7036:    const char* value = internal::posix::GetEnv(variable_name);
    %%%%%: 7036-block  0
call    0 never executed
    #####: 7037:    if (value != nullptr && value[0] != '\0') {
branch  0 never executed (fallthrough)
branch  1 never executed
    %%%%%: 7037-block  0
branch  2 never executed (fallthrough)
branch  3 never executed
    #####: 7038:      if (value[strlen(value) - 1] != separator) {
    %%%%%: 7038-block  0
branch  0 never executed (fallthrough)
branch  1 never executed
    #####: 7039:        return std::string(value).append(1, separator);
    %%%%%: 7039-block  0
call    0 never executed
branch  1 never executed (fallthrough)
branch  2 never executed (throw)
    %%%%%: 7039-block  1
call    3 never executed
branch  4 never executed (fallthrough)
branch  5 never executed (throw)
    %%%%%: 7039-block  2
call    6 never executed
branch  7 never executed (fallthrough)
branch  8 never executed (throw)
    %%%%%: 7039-block  3
    %%%%%: 7039-block  4
call    9 never executed
    %%%%%: 7039-block  5
    $$$$$: 7039-block  6
call   10 never executed
    $$$$$: 7039-block  7
    $$$$$: 7039-block  8
        -: 7040:      }
    #####: 7041:      return value;
    %%%%%: 7041-block  0
call    0 never executed
branch  1 never executed (fallthrough)
branch  2 never executed (throw)
    %%%%%: 7041-block  1
    $$$$$: 7041-block  2
        -: 7042:    }
        -: 7043:  }
    #####: 7044:  return fallback;
    %%%%%: 7044-block  0
call    0 never executed
branch  1 never executed (fallthrough)
branch  2 never executed (throw)
    %%%%%: 7044-block  1
        -: 7045:}
        -: 7046:#endif
        -: 7047:
function _ZN7testing7TempDirB5cxx11Ev called 0 returned 0% blocks executed 0%
    #####: 7048:std::string TempDir() {
        -: 7049:#if defined(GTEST_CUSTOM_TEMPDIR_FUNCTION_)
        -: 7050:  return GTEST_CUSTOM_TEMPDIR_FUNCTION_();
        -: 7051:#elif defined(GTEST_OS_WINDOWS) || defined(GTEST_OS_WINDOWS_MOBILE)
    #####: 7052:  return GetDirFromEnv({"TEST_TMPDIR", "TEMP"}, "\\temp\\", '\\');
    %%%%%: 7052-block  0
call    0 never executed
branch  1 never executed (fallthrough)
branch  2 never executed (throw)
    %%%%%: 7052-block  1
    %%%%%: 7052-block  2
        -: 7053:#elif defined(GTEST_OS_LINUX_ANDROID)
        -: 7054:  return GetDirFromEnv({"TEST_TMPDIR", "TMPDIR"}, "/data/local/tmp/", '/');
        -: 7055:#else
        -: 7056:  return GetDirFromEnv({"TEST_TMPDIR", "TMPDIR"}, "/tmp/", '/');
        -: 7057:#endif
        -: 7058:}
        -: 7059:
        -: 7060:#if GTEST_HAS_FILE_SYSTEM && !defined(GTEST_CUSTOM_SRCDIR_FUNCTION_)
        -: 7061:// Returns the directory path (including terminating separator) of the current
        -: 7062:// executable as derived from argv[0].
function _ZN7testingL29GetCurrentExecutableDirectoryEv called 0 returned 0% blocks executed 0%
    #####: 7063:static std::string GetCurrentExecutableDirectory() {
    #####: 7064:  internal::FilePath argv_0(internal::GetArgvs()[0]);
    %%%%%: 7064-block  0
call    0 never executed
branch  1 never executed (fallthrough)
branch  2 never executed (throw)
    %%%%%: 7064-block  1
call    3 never executed
call    4 never executed
branch  5 never executed (fallthrough)
branch  6 never executed (throw)
    %%%%%: 7064-block  2
call    7 never executed
branch  8 never executed (fallthrough)
branch  9 never executed (throw)
    %%%%%: 7064-block  3
call   10 never executed
call   11 never executed
    $$$$$: 7064-block  4
call   12 never executed
    $$$$$: 7064-block  5
call   13 never executed
    $$$$$: 7064-block  6
    $$$$$: 7064-block  7
    #####: 7065:  return argv_0.RemoveFileName().string();
call    0 never executed
branch  1 never executed (fallthrough)
branch  2 never executed (throw)
    %%%%%: 7065-block  0
call    3 never executed
call    4 never executed
branch  5 never executed (fallthrough)
branch  6 never executed (throw)
    %%%%%: 7065-block  1
    %%%%%: 7065-block  2
call    7 never executed
    %%%%%: 7065-block  3
    $$$$$: 7065-block  4
call    8 never executed
    $$$$$: 7065-block  5
    #####: 7066:}
call    0 never executed
    $$$$$: 7066-block  0
call    1 never executed
        -: 7067:#endif
        -: 7068:
        -: 7069:#if GTEST_HAS_FILE_SYSTEM
function _ZN7testing6SrcDirB5cxx11Ev called 0 returned 0% blocks executed 0%
    #####: 7070:std::string SrcDir() {
        -: 7071:#if defined(GTEST_CUSTOM_SRCDIR_FUNCTION_)
        -: 7072:  return GTEST_CUSTOM_SRCDIR_FUNCTION_();
        -: 7073:#elif defined(GTEST_OS_WINDOWS) || defined(GTEST_OS_WINDOWS_MOBILE)
    #####: 7074:  return GetDirFromEnv({"TEST_SRCDIR"}, GetCurrentExecutableDirectory().c_str(),
    %%%%%: 7074-block  0
call    0 never executed
branch  1 never executed (fallthrough)
branch  2 never executed (throw)
    $$$$$: 7074-block  1
call    3 never executed
    #####: 7075:                       '\\');
    %%%%%: 7075-block  0
call    0 never executed
call    1 never executed
branch  2 never executed (fallthrough)
branch  3 never executed (throw)
    %%%%%: 7075-block  1
call    4 never executed
    %%%%%: 7075-block  2
    $$$$$: 7075-block  3
        -: 7076:#elif defined(GTEST_OS_LINUX_ANDROID)
        -: 7077:  return GetDirFromEnv({"TEST_SRCDIR"}, GetCurrentExecutableDirectory().c_str(),
        -: 7078:                       '/');
        -: 7079:#else
        -: 7080:  return GetDirFromEnv({"TEST_SRCDIR"}, GetCurrentExecutableDirectory().c_str(),
        -: 7081:                       '/');
        -: 7082:#endif
        -: 7083:}
        -: 7084:#endif
        -: 7085:
        -: 7086:// Class ScopedTrace
        -: 7087:
        -: 7088:// Pushes the given source file location and message onto a per-thread
        -: 7089:// trace stack maintained by Google Test.
function _ZN7testing11ScopedTrace9PushTraceEPKciNSt7__cxx1112basic_stringIcSt11char_traitsIcESaIcEEE called 0 returned 0% blocks executed 0%
    #####: 7090:void ScopedTrace::PushTrace(const char* file, int line, std::string message) {
    #####: 7091:  internal::TraceInfo trace;
    %%%%%: 7091-block  0
call    0 never executed
    #####: 7092:  trace.file = file;
    #####: 7093:  trace.line = line;
    #####: 7094:  trace.message.swap(message);
call    0 never executed
        -: 7095:
    #####: 7096:  UnitTest::GetInstance()->PushGTestTrace(trace);
call    0 never executed
branch  1 never executed (fallthrough)
branch  2 never executed (throw)
    %%%%%: 7096-block  0
call    3 never executed
branch  4 never executed (fallthrough)
branch  5 never executed (throw)
    #####: 7097:}
    %%%%%: 7097-block  0
call    0 never executed
    $$$$$: 7097-block  1
call    1 never executed
        -: 7098:
        -: 7099:// Pops the info pushed by the c'tor.
function _ZN7testing11ScopedTraceD2Ev called 0 returned 0% blocks executed 0%
    #####: 7100:ScopedTrace::~ScopedTrace() GTEST_LOCK_EXCLUDED_(&UnitTest::mutex_) {
    #####: 7101:  UnitTest::GetInstance()->PopGTestTrace();
    %%%%%: 7101-block  0
call    0 never executed
call    1 never executed
    #####: 7102:}
        -: 7103:
        -: 7104:}  // namespace testing
