        -:    0:Source:E:/Third Semestr/PPOIS_lb/laba №1/ThePostMachine/Rule.hpp
        -:    0:Graph:E:\Third Semestr\PPOIS_lb\laba №1\ThePostMachine\cmake-build-debug-coverage\Google_tests\CMakeFiles\MyTests.dir\__\Machine.cpp.gcno
        -:    0:Data:E:\Third Semestr\PPOIS_lb\laba №1\ThePostMachine\cmake-build-debug-coverage\Google_tests\CMakeFiles\MyTests.dir\__\Machine.cpp.gcda
        -:    0:Runs:1
        -:    1:#pragma once
        -:    2:#include <istream>
        -:    3:class Rule {
        -:    4:public:
        -:    5:    enum Ruls {writeOne = 1, writeZero, moveLeft, moveRight, moveIf, end};
function _ZN4RuleC1Ev called 35 returned 100% blocks executed 100%
       35:    6:    Rule() :
       35:    7:            ruleNumber(0),
       35:    8:            action(end),
       35:    9:            nextRule(-1),
       35:   10:            condition(-1),
       35:   11:            nextIfZero(-1),
       35:   12:            nextIfOne(-1)
       35:   13:    {}
        -:   14:    Rule(int ruleNumber, Ruls action, int nextRule);
        -:   15:    Rule(int ruleNumber, Ruls action, int condition, int nextIfZero, int nextIfOne);
        -:   16:
        -:   17:    int GetRuleNumber()const;
        -:   18:    Ruls GetAction() const;
        -:   19:    int GetCondition()const;
        -:   20:    int GetNextRule()const;
        -:   21:    int GetNextIfZero() const;
        -:   22:    int GetNextIfOne() const;
        -:   23:    void Show() const;
        -:   24:private:
        -:   25:
        -:   26:    int ruleNumber;
        -:   27:    Ruls action;
        -:   28:    int nextRule;
        -:   29:    int condition;
        -:   30:    int nextIfZero;
        -:   31:    int nextIfOne;
        -:   32:
        -:   33:
        -:   34:};
        -:   35:
        -:   36:std::istream& operator>>(std::istream& in, Rule& r);
