        -:    0:Source:E:/Third Semestr/PPOIS_lb/laba №1/ThePostMachine/Google_tests/test1.cpp
        -:    0:Graph:E:\Third Semestr\PPOIS_lb\laba №1\ThePostMachine\cmake-build-debug-coverage\Google_tests\CMakeFiles\MyTests.dir\test1.cpp.gcno
        -:    0:Data:E:\Third Semestr\PPOIS_lb\laba №1\ThePostMachine\cmake-build-debug-coverage\Google_tests\CMakeFiles\MyTests.dir\test1.cpp.gcda
        -:    0:Runs:1
        -:    1:#include <gtest/gtest.h>
        -:    2:#include <sstream>
        -:    3:#include "Tape.hpp"
        -:    4:#include "Rule.hpp"
        -:    5:#include "Machine.hpp"
        -:    6:
        -:    7:// 1️⃣ Тест: начальное состояние ленты
        4:    8:TEST(TapeTest, DefaultConstructorSetsZeroAtStart) {
        1:    9:    Tape t;
       1*:   10:    EXPECT_EQ(t.Read(), 0) << "После создания ленты начальный символ должен быть 0";
        1:   11:}
------------------
_ZN47TapeTest_DefaultConstructorSetsZeroAtStart_TestC1Ev:
function _ZN47TapeTest_DefaultConstructorSetsZeroAtStart_TestC1Ev called 1 returned 100% blocks executed 100%
        1:    8:TEST(TapeTest, DefaultConstructorSetsZeroAtStart) {
        1:    8-block  0
call    0 returned 1
------------------
_ZN47TapeTest_DefaultConstructorSetsZeroAtStart_TestD0Ev:
function _ZN47TapeTest_DefaultConstructorSetsZeroAtStart_TestD0Ev called 1 returned 100% blocks executed 100%
        1:    8:TEST(TapeTest, DefaultConstructorSetsZeroAtStart) {
        1:    8-block  0
call    0 returned 1
call    1 returned 1
------------------
_ZN47TapeTest_DefaultConstructorSetsZeroAtStart_TestD1Ev:
function _ZN47TapeTest_DefaultConstructorSetsZeroAtStart_TestD1Ev called 1 returned 100% blocks executed 100%
        1:    8:TEST(TapeTest, DefaultConstructorSetsZeroAtStart) {
        1:    8-block  0
call    0 returned 1
------------------
_ZN47TapeTest_DefaultConstructorSetsZeroAtStart_Test8TestBodyEv:
function _ZN47TapeTest_DefaultConstructorSetsZeroAtStart_Test8TestBodyEv called 1 returned 100% blocks executed 30%
        1:    8:TEST(TapeTest, DefaultConstructorSetsZeroAtStart) {
        1:    9:    Tape t;
        1:    9-block  0
call    0 returned 1
branch  1 taken 1 (fallthrough)
branch  2 taken 0 (throw)
       1*:   10:    EXPECT_EQ(t.Read(), 0) << "После создания ленты начальный символ должен быть 0";
        1:   10-block  0
call    0 returned 1
branch  1 taken 1 (fallthrough)
branch  2 taken 0 (throw)
        1:   10-block  1
call    3 returned 1
branch  4 taken 1 (fallthrough)
branch  5 taken 0 (throw)
        1:   10-block  2
call    6 returned 1
branch  7 taken 0 (fallthrough)
branch  8 taken 1
    %%%%%:   10-block  3
call    9 never executed
branch 10 never executed (fallthrough)
branch 11 never executed (throw)
    %%%%%:   10-block  4
call   12 never executed
branch 13 never executed (fallthrough)
branch 14 never executed (throw)
    %%%%%:   10-block  5
call   15 never executed
call   16 never executed
branch 17 never executed (fallthrough)
branch 18 never executed (throw)
    %%%%%:   10-block  6
call   19 never executed
branch 20 never executed (fallthrough)
branch 21 never executed (throw)
    %%%%%:   10-block  7
call   22 never executed
call   23 never executed
        1:   10-block  8
call   24 returned 1
    $$$$$:   10-block  9
    $$$$$:   10-block 10
    $$$$$:   10-block 11
call   25 never executed
    $$$$$:   10-block 12
    $$$$$:   10-block 13
call   26 never executed
    $$$$$:   10-block 14
    $$$$$:   10-block 15
call   27 never executed
        1:   11:}
call    0 returned 1
    $$$$$:   11-block  0
call    1 never executed
------------------
        -:   12:
        -:   13:// 2️⃣ Тест: запись единицы и чтение
        4:   14:TEST(TapeTest, WriteOneSetsSymbolToOne) {
        1:   15:    Tape t;
        1:   16:    t.WriteOne();
       1*:   17:    EXPECT_EQ(t.Read(), 1);
        1:   18:}
------------------
_ZN37TapeTest_WriteOneSetsSymbolToOne_TestC1Ev:
function _ZN37TapeTest_WriteOneSetsSymbolToOne_TestC1Ev called 1 returned 100% blocks executed 100%
        1:   14:TEST(TapeTest, WriteOneSetsSymbolToOne) {
        1:   14-block  0
call    0 returned 1
------------------
_ZN37TapeTest_WriteOneSetsSymbolToOne_TestD0Ev:
function _ZN37TapeTest_WriteOneSetsSymbolToOne_TestD0Ev called 1 returned 100% blocks executed 100%
        1:   14:TEST(TapeTest, WriteOneSetsSymbolToOne) {
        1:   14-block  0
call    0 returned 1
call    1 returned 1
------------------
_ZN37TapeTest_WriteOneSetsSymbolToOne_TestD1Ev:
function _ZN37TapeTest_WriteOneSetsSymbolToOne_TestD1Ev called 1 returned 100% blocks executed 100%
        1:   14:TEST(TapeTest, WriteOneSetsSymbolToOne) {
        1:   14-block  0
call    0 returned 1
------------------
_ZN37TapeTest_WriteOneSetsSymbolToOne_Test8TestBodyEv:
function _ZN37TapeTest_WriteOneSetsSymbolToOne_Test8TestBodyEv called 1 returned 100% blocks executed 33%
        1:   14:TEST(TapeTest, WriteOneSetsSymbolToOne) {
        1:   15:    Tape t;
        1:   15-block  0
call    0 returned 1
branch  1 taken 1 (fallthrough)
branch  2 taken 0 (throw)
        1:   16:    t.WriteOne();
        1:   16-block  0
call    0 returned 1
branch  1 taken 1 (fallthrough)
branch  2 taken 0 (throw)
       1*:   17:    EXPECT_EQ(t.Read(), 1);
        1:   17-block  0
call    0 returned 1
branch  1 taken 1 (fallthrough)
branch  2 taken 0 (throw)
        1:   17-block  1
call    3 returned 1
branch  4 taken 1 (fallthrough)
branch  5 taken 0 (throw)
        1:   17-block  2
call    6 returned 1
branch  7 taken 0 (fallthrough)
branch  8 taken 1
    %%%%%:   17-block  3
call    9 never executed
branch 10 never executed (fallthrough)
branch 11 never executed (throw)
    %%%%%:   17-block  4
call   12 never executed
call   13 never executed
branch 14 never executed (fallthrough)
branch 15 never executed (throw)
    %%%%%:   17-block  5
call   16 never executed
branch 17 never executed (fallthrough)
branch 18 never executed (throw)
    %%%%%:   17-block  6
call   19 never executed
call   20 never executed
        1:   17-block  7
call   21 returned 1
    $$$$$:   17-block  8
    $$$$$:   17-block  9
    $$$$$:   17-block 10
call   22 never executed
    $$$$$:   17-block 11
    $$$$$:   17-block 12
call   23 never executed
    $$$$$:   17-block 13
    $$$$$:   17-block 14
call   24 never executed
        1:   18:}
call    0 returned 1
    $$$$$:   18-block  0
call    1 never executed
------------------
        -:   19:
        -:   20:// 3️⃣ Тест: запись нуля после единицы
        4:   21:TEST(TapeTest, WriteZeroOverwritesOne) {
        1:   22:    Tape t;
        1:   23:    t.WriteOne();
        1:   24:    t.WriteZero();
       1*:   25:    EXPECT_EQ(t.Read(), 0);
        1:   26:}
------------------
_ZN36TapeTest_WriteZeroOverwritesOne_TestC1Ev:
function _ZN36TapeTest_WriteZeroOverwritesOne_TestC1Ev called 1 returned 100% blocks executed 100%
        1:   21:TEST(TapeTest, WriteZeroOverwritesOne) {
        1:   21-block  0
call    0 returned 1
------------------
_ZN36TapeTest_WriteZeroOverwritesOne_TestD0Ev:
function _ZN36TapeTest_WriteZeroOverwritesOne_TestD0Ev called 1 returned 100% blocks executed 100%
        1:   21:TEST(TapeTest, WriteZeroOverwritesOne) {
        1:   21-block  0
call    0 returned 1
call    1 returned 1
------------------
_ZN36TapeTest_WriteZeroOverwritesOne_TestD1Ev:
function _ZN36TapeTest_WriteZeroOverwritesOne_TestD1Ev called 1 returned 100% blocks executed 100%
        1:   21:TEST(TapeTest, WriteZeroOverwritesOne) {
        1:   21-block  0
call    0 returned 1
------------------
_ZN36TapeTest_WriteZeroOverwritesOne_Test8TestBodyEv:
function _ZN36TapeTest_WriteZeroOverwritesOne_Test8TestBodyEv called 1 returned 100% blocks executed 35%
        1:   21:TEST(TapeTest, WriteZeroOverwritesOne) {
        1:   22:    Tape t;
        1:   22-block  0
call    0 returned 1
branch  1 taken 1 (fallthrough)
branch  2 taken 0 (throw)
        1:   23:    t.WriteOne();
        1:   23-block  0
call    0 returned 1
branch  1 taken 1 (fallthrough)
branch  2 taken 0 (throw)
        1:   24:    t.WriteZero();
        1:   24-block  0
call    0 returned 1
branch  1 taken 1 (fallthrough)
branch  2 taken 0 (throw)
       1*:   25:    EXPECT_EQ(t.Read(), 0);
        1:   25-block  0
call    0 returned 1
branch  1 taken 1 (fallthrough)
branch  2 taken 0 (throw)
        1:   25-block  1
call    3 returned 1
branch  4 taken 1 (fallthrough)
branch  5 taken 0 (throw)
        1:   25-block  2
call    6 returned 1
branch  7 taken 0 (fallthrough)
branch  8 taken 1
    %%%%%:   25-block  3
call    9 never executed
branch 10 never executed (fallthrough)
branch 11 never executed (throw)
    %%%%%:   25-block  4
call   12 never executed
call   13 never executed
branch 14 never executed (fallthrough)
branch 15 never executed (throw)
    %%%%%:   25-block  5
call   16 never executed
branch 17 never executed (fallthrough)
branch 18 never executed (throw)
    %%%%%:   25-block  6
call   19 never executed
call   20 never executed
        1:   25-block  7
call   21 returned 1
    $$$$$:   25-block  8
    $$$$$:   25-block  9
    $$$$$:   25-block 10
call   22 never executed
    $$$$$:   25-block 11
    $$$$$:   25-block 12
call   23 never executed
    $$$$$:   25-block 13
    $$$$$:   25-block 14
call   24 never executed
        1:   26:}
call    0 returned 1
    $$$$$:   26-block  0
call    1 never executed
------------------
        -:   27:
        -:   28:// 4️⃣ Тест: движение вправо
        4:   29:TEST(TapeTest, MoveRightChangesPosition) {
        1:   30:    Tape t;
        1:   31:    t.WriteOne();
        1:   32:    t.MoveRight();
       1*:   33:    EXPECT_EQ(t.Read(), 0) << "После MoveRight новая ячейка должна быть 0";
        1:   34:}
------------------
_ZN38TapeTest_MoveRightChangesPosition_TestC1Ev:
function _ZN38TapeTest_MoveRightChangesPosition_TestC1Ev called 1 returned 100% blocks executed 100%
        1:   29:TEST(TapeTest, MoveRightChangesPosition) {
        1:   29-block  0
call    0 returned 1
------------------
_ZN38TapeTest_MoveRightChangesPosition_TestD0Ev:
function _ZN38TapeTest_MoveRightChangesPosition_TestD0Ev called 1 returned 100% blocks executed 100%
        1:   29:TEST(TapeTest, MoveRightChangesPosition) {
        1:   29-block  0
call    0 returned 1
call    1 returned 1
------------------
_ZN38TapeTest_MoveRightChangesPosition_TestD1Ev:
function _ZN38TapeTest_MoveRightChangesPosition_TestD1Ev called 1 returned 100% blocks executed 100%
        1:   29:TEST(TapeTest, MoveRightChangesPosition) {
        1:   29-block  0
call    0 returned 1
------------------
_ZN38TapeTest_MoveRightChangesPosition_Test8TestBodyEv:
function _ZN38TapeTest_MoveRightChangesPosition_Test8TestBodyEv called 1 returned 100% blocks executed 34%
        1:   29:TEST(TapeTest, MoveRightChangesPosition) {
        1:   30:    Tape t;
        1:   30-block  0
call    0 returned 1
branch  1 taken 1 (fallthrough)
branch  2 taken 0 (throw)
        1:   31:    t.WriteOne();
        1:   31-block  0
call    0 returned 1
branch  1 taken 1 (fallthrough)
branch  2 taken 0 (throw)
        1:   32:    t.MoveRight();
        1:   32-block  0
call    0 returned 1
branch  1 taken 1 (fallthrough)
branch  2 taken 0 (throw)
       1*:   33:    EXPECT_EQ(t.Read(), 0) << "После MoveRight новая ячейка должна быть 0";
        1:   33-block  0
call    0 returned 1
branch  1 taken 1 (fallthrough)
branch  2 taken 0 (throw)
        1:   33-block  1
call    3 returned 1
branch  4 taken 1 (fallthrough)
branch  5 taken 0 (throw)
        1:   33-block  2
call    6 returned 1
branch  7 taken 0 (fallthrough)
branch  8 taken 1
    %%%%%:   33-block  3
call    9 never executed
branch 10 never executed (fallthrough)
branch 11 never executed (throw)
    %%%%%:   33-block  4
call   12 never executed
branch 13 never executed (fallthrough)
branch 14 never executed (throw)
    %%%%%:   33-block  5
call   15 never executed
call   16 never executed
branch 17 never executed (fallthrough)
branch 18 never executed (throw)
    %%%%%:   33-block  6
call   19 never executed
branch 20 never executed (fallthrough)
branch 21 never executed (throw)
    %%%%%:   33-block  7
call   22 never executed
call   23 never executed
        1:   33-block  8
call   24 returned 1
    $$$$$:   33-block  9
    $$$$$:   33-block 10
    $$$$$:   33-block 11
call   25 never executed
    $$$$$:   33-block 12
    $$$$$:   33-block 13
call   26 never executed
    $$$$$:   33-block 14
    $$$$$:   33-block 15
call   27 never executed
        1:   34:}
call    0 returned 1
    $$$$$:   34-block  0
call    1 never executed
------------------
        -:   35:
        -:   36:// 5️⃣ Тест: движение влево
        4:   37:TEST(TapeTest, MoveLeftChangesPosition) {
        1:   38:    Tape t;
        1:   39:    t.MoveRight();
        1:   40:    t.WriteOne();
        1:   41:    t.MoveLeft();
       1*:   42:    EXPECT_EQ(t.Read(), 0);
        1:   43:}
------------------
_ZN37TapeTest_MoveLeftChangesPosition_TestC1Ev:
function _ZN37TapeTest_MoveLeftChangesPosition_TestC1Ev called 1 returned 100% blocks executed 100%
        1:   37:TEST(TapeTest, MoveLeftChangesPosition) {
        1:   37-block  0
call    0 returned 1
------------------
_ZN37TapeTest_MoveLeftChangesPosition_TestD0Ev:
function _ZN37TapeTest_MoveLeftChangesPosition_TestD0Ev called 1 returned 100% blocks executed 100%
        1:   37:TEST(TapeTest, MoveLeftChangesPosition) {
        1:   37-block  0
call    0 returned 1
call    1 returned 1
------------------
_ZN37TapeTest_MoveLeftChangesPosition_TestD1Ev:
function _ZN37TapeTest_MoveLeftChangesPosition_TestD1Ev called 1 returned 100% blocks executed 100%
        1:   37:TEST(TapeTest, MoveLeftChangesPosition) {
        1:   37-block  0
call    0 returned 1
------------------
_ZN37TapeTest_MoveLeftChangesPosition_Test8TestBodyEv:
function _ZN37TapeTest_MoveLeftChangesPosition_Test8TestBodyEv called 1 returned 100% blocks executed 38%
        1:   37:TEST(TapeTest, MoveLeftChangesPosition) {
        1:   38:    Tape t;
        1:   38-block  0
call    0 returned 1
branch  1 taken 1 (fallthrough)
branch  2 taken 0 (throw)
        1:   39:    t.MoveRight();
        1:   39-block  0
call    0 returned 1
branch  1 taken 1 (fallthrough)
branch  2 taken 0 (throw)
        1:   40:    t.WriteOne();
        1:   40-block  0
call    0 returned 1
branch  1 taken 1 (fallthrough)
branch  2 taken 0 (throw)
        1:   41:    t.MoveLeft();
        1:   41-block  0
call    0 returned 1
branch  1 taken 1 (fallthrough)
branch  2 taken 0 (throw)
       1*:   42:    EXPECT_EQ(t.Read(), 0);
        1:   42-block  0
call    0 returned 1
branch  1 taken 1 (fallthrough)
branch  2 taken 0 (throw)
        1:   42-block  1
call    3 returned 1
branch  4 taken 1 (fallthrough)
branch  5 taken 0 (throw)
        1:   42-block  2
call    6 returned 1
branch  7 taken 0 (fallthrough)
branch  8 taken 1
    %%%%%:   42-block  3
call    9 never executed
branch 10 never executed (fallthrough)
branch 11 never executed (throw)
    %%%%%:   42-block  4
call   12 never executed
call   13 never executed
branch 14 never executed (fallthrough)
branch 15 never executed (throw)
    %%%%%:   42-block  5
call   16 never executed
branch 17 never executed (fallthrough)
branch 18 never executed (throw)
    %%%%%:   42-block  6
call   19 never executed
call   20 never executed
        1:   42-block  7
call   21 returned 1
    $$$$$:   42-block  8
    $$$$$:   42-block  9
    $$$$$:   42-block 10
call   22 never executed
    $$$$$:   42-block 11
    $$$$$:   42-block 12
call   23 never executed
    $$$$$:   42-block 13
    $$$$$:   42-block 14
call   24 never executed
        1:   43:}
call    0 returned 1
    $$$$$:   43-block  0
call    1 never executed
------------------
        -:   44:
        -:   45:// 6️⃣ Тест: запись и чтение нескольких позиций
        4:   46:TEST(TapeTest, MultipleWriteAndReadPositions) {
        1:   47:    Tape t;
        1:   48:    t.WriteOne(); // позиция 0 = 1
        1:   49:    t.MoveRight();
        1:   50:    t.WriteZero(); // позиция 1 = 0
        1:   51:    t.MoveRight();
        1:   52:    t.WriteOne(); // позиция 2 = 1
        -:   53:
        -:   54:    // Проверяем содержимое ленты
        1:   55:    t.MoveLeft();
        1:   56:    t.MoveLeft();
       1*:   57:    EXPECT_EQ(t.Read(), 1);
        1:   58:    t.MoveRight();
       1*:   59:    EXPECT_EQ(t.Read(), 0);
        1:   60:    t.MoveRight();
       1*:   61:    EXPECT_EQ(t.Read(), 1);
        1:   62:}
------------------
_ZN43TapeTest_MultipleWriteAndReadPositions_TestC1Ev:
function _ZN43TapeTest_MultipleWriteAndReadPositions_TestC1Ev called 1 returned 100% blocks executed 100%
        1:   46:TEST(TapeTest, MultipleWriteAndReadPositions) {
        1:   46-block  0
call    0 returned 1
------------------
_ZN43TapeTest_MultipleWriteAndReadPositions_TestD0Ev:
function _ZN43TapeTest_MultipleWriteAndReadPositions_TestD0Ev called 1 returned 100% blocks executed 100%
        1:   46:TEST(TapeTest, MultipleWriteAndReadPositions) {
        1:   46-block  0
call    0 returned 1
call    1 returned 1
------------------
_ZN43TapeTest_MultipleWriteAndReadPositions_TestD1Ev:
function _ZN43TapeTest_MultipleWriteAndReadPositions_TestD1Ev called 1 returned 100% blocks executed 100%
        1:   46:TEST(TapeTest, MultipleWriteAndReadPositions) {
        1:   46-block  0
call    0 returned 1
------------------
_ZN43TapeTest_MultipleWriteAndReadPositions_Test8TestBodyEv:
function _ZN43TapeTest_MultipleWriteAndReadPositions_Test8TestBodyEv called 1 returned 100% blocks executed 33%
        1:   46:TEST(TapeTest, MultipleWriteAndReadPositions) {
        1:   47:    Tape t;
        1:   47-block  0
call    0 returned 1
branch  1 taken 1 (fallthrough)
branch  2 taken 0 (throw)
        1:   48:    t.WriteOne(); // позиция 0 = 1
        1:   48-block  0
call    0 returned 1
branch  1 taken 1 (fallthrough)
branch  2 taken 0 (throw)
        1:   49:    t.MoveRight();
        1:   49-block  0
call    0 returned 1
branch  1 taken 1 (fallthrough)
branch  2 taken 0 (throw)
        1:   50:    t.WriteZero(); // позиция 1 = 0
        1:   50-block  0
call    0 returned 1
branch  1 taken 1 (fallthrough)
branch  2 taken 0 (throw)
        1:   51:    t.MoveRight();
        1:   51-block  0
call    0 returned 1
branch  1 taken 1 (fallthrough)
branch  2 taken 0 (throw)
        1:   52:    t.WriteOne(); // позиция 2 = 1
        1:   52-block  0
call    0 returned 1
branch  1 taken 1 (fallthrough)
branch  2 taken 0 (throw)
        -:   53:
        -:   54:    // Проверяем содержимое ленты
        1:   55:    t.MoveLeft();
        1:   55-block  0
call    0 returned 1
branch  1 taken 1 (fallthrough)
branch  2 taken 0 (throw)
        1:   56:    t.MoveLeft();
        1:   56-block  0
call    0 returned 1
branch  1 taken 1 (fallthrough)
branch  2 taken 0 (throw)
       1*:   57:    EXPECT_EQ(t.Read(), 1);
        1:   57-block  0
call    0 returned 1
branch  1 taken 1 (fallthrough)
branch  2 taken 0 (throw)
        1:   57-block  1
call    3 returned 1
branch  4 taken 1 (fallthrough)
branch  5 taken 0 (throw)
        1:   57-block  2
call    6 returned 1
branch  7 taken 0 (fallthrough)
branch  8 taken 1
    %%%%%:   57-block  3
call    9 never executed
branch 10 never executed (fallthrough)
branch 11 never executed (throw)
    %%%%%:   57-block  4
call   12 never executed
call   13 never executed
branch 14 never executed (fallthrough)
branch 15 never executed (throw)
    %%%%%:   57-block  5
call   16 never executed
branch 17 never executed (fallthrough)
branch 18 never executed (throw)
    %%%%%:   57-block  6
call   19 never executed
call   20 never executed
        1:   57-block  7
call   21 returned 1
    $$$$$:   57-block  8
    $$$$$:   57-block  9
    $$$$$:   57-block 10
call   22 never executed
    $$$$$:   57-block 11
    $$$$$:   57-block 12
call   23 never executed
    $$$$$:   57-block 13
    $$$$$:   57-block 14
call   24 never executed
        1:   58:    t.MoveRight();
call    0 returned 1
branch  1 taken 1 (fallthrough)
branch  2 taken 0 (throw)
       1*:   59:    EXPECT_EQ(t.Read(), 0);
        1:   59-block  0
call    0 returned 1
branch  1 taken 1 (fallthrough)
branch  2 taken 0 (throw)
        1:   59-block  1
call    3 returned 1
branch  4 taken 1 (fallthrough)
branch  5 taken 0 (throw)
        1:   59-block  2
call    6 returned 1
branch  7 taken 0 (fallthrough)
branch  8 taken 1
    %%%%%:   59-block  3
call    9 never executed
branch 10 never executed (fallthrough)
branch 11 never executed (throw)
    %%%%%:   59-block  4
call   12 never executed
call   13 never executed
branch 14 never executed (fallthrough)
branch 15 never executed (throw)
    %%%%%:   59-block  5
call   16 never executed
branch 17 never executed (fallthrough)
branch 18 never executed (throw)
    %%%%%:   59-block  6
call   19 never executed
call   20 never executed
        1:   59-block  7
call   21 returned 1
    $$$$$:   59-block  8
    $$$$$:   59-block  9
    $$$$$:   59-block 10
call   22 never executed
    $$$$$:   59-block 11
    $$$$$:   59-block 12
call   23 never executed
    $$$$$:   59-block 13
    $$$$$:   59-block 14
call   24 never executed
        1:   60:    t.MoveRight();
call    0 returned 1
branch  1 taken 1 (fallthrough)
branch  2 taken 0 (throw)
       1*:   61:    EXPECT_EQ(t.Read(), 1);
        1:   61-block  0
call    0 returned 1
branch  1 taken 1 (fallthrough)
branch  2 taken 0 (throw)
        1:   61-block  1
call    3 returned 1
branch  4 taken 1 (fallthrough)
branch  5 taken 0 (throw)
        1:   61-block  2
call    6 returned 1
branch  7 taken 0 (fallthrough)
branch  8 taken 1
    %%%%%:   61-block  3
call    9 never executed
branch 10 never executed (fallthrough)
branch 11 never executed (throw)
    %%%%%:   61-block  4
call   12 never executed
call   13 never executed
branch 14 never executed (fallthrough)
branch 15 never executed (throw)
    %%%%%:   61-block  5
call   16 never executed
branch 17 never executed (fallthrough)
branch 18 never executed (throw)
    %%%%%:   61-block  6
call   19 never executed
call   20 never executed
        1:   61-block  7
call   21 returned 1
    $$$$$:   61-block  8
    $$$$$:   61-block  9
    $$$$$:   61-block 10
call   22 never executed
    $$$$$:   61-block 11
    $$$$$:   61-block 12
call   23 never executed
    $$$$$:   61-block 13
    $$$$$:   61-block 14
call   24 never executed
        1:   62:}
call    0 returned 1
    $$$$$:   62-block  0
call    1 never executed
------------------
        -:   63:
        -:   64:// 7️⃣ Тест: корректная загрузка ленты из строки (istream)
        4:   65:TEST(TapeTest, InputOperatorLoadsTapeCorrectly) {
        1:   66:    std::istringstream input("10101\n");
        1:   67:    Tape t;
        1:   68:    input >> t;
        -:   69:
        -:   70:    // Проверяем символы
        1:   71:    t.MoveRight();
       1*:   72:    EXPECT_EQ(t.Read(), 0);
        1:   73:    t.MoveRight();
       1*:   74:    EXPECT_EQ(t.Read(), 1);
        1:   75:}
------------------
_ZN45TapeTest_InputOperatorLoadsTapeCorrectly_TestC1Ev:
function _ZN45TapeTest_InputOperatorLoadsTapeCorrectly_TestC1Ev called 1 returned 100% blocks executed 100%
        1:   65:TEST(TapeTest, InputOperatorLoadsTapeCorrectly) {
        1:   65-block  0
call    0 returned 1
------------------
_ZN45TapeTest_InputOperatorLoadsTapeCorrectly_TestD0Ev:
function _ZN45TapeTest_InputOperatorLoadsTapeCorrectly_TestD0Ev called 1 returned 100% blocks executed 100%
        1:   65:TEST(TapeTest, InputOperatorLoadsTapeCorrectly) {
        1:   65-block  0
call    0 returned 1
call    1 returned 1
------------------
_ZN45TapeTest_InputOperatorLoadsTapeCorrectly_TestD1Ev:
function _ZN45TapeTest_InputOperatorLoadsTapeCorrectly_TestD1Ev called 1 returned 100% blocks executed 100%
        1:   65:TEST(TapeTest, InputOperatorLoadsTapeCorrectly) {
        1:   65-block  0
call    0 returned 1
------------------
_ZN45TapeTest_InputOperatorLoadsTapeCorrectly_Test8TestBodyEv:
function _ZN45TapeTest_InputOperatorLoadsTapeCorrectly_Test8TestBodyEv called 1 returned 100% blocks executed 34%
        1:   65:TEST(TapeTest, InputOperatorLoadsTapeCorrectly) {
        1:   65-block  0
        1:   66:    std::istringstream input("10101\n");
        1:   66-block  0
call    0 returned 1
branch  1 taken 1 (fallthrough)
branch  2 taken 0 (throw)
        1:   66-block  1
call    3 returned 1
branch  4 taken 1 (fallthrough)
branch  5 taken 0 (throw)
        1:   66-block  2
call    6 returned 1
    $$$$$:   66-block  3
call    7 never executed
    $$$$$:   66-block  4
    $$$$$:   66-block  5
        1:   67:    Tape t;
        1:   67-block  0
call    0 returned 1
branch  1 taken 1 (fallthrough)
branch  2 taken 0 (throw)
        1:   68:    input >> t;
        1:   68-block  0
call    0 returned 1
branch  1 taken 1 (fallthrough)
branch  2 taken 0 (throw)
        -:   69:
        -:   70:    // Проверяем символы
        1:   71:    t.MoveRight();
        1:   71-block  0
call    0 returned 1
branch  1 taken 1 (fallthrough)
branch  2 taken 0 (throw)
       1*:   72:    EXPECT_EQ(t.Read(), 0);
        1:   72-block  0
call    0 returned 1
branch  1 taken 1 (fallthrough)
branch  2 taken 0 (throw)
        1:   72-block  1
call    3 returned 1
branch  4 taken 1 (fallthrough)
branch  5 taken 0 (throw)
        1:   72-block  2
call    6 returned 1
branch  7 taken 0 (fallthrough)
branch  8 taken 1
    %%%%%:   72-block  3
call    9 never executed
branch 10 never executed (fallthrough)
branch 11 never executed (throw)
    %%%%%:   72-block  4
call   12 never executed
call   13 never executed
branch 14 never executed (fallthrough)
branch 15 never executed (throw)
    %%%%%:   72-block  5
call   16 never executed
branch 17 never executed (fallthrough)
branch 18 never executed (throw)
    %%%%%:   72-block  6
call   19 never executed
call   20 never executed
        1:   72-block  7
call   21 returned 1
    $$$$$:   72-block  8
    $$$$$:   72-block  9
    $$$$$:   72-block 10
call   22 never executed
    $$$$$:   72-block 11
    $$$$$:   72-block 12
call   23 never executed
    $$$$$:   72-block 13
    $$$$$:   72-block 14
call   24 never executed
        1:   73:    t.MoveRight();
call    0 returned 1
branch  1 taken 1 (fallthrough)
branch  2 taken 0 (throw)
       1*:   74:    EXPECT_EQ(t.Read(), 1);
        1:   74-block  0
call    0 returned 1
branch  1 taken 1 (fallthrough)
branch  2 taken 0 (throw)
        1:   74-block  1
call    3 returned 1
branch  4 taken 1 (fallthrough)
branch  5 taken 0 (throw)
        1:   74-block  2
call    6 returned 1
branch  7 taken 0 (fallthrough)
branch  8 taken 1
    %%%%%:   74-block  3
call    9 never executed
branch 10 never executed (fallthrough)
branch 11 never executed (throw)
    %%%%%:   74-block  4
call   12 never executed
call   13 never executed
branch 14 never executed (fallthrough)
branch 15 never executed (throw)
    %%%%%:   74-block  5
call   16 never executed
branch 17 never executed (fallthrough)
branch 18 never executed (throw)
    %%%%%:   74-block  6
call   19 never executed
call   20 never executed
        1:   74-block  7
call   21 returned 1
    $$$$$:   74-block  8
    $$$$$:   74-block  9
    $$$$$:   74-block 10
call   22 never executed
    $$$$$:   74-block 11
    $$$$$:   74-block 12
call   23 never executed
    $$$$$:   74-block 13
    $$$$$:   74-block 14
call   24 never executed
        1:   75:}
call    0 returned 1
call    1 returned 1
    $$$$$:   75-block  0
call    2 never executed
    $$$$$:   75-block  1
call    3 never executed
------------------
        -:   76:
        -:   77:// 8️⃣ Тест: чтение из потока с пустыми строками
        4:   78:TEST(TapeTest, InputOperatorSkipsEmptyLines) {
        1:   79:    std::istringstream input("\n\n0101\n");
        1:   80:    Tape t;
        1:   81:    input >> t;
       1*:   82:    EXPECT_EQ(t.Read(), 0);
        1:   83:    t.MoveRight();
       1*:   84:    EXPECT_EQ(t.Read(), 1);
        1:   85:}
------------------
_ZN42TapeTest_InputOperatorSkipsEmptyLines_TestC1Ev:
function _ZN42TapeTest_InputOperatorSkipsEmptyLines_TestC1Ev called 1 returned 100% blocks executed 100%
        1:   78:TEST(TapeTest, InputOperatorSkipsEmptyLines) {
        1:   78-block  0
call    0 returned 1
------------------
_ZN42TapeTest_InputOperatorSkipsEmptyLines_TestD0Ev:
function _ZN42TapeTest_InputOperatorSkipsEmptyLines_TestD0Ev called 1 returned 100% blocks executed 100%
        1:   78:TEST(TapeTest, InputOperatorSkipsEmptyLines) {
        1:   78-block  0
call    0 returned 1
call    1 returned 1
------------------
_ZN42TapeTest_InputOperatorSkipsEmptyLines_TestD1Ev:
function _ZN42TapeTest_InputOperatorSkipsEmptyLines_TestD1Ev called 1 returned 100% blocks executed 100%
        1:   78:TEST(TapeTest, InputOperatorSkipsEmptyLines) {
        1:   78-block  0
call    0 returned 1
------------------
_ZN42TapeTest_InputOperatorSkipsEmptyLines_Test8TestBodyEv:
function _ZN42TapeTest_InputOperatorSkipsEmptyLines_Test8TestBodyEv called 1 returned 100% blocks executed 33%
        1:   78:TEST(TapeTest, InputOperatorSkipsEmptyLines) {
        1:   78-block  0
        1:   79:    std::istringstream input("\n\n0101\n");
        1:   79-block  0
call    0 returned 1
branch  1 taken 1 (fallthrough)
branch  2 taken 0 (throw)
        1:   79-block  1
call    3 returned 1
branch  4 taken 1 (fallthrough)
branch  5 taken 0 (throw)
        1:   79-block  2
call    6 returned 1
    $$$$$:   79-block  3
call    7 never executed
    $$$$$:   79-block  4
    $$$$$:   79-block  5
        1:   80:    Tape t;
        1:   80-block  0
call    0 returned 1
branch  1 taken 1 (fallthrough)
branch  2 taken 0 (throw)
        1:   81:    input >> t;
        1:   81-block  0
call    0 returned 1
branch  1 taken 1 (fallthrough)
branch  2 taken 0 (throw)
       1*:   82:    EXPECT_EQ(t.Read(), 0);
        1:   82-block  0
call    0 returned 1
branch  1 taken 1 (fallthrough)
branch  2 taken 0 (throw)
        1:   82-block  1
call    3 returned 1
branch  4 taken 1 (fallthrough)
branch  5 taken 0 (throw)
        1:   82-block  2
call    6 returned 1
branch  7 taken 0 (fallthrough)
branch  8 taken 1
    %%%%%:   82-block  3
call    9 never executed
branch 10 never executed (fallthrough)
branch 11 never executed (throw)
    %%%%%:   82-block  4
call   12 never executed
call   13 never executed
branch 14 never executed (fallthrough)
branch 15 never executed (throw)
    %%%%%:   82-block  5
call   16 never executed
branch 17 never executed (fallthrough)
branch 18 never executed (throw)
    %%%%%:   82-block  6
call   19 never executed
call   20 never executed
        1:   82-block  7
call   21 returned 1
    $$$$$:   82-block  8
    $$$$$:   82-block  9
    $$$$$:   82-block 10
call   22 never executed
    $$$$$:   82-block 11
    $$$$$:   82-block 12
call   23 never executed
    $$$$$:   82-block 13
    $$$$$:   82-block 14
call   24 never executed
        1:   83:    t.MoveRight();
call    0 returned 1
branch  1 taken 1 (fallthrough)
branch  2 taken 0 (throw)
       1*:   84:    EXPECT_EQ(t.Read(), 1);
        1:   84-block  0
call    0 returned 1
branch  1 taken 1 (fallthrough)
branch  2 taken 0 (throw)
        1:   84-block  1
call    3 returned 1
branch  4 taken 1 (fallthrough)
branch  5 taken 0 (throw)
        1:   84-block  2
call    6 returned 1
branch  7 taken 0 (fallthrough)
branch  8 taken 1
    %%%%%:   84-block  3
call    9 never executed
branch 10 never executed (fallthrough)
branch 11 never executed (throw)
    %%%%%:   84-block  4
call   12 never executed
call   13 never executed
branch 14 never executed (fallthrough)
branch 15 never executed (throw)
    %%%%%:   84-block  5
call   16 never executed
branch 17 never executed (fallthrough)
branch 18 never executed (throw)
    %%%%%:   84-block  6
call   19 never executed
call   20 never executed
        1:   84-block  7
call   21 returned 1
    $$$$$:   84-block  8
    $$$$$:   84-block  9
    $$$$$:   84-block 10
call   22 never executed
    $$$$$:   84-block 11
    $$$$$:   84-block 12
call   23 never executed
    $$$$$:   84-block 13
    $$$$$:   84-block 14
call   24 never executed
        1:   85:}
call    0 returned 1
call    1 returned 1
    $$$$$:   85-block  0
call    2 never executed
    $$$$$:   85-block  1
call    3 never executed
------------------
        -:   86:
        -:   87:// 9️⃣ Тест: ModifyTape изменяет значение по позиции
        4:   88:TEST(TapeTest, ModifyTapeChangesValue) {
        1:   89:    Tape t;
        1:   90:    t.WriteZero();
        1:   91:    t.ModifyTape(0, '1');
       1*:   92:    EXPECT_EQ(t.Read(), 1);
        1:   93:}
------------------
_ZN36TapeTest_ModifyTapeChangesValue_TestC1Ev:
function _ZN36TapeTest_ModifyTapeChangesValue_TestC1Ev called 1 returned 100% blocks executed 100%
        1:   88:TEST(TapeTest, ModifyTapeChangesValue) {
        1:   88-block  0
call    0 returned 1
------------------
_ZN36TapeTest_ModifyTapeChangesValue_TestD0Ev:
function _ZN36TapeTest_ModifyTapeChangesValue_TestD0Ev called 1 returned 100% blocks executed 100%
        1:   88:TEST(TapeTest, ModifyTapeChangesValue) {
        1:   88-block  0
call    0 returned 1
call    1 returned 1
------------------
_ZN36TapeTest_ModifyTapeChangesValue_TestD1Ev:
function _ZN36TapeTest_ModifyTapeChangesValue_TestD1Ev called 1 returned 100% blocks executed 100%
        1:   88:TEST(TapeTest, ModifyTapeChangesValue) {
        1:   88-block  0
call    0 returned 1
------------------
_ZN36TapeTest_ModifyTapeChangesValue_Test8TestBodyEv:
function _ZN36TapeTest_ModifyTapeChangesValue_Test8TestBodyEv called 1 returned 100% blocks executed 35%
        1:   88:TEST(TapeTest, ModifyTapeChangesValue) {
        1:   89:    Tape t;
        1:   89-block  0
call    0 returned 1
branch  1 taken 1 (fallthrough)
branch  2 taken 0 (throw)
        1:   90:    t.WriteZero();
        1:   90-block  0
call    0 returned 1
branch  1 taken 1 (fallthrough)
branch  2 taken 0 (throw)
        1:   91:    t.ModifyTape(0, '1');
        1:   91-block  0
call    0 returned 1
branch  1 taken 1 (fallthrough)
branch  2 taken 0 (throw)
       1*:   92:    EXPECT_EQ(t.Read(), 1);
        1:   92-block  0
call    0 returned 1
branch  1 taken 1 (fallthrough)
branch  2 taken 0 (throw)
        1:   92-block  1
call    3 returned 1
branch  4 taken 1 (fallthrough)
branch  5 taken 0 (throw)
        1:   92-block  2
call    6 returned 1
branch  7 taken 0 (fallthrough)
branch  8 taken 1
    %%%%%:   92-block  3
call    9 never executed
branch 10 never executed (fallthrough)
branch 11 never executed (throw)
    %%%%%:   92-block  4
call   12 never executed
call   13 never executed
branch 14 never executed (fallthrough)
branch 15 never executed (throw)
    %%%%%:   92-block  5
call   16 never executed
branch 17 never executed (fallthrough)
branch 18 never executed (throw)
    %%%%%:   92-block  6
call   19 never executed
call   20 never executed
        1:   92-block  7
call   21 returned 1
    $$$$$:   92-block  8
    $$$$$:   92-block  9
    $$$$$:   92-block 10
call   22 never executed
    $$$$$:   92-block 11
    $$$$$:   92-block 12
call   23 never executed
    $$$$$:   92-block 13
    $$$$$:   92-block 14
call   24 never executed
        1:   93:}
call    0 returned 1
    $$$$$:   93-block  0
call    1 never executed
------------------
        -:   94:
        -:   95:// 🔟 Тест: ModifyTape выбрасывает исключение при неверном символе
        4:   96:TEST(TapeTest, ModifyTapeThrowsOnInvalidValue) {
        1:   97:    Tape t;
       1*:   98:    EXPECT_THROW(t.ModifyTape(0, 'x'), std::invalid_argument);
        1:   99:}
------------------
_ZN44TapeTest_ModifyTapeThrowsOnInvalidValue_TestC1Ev:
function _ZN44TapeTest_ModifyTapeThrowsOnInvalidValue_TestC1Ev called 1 returned 100% blocks executed 100%
        1:   96:TEST(TapeTest, ModifyTapeThrowsOnInvalidValue) {
        1:   96-block  0
call    0 returned 1
------------------
_ZN44TapeTest_ModifyTapeThrowsOnInvalidValue_TestD0Ev:
function _ZN44TapeTest_ModifyTapeThrowsOnInvalidValue_TestD0Ev called 1 returned 100% blocks executed 100%
        1:   96:TEST(TapeTest, ModifyTapeThrowsOnInvalidValue) {
        1:   96-block  0
call    0 returned 1
call    1 returned 1
------------------
_ZN44TapeTest_ModifyTapeThrowsOnInvalidValue_TestD1Ev:
function _ZN44TapeTest_ModifyTapeThrowsOnInvalidValue_TestD1Ev called 1 returned 100% blocks executed 100%
        1:   96:TEST(TapeTest, ModifyTapeThrowsOnInvalidValue) {
        1:   96-block  0
call    0 returned 1
------------------
_ZN44TapeTest_ModifyTapeThrowsOnInvalidValue_Test8TestBodyEv:
function _ZN44TapeTest_ModifyTapeThrowsOnInvalidValue_Test8TestBodyEv called 1 returned 100% blocks executed 26%
        1:   96:TEST(TapeTest, ModifyTapeThrowsOnInvalidValue) {
        1:   97:    Tape t;
        1:   97-block  0
call    0 returned 1
branch  1 taken 1 (fallthrough)
branch  2 taken 0 (throw)
       1*:   98:    EXPECT_THROW(t.ModifyTape(0, 'x'), std::invalid_argument);
        1:   98-block  0
call    0 returned 1
call    1 returned 1
branch  2 taken 1 (fallthrough)
branch  3 taken 0
        1:   98-block  1
call    4 returned 1
branch  5 taken 1 (fallthrough)
branch  6 taken 0 (throw)
        1:   98-block  2
branch  7 taken 1 (fallthrough)
branch  8 taken 0
        1:   98-block  3
call    9 returned 1
branch 10 taken 0 (fallthrough)
branch 11 taken 1 (throw)
        1:   98-block  4
branch 12 taken 0 (fallthrough)
branch 13 taken 1
    %%%%%:   98-block  5
call   14 never executed
branch 15 never executed (fallthrough)
branch 16 never executed (throw)
    %%%%%:   98-block  6
    %%%%%:   98-block  7
call   17 never executed
branch 18 never executed (fallthrough)
branch 19 never executed (throw)
    %%%%%:   98-block  8
call   20 never executed
call   21 never executed
branch 22 never executed (fallthrough)
branch 23 never executed (throw)
    %%%%%:   98-block  9
call   24 never executed
branch 25 never executed (fallthrough)
branch 26 never executed (throw)
    %%%%%:   98-block 10
call   27 never executed
call   28 never executed
        1:   98-block 11
call   29 returned 1
        1:   98-block 12
branch 30 taken 1
branch 31 taken 0
branch 32 taken 0
        1:   98-block 13
call   33 returned 1
call   34 returned 1
    $$$$$:   98-block 14
call   35 never executed
call   36 never executed
branch 37 never executed (fallthrough)
branch 38 never executed (throw)
    $$$$$:   98-block 15
call   39 never executed
branch 40 never executed (fallthrough)
branch 41 never executed (throw)
    $$$$$:   98-block 16
call   42 never executed
branch 43 never executed (fallthrough)
branch 44 never executed (throw)
    $$$$$:   98-block 17
call   45 never executed
call   46 never executed
branch 47 never executed (fallthrough)
branch 48 never executed (throw)
    $$$$$:   98-block 18
call   49 never executed
call   50 never executed
branch 51 never executed (fallthrough)
branch 52 never executed (throw)
    $$$$$:   98-block 19
call   53 never executed
branch 54 never executed (fallthrough)
branch 55 never executed (throw)
    $$$$$:   98-block 20
    $$$$$:   98-block 21
call   56 never executed
    $$$$$:   98-block 22
call   57 never executed
call   58 never executed
branch 59 never executed (fallthrough)
branch 60 never executed (throw)
    $$$$$:   98-block 23
    $$$$$:   98-block 24
call   61 never executed
branch 62 never executed (fallthrough)
branch 63 never executed (throw)
    $$$$$:   98-block 25
call   64 never executed
    $$$$$:   98-block 26
    $$$$$:   98-block 27
call   65 never executed
    $$$$$:   98-block 28
call   66 never executed
    $$$$$:   98-block 29
call   67 never executed
    $$$$$:   98-block 30
    $$$$$:   98-block 31
call   68 never executed
    $$$$$:   98-block 32
    $$$$$:   98-block 33
call   69 never executed
        1:   99:}
call    0 returned 1
    $$$$$:   99-block  0
call    1 never executed
------------------
        -:  100:
        -:  101:// 1️⃣ Тест: Конструктор для простого правила
        4:  102:TEST(RuleTest, SimpleConstructorSetsFieldsCorrectly) {
        1:  103:    Rule r(1, Rule::writeOne, 2);
       1*:  104:    EXPECT_EQ(r.GetRuleNumber(), 1);
       1*:  105:    EXPECT_EQ(r.GetAction(), Rule::writeOne);
       1*:  106:    EXPECT_EQ(r.GetNextRule(), 2);
       1*:  107:    EXPECT_EQ(r.GetCondition(), -1);
       1*:  108:    EXPECT_EQ(r.GetNextIfZero(), -1);
       1*:  109:    EXPECT_EQ(r.GetNextIfOne(), -1);
        1:  110:}
------------------
_ZN50RuleTest_SimpleConstructorSetsFieldsCorrectly_TestC1Ev:
function _ZN50RuleTest_SimpleConstructorSetsFieldsCorrectly_TestC1Ev called 1 returned 100% blocks executed 100%
        1:  102:TEST(RuleTest, SimpleConstructorSetsFieldsCorrectly) {
        1:  102-block  0
call    0 returned 1
------------------
_ZN50RuleTest_SimpleConstructorSetsFieldsCorrectly_TestD0Ev:
function _ZN50RuleTest_SimpleConstructorSetsFieldsCorrectly_TestD0Ev called 1 returned 100% blocks executed 100%
        1:  102:TEST(RuleTest, SimpleConstructorSetsFieldsCorrectly) {
        1:  102-block  0
call    0 returned 1
call    1 returned 1
------------------
_ZN50RuleTest_SimpleConstructorSetsFieldsCorrectly_TestD1Ev:
function _ZN50RuleTest_SimpleConstructorSetsFieldsCorrectly_TestD1Ev called 1 returned 100% blocks executed 100%
        1:  102:TEST(RuleTest, SimpleConstructorSetsFieldsCorrectly) {
        1:  102-block  0
call    0 returned 1
------------------
_ZN50RuleTest_SimpleConstructorSetsFieldsCorrectly_Test8TestBodyEv:
function _ZN50RuleTest_SimpleConstructorSetsFieldsCorrectly_Test8TestBodyEv called 1 returned 100% blocks executed 23%
        1:  102:TEST(RuleTest, SimpleConstructorSetsFieldsCorrectly) {
        1:  103:    Rule r(1, Rule::writeOne, 2);
        1:  103-block  0
call    0 returned 1
branch  1 taken 1 (fallthrough)
branch  2 taken 0 (throw)
       1*:  104:    EXPECT_EQ(r.GetRuleNumber(), 1);
        1:  104-block  0
call    0 returned 1
branch  1 taken 1 (fallthrough)
branch  2 taken 0 (throw)
        1:  104-block  1
call    3 returned 1
branch  4 taken 1 (fallthrough)
branch  5 taken 0 (throw)
        1:  104-block  2
call    6 returned 1
branch  7 taken 0 (fallthrough)
branch  8 taken 1
    %%%%%:  104-block  3
call    9 never executed
branch 10 never executed (fallthrough)
branch 11 never executed (throw)
    %%%%%:  104-block  4
call   12 never executed
call   13 never executed
branch 14 never executed (fallthrough)
branch 15 never executed (throw)
    %%%%%:  104-block  5
call   16 never executed
branch 17 never executed (fallthrough)
branch 18 never executed (throw)
    %%%%%:  104-block  6
call   19 never executed
call   20 never executed
        1:  104-block  7
call   21 returned 1
    $$$$$:  104-block  8
    $$$$$:  104-block  9
    $$$$$:  104-block 10
call   22 never executed
    $$$$$:  104-block 11
    $$$$$:  104-block 12
call   23 never executed
    $$$$$:  104-block 13
    $$$$$:  104-block 14
call   24 never executed
       1*:  105:    EXPECT_EQ(r.GetAction(), Rule::writeOne);
call    0 returned 1
branch  1 taken 1 (fallthrough)
branch  2 taken 0 (throw)
        1:  105-block  0
call    3 returned 1
branch  4 taken 1 (fallthrough)
branch  5 taken 0 (throw)
        1:  105-block  1
call    6 returned 1
branch  7 taken 0 (fallthrough)
branch  8 taken 1
    %%%%%:  105-block  2
call    9 never executed
branch 10 never executed (fallthrough)
branch 11 never executed (throw)
    %%%%%:  105-block  3
call   12 never executed
call   13 never executed
branch 14 never executed (fallthrough)
branch 15 never executed (throw)
    %%%%%:  105-block  4
call   16 never executed
branch 17 never executed (fallthrough)
branch 18 never executed (throw)
    %%%%%:  105-block  5
call   19 never executed
call   20 never executed
        1:  105-block  6
call   21 returned 1
    $$$$$:  105-block  7
    $$$$$:  105-block  8
    $$$$$:  105-block  9
call   22 never executed
    $$$$$:  105-block 10
    $$$$$:  105-block 11
call   23 never executed
    $$$$$:  105-block 12
    $$$$$:  105-block 13
call   24 never executed
       1*:  106:    EXPECT_EQ(r.GetNextRule(), 2);
call    0 returned 1
branch  1 taken 1 (fallthrough)
branch  2 taken 0 (throw)
        1:  106-block  0
call    3 returned 1
branch  4 taken 1 (fallthrough)
branch  5 taken 0 (throw)
        1:  106-block  1
call    6 returned 1
branch  7 taken 0 (fallthrough)
branch  8 taken 1
    %%%%%:  106-block  2
call    9 never executed
branch 10 never executed (fallthrough)
branch 11 never executed (throw)
    %%%%%:  106-block  3
call   12 never executed
call   13 never executed
branch 14 never executed (fallthrough)
branch 15 never executed (throw)
    %%%%%:  106-block  4
call   16 never executed
branch 17 never executed (fallthrough)
branch 18 never executed (throw)
    %%%%%:  106-block  5
call   19 never executed
call   20 never executed
        1:  106-block  6
call   21 returned 1
    $$$$$:  106-block  7
    $$$$$:  106-block  8
    $$$$$:  106-block  9
call   22 never executed
    $$$$$:  106-block 10
    $$$$$:  106-block 11
call   23 never executed
    $$$$$:  106-block 12
    $$$$$:  106-block 13
call   24 never executed
       1*:  107:    EXPECT_EQ(r.GetCondition(), -1);
call    0 returned 1
branch  1 taken 1 (fallthrough)
branch  2 taken 0 (throw)
        1:  107-block  0
call    3 returned 1
branch  4 taken 1 (fallthrough)
branch  5 taken 0 (throw)
        1:  107-block  1
call    6 returned 1
branch  7 taken 0 (fallthrough)
branch  8 taken 1
    %%%%%:  107-block  2
call    9 never executed
branch 10 never executed (fallthrough)
branch 11 never executed (throw)
    %%%%%:  107-block  3
call   12 never executed
call   13 never executed
branch 14 never executed (fallthrough)
branch 15 never executed (throw)
    %%%%%:  107-block  4
call   16 never executed
branch 17 never executed (fallthrough)
branch 18 never executed (throw)
    %%%%%:  107-block  5
call   19 never executed
call   20 never executed
        1:  107-block  6
call   21 returned 1
    $$$$$:  107-block  7
    $$$$$:  107-block  8
    $$$$$:  107-block  9
call   22 never executed
    $$$$$:  107-block 10
    $$$$$:  107-block 11
call   23 never executed
    $$$$$:  107-block 12
    $$$$$:  107-block 13
call   24 never executed
       1*:  108:    EXPECT_EQ(r.GetNextIfZero(), -1);
call    0 returned 1
branch  1 taken 1 (fallthrough)
branch  2 taken 0 (throw)
        1:  108-block  0
call    3 returned 1
branch  4 taken 1 (fallthrough)
branch  5 taken 0 (throw)
        1:  108-block  1
call    6 returned 1
branch  7 taken 0 (fallthrough)
branch  8 taken 1
    %%%%%:  108-block  2
call    9 never executed
branch 10 never executed (fallthrough)
branch 11 never executed (throw)
    %%%%%:  108-block  3
call   12 never executed
call   13 never executed
branch 14 never executed (fallthrough)
branch 15 never executed (throw)
    %%%%%:  108-block  4
call   16 never executed
branch 17 never executed (fallthrough)
branch 18 never executed (throw)
    %%%%%:  108-block  5
call   19 never executed
call   20 never executed
        1:  108-block  6
call   21 returned 1
    $$$$$:  108-block  7
    $$$$$:  108-block  8
    $$$$$:  108-block  9
call   22 never executed
    $$$$$:  108-block 10
    $$$$$:  108-block 11
call   23 never executed
    $$$$$:  108-block 12
    $$$$$:  108-block 13
call   24 never executed
       1*:  109:    EXPECT_EQ(r.GetNextIfOne(), -1);
call    0 returned 1
branch  1 taken 1 (fallthrough)
branch  2 taken 0 (throw)
        1:  109-block  0
call    3 returned 1
branch  4 taken 1 (fallthrough)
branch  5 taken 0 (throw)
        1:  109-block  1
call    6 returned 1
branch  7 taken 0 (fallthrough)
branch  8 taken 1
    %%%%%:  109-block  2
call    9 never executed
branch 10 never executed (fallthrough)
branch 11 never executed (throw)
    %%%%%:  109-block  3
call   12 never executed
call   13 never executed
branch 14 never executed (fallthrough)
branch 15 never executed (throw)
    %%%%%:  109-block  4
call   16 never executed
branch 17 never executed (fallthrough)
branch 18 never executed (throw)
    %%%%%:  109-block  5
call   19 never executed
call   20 never executed
        1:  109-block  6
call   21 returned 1
    $$$$$:  109-block  7
    $$$$$:  109-block  8
    $$$$$:  109-block  9
call   22 never executed
    $$$$$:  109-block 10
    $$$$$:  109-block 11
call   23 never executed
    $$$$$:  109-block 12
    $$$$$:  109-block 13
call   24 never executed
        1:  110:}
------------------
        -:  111:
        -:  112:// 2️⃣ Тест: Конструктор для условного правила (moveIf)
        4:  113:TEST(RuleTest, ConditionalConstructorSetsFieldsCorrectly) {
        1:  114:    Rule r(5, Rule::moveIf, 1, 2, 3);
       1*:  115:    EXPECT_EQ(r.GetRuleNumber(), 5);
       1*:  116:    EXPECT_EQ(r.GetAction(), Rule::moveIf);
       1*:  117:    EXPECT_EQ(r.GetCondition(), 1);
       1*:  118:    EXPECT_EQ(r.GetNextIfZero(), 2);
       1*:  119:    EXPECT_EQ(r.GetNextIfOne(), 3);
       1*:  120:    EXPECT_EQ(r.GetNextRule(), -1);
        1:  121:}
------------------
_ZN55RuleTest_ConditionalConstructorSetsFieldsCorrectly_TestC1Ev:
function _ZN55RuleTest_ConditionalConstructorSetsFieldsCorrectly_TestC1Ev called 1 returned 100% blocks executed 100%
        1:  113:TEST(RuleTest, ConditionalConstructorSetsFieldsCorrectly) {
        1:  113-block  0
call    0 returned 1
------------------
_ZN55RuleTest_ConditionalConstructorSetsFieldsCorrectly_TestD0Ev:
function _ZN55RuleTest_ConditionalConstructorSetsFieldsCorrectly_TestD0Ev called 1 returned 100% blocks executed 100%
        1:  113:TEST(RuleTest, ConditionalConstructorSetsFieldsCorrectly) {
        1:  113-block  0
call    0 returned 1
call    1 returned 1
------------------
_ZN55RuleTest_ConditionalConstructorSetsFieldsCorrectly_TestD1Ev:
function _ZN55RuleTest_ConditionalConstructorSetsFieldsCorrectly_TestD1Ev called 1 returned 100% blocks executed 100%
        1:  113:TEST(RuleTest, ConditionalConstructorSetsFieldsCorrectly) {
        1:  113-block  0
call    0 returned 1
------------------
_ZN55RuleTest_ConditionalConstructorSetsFieldsCorrectly_Test8TestBodyEv:
function _ZN55RuleTest_ConditionalConstructorSetsFieldsCorrectly_Test8TestBodyEv called 1 returned 100% blocks executed 23%
        1:  113:TEST(RuleTest, ConditionalConstructorSetsFieldsCorrectly) {
        1:  114:    Rule r(5, Rule::moveIf, 1, 2, 3);
        1:  114-block  0
call    0 returned 1
branch  1 taken 1 (fallthrough)
branch  2 taken 0 (throw)
       1*:  115:    EXPECT_EQ(r.GetRuleNumber(), 5);
        1:  115-block  0
call    0 returned 1
branch  1 taken 1 (fallthrough)
branch  2 taken 0 (throw)
        1:  115-block  1
call    3 returned 1
branch  4 taken 1 (fallthrough)
branch  5 taken 0 (throw)
        1:  115-block  2
call    6 returned 1
branch  7 taken 0 (fallthrough)
branch  8 taken 1
    %%%%%:  115-block  3
call    9 never executed
branch 10 never executed (fallthrough)
branch 11 never executed (throw)
    %%%%%:  115-block  4
call   12 never executed
call   13 never executed
branch 14 never executed (fallthrough)
branch 15 never executed (throw)
    %%%%%:  115-block  5
call   16 never executed
branch 17 never executed (fallthrough)
branch 18 never executed (throw)
    %%%%%:  115-block  6
call   19 never executed
call   20 never executed
        1:  115-block  7
call   21 returned 1
    $$$$$:  115-block  8
    $$$$$:  115-block  9
    $$$$$:  115-block 10
call   22 never executed
    $$$$$:  115-block 11
    $$$$$:  115-block 12
call   23 never executed
    $$$$$:  115-block 13
    $$$$$:  115-block 14
call   24 never executed
       1*:  116:    EXPECT_EQ(r.GetAction(), Rule::moveIf);
call    0 returned 1
branch  1 taken 1 (fallthrough)
branch  2 taken 0 (throw)
        1:  116-block  0
call    3 returned 1
branch  4 taken 1 (fallthrough)
branch  5 taken 0 (throw)
        1:  116-block  1
call    6 returned 1
branch  7 taken 0 (fallthrough)
branch  8 taken 1
    %%%%%:  116-block  2
call    9 never executed
branch 10 never executed (fallthrough)
branch 11 never executed (throw)
    %%%%%:  116-block  3
call   12 never executed
call   13 never executed
branch 14 never executed (fallthrough)
branch 15 never executed (throw)
    %%%%%:  116-block  4
call   16 never executed
branch 17 never executed (fallthrough)
branch 18 never executed (throw)
    %%%%%:  116-block  5
call   19 never executed
call   20 never executed
        1:  116-block  6
call   21 returned 1
    $$$$$:  116-block  7
    $$$$$:  116-block  8
    $$$$$:  116-block  9
call   22 never executed
    $$$$$:  116-block 10
    $$$$$:  116-block 11
call   23 never executed
    $$$$$:  116-block 12
    $$$$$:  116-block 13
call   24 never executed
       1*:  117:    EXPECT_EQ(r.GetCondition(), 1);
call    0 returned 1
branch  1 taken 1 (fallthrough)
branch  2 taken 0 (throw)
        1:  117-block  0
call    3 returned 1
branch  4 taken 1 (fallthrough)
branch  5 taken 0 (throw)
        1:  117-block  1
call    6 returned 1
branch  7 taken 0 (fallthrough)
branch  8 taken 1
    %%%%%:  117-block  2
call    9 never executed
branch 10 never executed (fallthrough)
branch 11 never executed (throw)
    %%%%%:  117-block  3
call   12 never executed
call   13 never executed
branch 14 never executed (fallthrough)
branch 15 never executed (throw)
    %%%%%:  117-block  4
call   16 never executed
branch 17 never executed (fallthrough)
branch 18 never executed (throw)
    %%%%%:  117-block  5
call   19 never executed
call   20 never executed
        1:  117-block  6
call   21 returned 1
    $$$$$:  117-block  7
    $$$$$:  117-block  8
    $$$$$:  117-block  9
call   22 never executed
    $$$$$:  117-block 10
    $$$$$:  117-block 11
call   23 never executed
    $$$$$:  117-block 12
    $$$$$:  117-block 13
call   24 never executed
       1*:  118:    EXPECT_EQ(r.GetNextIfZero(), 2);
call    0 returned 1
branch  1 taken 1 (fallthrough)
branch  2 taken 0 (throw)
        1:  118-block  0
call    3 returned 1
branch  4 taken 1 (fallthrough)
branch  5 taken 0 (throw)
        1:  118-block  1
call    6 returned 1
branch  7 taken 0 (fallthrough)
branch  8 taken 1
    %%%%%:  118-block  2
call    9 never executed
branch 10 never executed (fallthrough)
branch 11 never executed (throw)
    %%%%%:  118-block  3
call   12 never executed
call   13 never executed
branch 14 never executed (fallthrough)
branch 15 never executed (throw)
    %%%%%:  118-block  4
call   16 never executed
branch 17 never executed (fallthrough)
branch 18 never executed (throw)
    %%%%%:  118-block  5
call   19 never executed
call   20 never executed
        1:  118-block  6
call   21 returned 1
    $$$$$:  118-block  7
    $$$$$:  118-block  8
    $$$$$:  118-block  9
call   22 never executed
    $$$$$:  118-block 10
    $$$$$:  118-block 11
call   23 never executed
    $$$$$:  118-block 12
    $$$$$:  118-block 13
call   24 never executed
       1*:  119:    EXPECT_EQ(r.GetNextIfOne(), 3);
call    0 returned 1
branch  1 taken 1 (fallthrough)
branch  2 taken 0 (throw)
        1:  119-block  0
call    3 returned 1
branch  4 taken 1 (fallthrough)
branch  5 taken 0 (throw)
        1:  119-block  1
call    6 returned 1
branch  7 taken 0 (fallthrough)
branch  8 taken 1
    %%%%%:  119-block  2
call    9 never executed
branch 10 never executed (fallthrough)
branch 11 never executed (throw)
    %%%%%:  119-block  3
call   12 never executed
call   13 never executed
branch 14 never executed (fallthrough)
branch 15 never executed (throw)
    %%%%%:  119-block  4
call   16 never executed
branch 17 never executed (fallthrough)
branch 18 never executed (throw)
    %%%%%:  119-block  5
call   19 never executed
call   20 never executed
        1:  119-block  6
call   21 returned 1
    $$$$$:  119-block  7
    $$$$$:  119-block  8
    $$$$$:  119-block  9
call   22 never executed
    $$$$$:  119-block 10
    $$$$$:  119-block 11
call   23 never executed
    $$$$$:  119-block 12
    $$$$$:  119-block 13
call   24 never executed
       1*:  120:    EXPECT_EQ(r.GetNextRule(), -1);
call    0 returned 1
branch  1 taken 1 (fallthrough)
branch  2 taken 0 (throw)
        1:  120-block  0
call    3 returned 1
branch  4 taken 1 (fallthrough)
branch  5 taken 0 (throw)
        1:  120-block  1
call    6 returned 1
branch  7 taken 0 (fallthrough)
branch  8 taken 1
    %%%%%:  120-block  2
call    9 never executed
branch 10 never executed (fallthrough)
branch 11 never executed (throw)
    %%%%%:  120-block  3
call   12 never executed
call   13 never executed
branch 14 never executed (fallthrough)
branch 15 never executed (throw)
    %%%%%:  120-block  4
call   16 never executed
branch 17 never executed (fallthrough)
branch 18 never executed (throw)
    %%%%%:  120-block  5
call   19 never executed
call   20 never executed
        1:  120-block  6
call   21 returned 1
    $$$$$:  120-block  7
    $$$$$:  120-block  8
    $$$$$:  120-block  9
call   22 never executed
    $$$$$:  120-block 10
    $$$$$:  120-block 11
call   23 never executed
    $$$$$:  120-block 12
    $$$$$:  120-block 13
call   24 never executed
        1:  121:}
------------------
        -:  122:
        -:  123:// 3️⃣ Тест: Getters возвращают корректные значения
        4:  124:TEST(RuleTest, GettersReturnExpectedValues) {
        1:  125:    Rule r(10, Rule::moveRight, 11);
       1*:  126:    EXPECT_EQ(r.GetRuleNumber(), 10);
       1*:  127:    EXPECT_EQ(r.GetAction(), Rule::moveRight);
       1*:  128:    EXPECT_EQ(r.GetNextRule(), 11);
        1:  129:}
------------------
_ZN41RuleTest_GettersReturnExpectedValues_TestC1Ev:
function _ZN41RuleTest_GettersReturnExpectedValues_TestC1Ev called 1 returned 100% blocks executed 100%
        1:  124:TEST(RuleTest, GettersReturnExpectedValues) {
        1:  124-block  0
call    0 returned 1
------------------
_ZN41RuleTest_GettersReturnExpectedValues_TestD0Ev:
function _ZN41RuleTest_GettersReturnExpectedValues_TestD0Ev called 1 returned 100% blocks executed 100%
        1:  124:TEST(RuleTest, GettersReturnExpectedValues) {
        1:  124-block  0
call    0 returned 1
call    1 returned 1
------------------
_ZN41RuleTest_GettersReturnExpectedValues_TestD1Ev:
function _ZN41RuleTest_GettersReturnExpectedValues_TestD1Ev called 1 returned 100% blocks executed 100%
        1:  124:TEST(RuleTest, GettersReturnExpectedValues) {
        1:  124-block  0
call    0 returned 1
------------------
_ZN41RuleTest_GettersReturnExpectedValues_Test8TestBodyEv:
function _ZN41RuleTest_GettersReturnExpectedValues_Test8TestBodyEv called 1 returned 100% blocks executed 25%
        1:  124:TEST(RuleTest, GettersReturnExpectedValues) {
        1:  125:    Rule r(10, Rule::moveRight, 11);
        1:  125-block  0
call    0 returned 1
branch  1 taken 1 (fallthrough)
branch  2 taken 0 (throw)
       1*:  126:    EXPECT_EQ(r.GetRuleNumber(), 10);
        1:  126-block  0
call    0 returned 1
branch  1 taken 1 (fallthrough)
branch  2 taken 0 (throw)
        1:  126-block  1
call    3 returned 1
branch  4 taken 1 (fallthrough)
branch  5 taken 0 (throw)
        1:  126-block  2
call    6 returned 1
branch  7 taken 0 (fallthrough)
branch  8 taken 1
    %%%%%:  126-block  3
call    9 never executed
branch 10 never executed (fallthrough)
branch 11 never executed (throw)
    %%%%%:  126-block  4
call   12 never executed
call   13 never executed
branch 14 never executed (fallthrough)
branch 15 never executed (throw)
    %%%%%:  126-block  5
call   16 never executed
branch 17 never executed (fallthrough)
branch 18 never executed (throw)
    %%%%%:  126-block  6
call   19 never executed
call   20 never executed
        1:  126-block  7
call   21 returned 1
    $$$$$:  126-block  8
    $$$$$:  126-block  9
    $$$$$:  126-block 10
call   22 never executed
    $$$$$:  126-block 11
    $$$$$:  126-block 12
call   23 never executed
    $$$$$:  126-block 13
    $$$$$:  126-block 14
call   24 never executed
       1*:  127:    EXPECT_EQ(r.GetAction(), Rule::moveRight);
call    0 returned 1
branch  1 taken 1 (fallthrough)
branch  2 taken 0 (throw)
        1:  127-block  0
call    3 returned 1
branch  4 taken 1 (fallthrough)
branch  5 taken 0 (throw)
        1:  127-block  1
call    6 returned 1
branch  7 taken 0 (fallthrough)
branch  8 taken 1
    %%%%%:  127-block  2
call    9 never executed
branch 10 never executed (fallthrough)
branch 11 never executed (throw)
    %%%%%:  127-block  3
call   12 never executed
call   13 never executed
branch 14 never executed (fallthrough)
branch 15 never executed (throw)
    %%%%%:  127-block  4
call   16 never executed
branch 17 never executed (fallthrough)
branch 18 never executed (throw)
    %%%%%:  127-block  5
call   19 never executed
call   20 never executed
        1:  127-block  6
call   21 returned 1
    $$$$$:  127-block  7
    $$$$$:  127-block  8
    $$$$$:  127-block  9
call   22 never executed
    $$$$$:  127-block 10
    $$$$$:  127-block 11
call   23 never executed
    $$$$$:  127-block 12
    $$$$$:  127-block 13
call   24 never executed
       1*:  128:    EXPECT_EQ(r.GetNextRule(), 11);
call    0 returned 1
branch  1 taken 1 (fallthrough)
branch  2 taken 0 (throw)
        1:  128-block  0
call    3 returned 1
branch  4 taken 1 (fallthrough)
branch  5 taken 0 (throw)
        1:  128-block  1
call    6 returned 1
branch  7 taken 0 (fallthrough)
branch  8 taken 1
    %%%%%:  128-block  2
call    9 never executed
branch 10 never executed (fallthrough)
branch 11 never executed (throw)
    %%%%%:  128-block  3
call   12 never executed
call   13 never executed
branch 14 never executed (fallthrough)
branch 15 never executed (throw)
    %%%%%:  128-block  4
call   16 never executed
branch 17 never executed (fallthrough)
branch 18 never executed (throw)
    %%%%%:  128-block  5
call   19 never executed
call   20 never executed
        1:  128-block  6
call   21 returned 1
    $$$$$:  128-block  7
    $$$$$:  128-block  8
    $$$$$:  128-block  9
call   22 never executed
    $$$$$:  128-block 10
    $$$$$:  128-block 11
call   23 never executed
    $$$$$:  128-block 12
    $$$$$:  128-block 13
call   24 never executed
        1:  129:}
------------------
        -:  130:
        -:  131:// 4️⃣ Тест: Оператор ввода >> для простого правила
        4:  132:TEST(RuleTest, InputOperatorReadsSimpleRule) {
        1:  133:    std::istringstream in("7 1 8"); // ruleNumber=7, action=writeOne, nextRule=8
        1:  134:    Rule r(0, Rule::writeZero, 0);
        1:  135:    in >> r;
        -:  136:
       1*:  137:    EXPECT_EQ(r.GetRuleNumber(), 7);
       1*:  138:    EXPECT_EQ(r.GetAction(), Rule::writeOne);
       1*:  139:    EXPECT_EQ(r.GetNextRule(), 8);
        1:  140:}
------------------
_ZN42RuleTest_InputOperatorReadsSimpleRule_TestC1Ev:
function _ZN42RuleTest_InputOperatorReadsSimpleRule_TestC1Ev called 1 returned 100% blocks executed 100%
        1:  132:TEST(RuleTest, InputOperatorReadsSimpleRule) {
        1:  132-block  0
call    0 returned 1
------------------
_ZN42RuleTest_InputOperatorReadsSimpleRule_TestD0Ev:
function _ZN42RuleTest_InputOperatorReadsSimpleRule_TestD0Ev called 1 returned 100% blocks executed 100%
        1:  132:TEST(RuleTest, InputOperatorReadsSimpleRule) {
        1:  132-block  0
call    0 returned 1
call    1 returned 1
------------------
_ZN42RuleTest_InputOperatorReadsSimpleRule_TestD1Ev:
function _ZN42RuleTest_InputOperatorReadsSimpleRule_TestD1Ev called 1 returned 100% blocks executed 100%
        1:  132:TEST(RuleTest, InputOperatorReadsSimpleRule) {
        1:  132-block  0
call    0 returned 1
------------------
_ZN42RuleTest_InputOperatorReadsSimpleRule_Test8TestBodyEv:
function _ZN42RuleTest_InputOperatorReadsSimpleRule_Test8TestBodyEv called 1 returned 100% blocks executed 30%
        1:  132:TEST(RuleTest, InputOperatorReadsSimpleRule) {
        1:  132-block  0
        1:  133:    std::istringstream in("7 1 8"); // ruleNumber=7, action=writeOne, nextRule=8
        1:  133-block  0
call    0 returned 1
branch  1 taken 1 (fallthrough)
branch  2 taken 0 (throw)
        1:  133-block  1
call    3 returned 1
branch  4 taken 1 (fallthrough)
branch  5 taken 0 (throw)
        1:  133-block  2
call    6 returned 1
    $$$$$:  133-block  3
call    7 never executed
    $$$$$:  133-block  4
    $$$$$:  133-block  5
        1:  134:    Rule r(0, Rule::writeZero, 0);
        1:  134-block  0
call    0 returned 1
branch  1 taken 1 (fallthrough)
branch  2 taken 0 (throw)
        1:  135:    in >> r;
        1:  135-block  0
call    0 returned 1
branch  1 taken 1 (fallthrough)
branch  2 taken 0 (throw)
        -:  136:
       1*:  137:    EXPECT_EQ(r.GetRuleNumber(), 7);
        1:  137-block  0
call    0 returned 1
branch  1 taken 1 (fallthrough)
branch  2 taken 0 (throw)
        1:  137-block  1
call    3 returned 1
branch  4 taken 1 (fallthrough)
branch  5 taken 0 (throw)
        1:  137-block  2
call    6 returned 1
branch  7 taken 0 (fallthrough)
branch  8 taken 1
    %%%%%:  137-block  3
call    9 never executed
branch 10 never executed (fallthrough)
branch 11 never executed (throw)
    %%%%%:  137-block  4
call   12 never executed
call   13 never executed
branch 14 never executed (fallthrough)
branch 15 never executed (throw)
    %%%%%:  137-block  5
call   16 never executed
branch 17 never executed (fallthrough)
branch 18 never executed (throw)
    %%%%%:  137-block  6
call   19 never executed
call   20 never executed
        1:  137-block  7
call   21 returned 1
    $$$$$:  137-block  8
    $$$$$:  137-block  9
    $$$$$:  137-block 10
call   22 never executed
    $$$$$:  137-block 11
    $$$$$:  137-block 12
call   23 never executed
    $$$$$:  137-block 13
    $$$$$:  137-block 14
call   24 never executed
       1*:  138:    EXPECT_EQ(r.GetAction(), Rule::writeOne);
call    0 returned 1
branch  1 taken 1 (fallthrough)
branch  2 taken 0 (throw)
        1:  138-block  0
call    3 returned 1
branch  4 taken 1 (fallthrough)
branch  5 taken 0 (throw)
        1:  138-block  1
call    6 returned 1
branch  7 taken 0 (fallthrough)
branch  8 taken 1
    %%%%%:  138-block  2
call    9 never executed
branch 10 never executed (fallthrough)
branch 11 never executed (throw)
    %%%%%:  138-block  3
call   12 never executed
call   13 never executed
branch 14 never executed (fallthrough)
branch 15 never executed (throw)
    %%%%%:  138-block  4
call   16 never executed
branch 17 never executed (fallthrough)
branch 18 never executed (throw)
    %%%%%:  138-block  5
call   19 never executed
call   20 never executed
        1:  138-block  6
call   21 returned 1
    $$$$$:  138-block  7
    $$$$$:  138-block  8
    $$$$$:  138-block  9
call   22 never executed
    $$$$$:  138-block 10
    $$$$$:  138-block 11
call   23 never executed
    $$$$$:  138-block 12
    $$$$$:  138-block 13
call   24 never executed
       1*:  139:    EXPECT_EQ(r.GetNextRule(), 8);
call    0 returned 1
branch  1 taken 1 (fallthrough)
branch  2 taken 0 (throw)
        1:  139-block  0
call    3 returned 1
branch  4 taken 1 (fallthrough)
branch  5 taken 0 (throw)
        1:  139-block  1
call    6 returned 1
branch  7 taken 0 (fallthrough)
branch  8 taken 1
    %%%%%:  139-block  2
call    9 never executed
branch 10 never executed (fallthrough)
branch 11 never executed (throw)
    %%%%%:  139-block  3
call   12 never executed
call   13 never executed
branch 14 never executed (fallthrough)
branch 15 never executed (throw)
    %%%%%:  139-block  4
call   16 never executed
branch 17 never executed (fallthrough)
branch 18 never executed (throw)
    %%%%%:  139-block  5
call   19 never executed
call   20 never executed
        1:  139-block  6
call   21 returned 1
    $$$$$:  139-block  7
    $$$$$:  139-block  8
    $$$$$:  139-block  9
call   22 never executed
    $$$$$:  139-block 10
    $$$$$:  139-block 11
call   23 never executed
    $$$$$:  139-block 12
    $$$$$:  139-block 13
call   24 never executed
        1:  140:}
call    0 returned 1
    $$$$$:  140-block  0
call    1 never executed
------------------
        -:  141:
        -:  142:// 5️⃣ Тест: Оператор ввода >> для условного перехода
        4:  143:TEST(RuleTest, InputOperatorReadsConditionalRule) {
        1:  144:    std::istringstream in("3 5 1 4 6"); // ruleNumber=3, action=moveIf, condition=1, nextIfZero=4, nextIfOne=6
        1:  145:    Rule r(0, Rule::writeZero, 0);
        1:  146:    in >> r;
        -:  147:
       1*:  148:    EXPECT_EQ(r.GetRuleNumber(), 3);
       1*:  149:    EXPECT_EQ(r.GetAction(), Rule::moveIf);
       1*:  150:    EXPECT_EQ(r.GetCondition(), 1);
       1*:  151:    EXPECT_EQ(r.GetNextIfZero(), 4);
       1*:  152:    EXPECT_EQ(r.GetNextIfOne(), 6);
        1:  153:}
------------------
_ZN47RuleTest_InputOperatorReadsConditionalRule_TestC1Ev:
function _ZN47RuleTest_InputOperatorReadsConditionalRule_TestC1Ev called 1 returned 100% blocks executed 100%
        1:  143:TEST(RuleTest, InputOperatorReadsConditionalRule) {
        1:  143-block  0
call    0 returned 1
------------------
_ZN47RuleTest_InputOperatorReadsConditionalRule_TestD0Ev:
function _ZN47RuleTest_InputOperatorReadsConditionalRule_TestD0Ev called 1 returned 100% blocks executed 100%
        1:  143:TEST(RuleTest, InputOperatorReadsConditionalRule) {
        1:  143-block  0
call    0 returned 1
call    1 returned 1
------------------
_ZN47RuleTest_InputOperatorReadsConditionalRule_TestD1Ev:
function _ZN47RuleTest_InputOperatorReadsConditionalRule_TestD1Ev called 1 returned 100% blocks executed 100%
        1:  143:TEST(RuleTest, InputOperatorReadsConditionalRule) {
        1:  143-block  0
call    0 returned 1
------------------
_ZN47RuleTest_InputOperatorReadsConditionalRule_Test8TestBodyEv:
function _ZN47RuleTest_InputOperatorReadsConditionalRule_Test8TestBodyEv called 1 returned 100% blocks executed 27%
        1:  143:TEST(RuleTest, InputOperatorReadsConditionalRule) {
        1:  143-block  0
        1:  144:    std::istringstream in("3 5 1 4 6"); // ruleNumber=3, action=moveIf, condition=1, nextIfZero=4, nextIfOne=6
        1:  144-block  0
call    0 returned 1
branch  1 taken 1 (fallthrough)
branch  2 taken 0 (throw)
        1:  144-block  1
call    3 returned 1
branch  4 taken 1 (fallthrough)
branch  5 taken 0 (throw)
        1:  144-block  2
call    6 returned 1
    $$$$$:  144-block  3
call    7 never executed
    $$$$$:  144-block  4
    $$$$$:  144-block  5
        1:  145:    Rule r(0, Rule::writeZero, 0);
        1:  145-block  0
call    0 returned 1
branch  1 taken 1 (fallthrough)
branch  2 taken 0 (throw)
        1:  146:    in >> r;
        1:  146-block  0
call    0 returned 1
branch  1 taken 1 (fallthrough)
branch  2 taken 0 (throw)
        -:  147:
       1*:  148:    EXPECT_EQ(r.GetRuleNumber(), 3);
        1:  148-block  0
call    0 returned 1
branch  1 taken 1 (fallthrough)
branch  2 taken 0 (throw)
        1:  148-block  1
call    3 returned 1
branch  4 taken 1 (fallthrough)
branch  5 taken 0 (throw)
        1:  148-block  2
call    6 returned 1
branch  7 taken 0 (fallthrough)
branch  8 taken 1
    %%%%%:  148-block  3
call    9 never executed
branch 10 never executed (fallthrough)
branch 11 never executed (throw)
    %%%%%:  148-block  4
call   12 never executed
call   13 never executed
branch 14 never executed (fallthrough)
branch 15 never executed (throw)
    %%%%%:  148-block  5
call   16 never executed
branch 17 never executed (fallthrough)
branch 18 never executed (throw)
    %%%%%:  148-block  6
call   19 never executed
call   20 never executed
        1:  148-block  7
call   21 returned 1
    $$$$$:  148-block  8
    $$$$$:  148-block  9
    $$$$$:  148-block 10
call   22 never executed
    $$$$$:  148-block 11
    $$$$$:  148-block 12
call   23 never executed
    $$$$$:  148-block 13
    $$$$$:  148-block 14
call   24 never executed
       1*:  149:    EXPECT_EQ(r.GetAction(), Rule::moveIf);
call    0 returned 1
branch  1 taken 1 (fallthrough)
branch  2 taken 0 (throw)
        1:  149-block  0
call    3 returned 1
branch  4 taken 1 (fallthrough)
branch  5 taken 0 (throw)
        1:  149-block  1
call    6 returned 1
branch  7 taken 0 (fallthrough)
branch  8 taken 1
    %%%%%:  149-block  2
call    9 never executed
branch 10 never executed (fallthrough)
branch 11 never executed (throw)
    %%%%%:  149-block  3
call   12 never executed
call   13 never executed
branch 14 never executed (fallthrough)
branch 15 never executed (throw)
    %%%%%:  149-block  4
call   16 never executed
branch 17 never executed (fallthrough)
branch 18 never executed (throw)
    %%%%%:  149-block  5
call   19 never executed
call   20 never executed
        1:  149-block  6
call   21 returned 1
    $$$$$:  149-block  7
    $$$$$:  149-block  8
    $$$$$:  149-block  9
call   22 never executed
    $$$$$:  149-block 10
    $$$$$:  149-block 11
call   23 never executed
    $$$$$:  149-block 12
    $$$$$:  149-block 13
call   24 never executed
       1*:  150:    EXPECT_EQ(r.GetCondition(), 1);
call    0 returned 1
branch  1 taken 1 (fallthrough)
branch  2 taken 0 (throw)
        1:  150-block  0
call    3 returned 1
branch  4 taken 1 (fallthrough)
branch  5 taken 0 (throw)
        1:  150-block  1
call    6 returned 1
branch  7 taken 0 (fallthrough)
branch  8 taken 1
    %%%%%:  150-block  2
call    9 never executed
branch 10 never executed (fallthrough)
branch 11 never executed (throw)
    %%%%%:  150-block  3
call   12 never executed
call   13 never executed
branch 14 never executed (fallthrough)
branch 15 never executed (throw)
    %%%%%:  150-block  4
call   16 never executed
branch 17 never executed (fallthrough)
branch 18 never executed (throw)
    %%%%%:  150-block  5
call   19 never executed
call   20 never executed
        1:  150-block  6
call   21 returned 1
    $$$$$:  150-block  7
    $$$$$:  150-block  8
    $$$$$:  150-block  9
call   22 never executed
    $$$$$:  150-block 10
    $$$$$:  150-block 11
call   23 never executed
    $$$$$:  150-block 12
    $$$$$:  150-block 13
call   24 never executed
       1*:  151:    EXPECT_EQ(r.GetNextIfZero(), 4);
call    0 returned 1
branch  1 taken 1 (fallthrough)
branch  2 taken 0 (throw)
        1:  151-block  0
call    3 returned 1
branch  4 taken 1 (fallthrough)
branch  5 taken 0 (throw)
        1:  151-block  1
call    6 returned 1
branch  7 taken 0 (fallthrough)
branch  8 taken 1
    %%%%%:  151-block  2
call    9 never executed
branch 10 never executed (fallthrough)
branch 11 never executed (throw)
    %%%%%:  151-block  3
call   12 never executed
call   13 never executed
branch 14 never executed (fallthrough)
branch 15 never executed (throw)
    %%%%%:  151-block  4
call   16 never executed
branch 17 never executed (fallthrough)
branch 18 never executed (throw)
    %%%%%:  151-block  5
call   19 never executed
call   20 never executed
        1:  151-block  6
call   21 returned 1
    $$$$$:  151-block  7
    $$$$$:  151-block  8
    $$$$$:  151-block  9
call   22 never executed
    $$$$$:  151-block 10
    $$$$$:  151-block 11
call   23 never executed
    $$$$$:  151-block 12
    $$$$$:  151-block 13
call   24 never executed
       1*:  152:    EXPECT_EQ(r.GetNextIfOne(), 6);
call    0 returned 1
branch  1 taken 1 (fallthrough)
branch  2 taken 0 (throw)
        1:  152-block  0
call    3 returned 1
branch  4 taken 1 (fallthrough)
branch  5 taken 0 (throw)
        1:  152-block  1
call    6 returned 1
branch  7 taken 0 (fallthrough)
branch  8 taken 1
    %%%%%:  152-block  2
call    9 never executed
branch 10 never executed (fallthrough)
branch 11 never executed (throw)
    %%%%%:  152-block  3
call   12 never executed
call   13 never executed
branch 14 never executed (fallthrough)
branch 15 never executed (throw)
    %%%%%:  152-block  4
call   16 never executed
branch 17 never executed (fallthrough)
branch 18 never executed (throw)
    %%%%%:  152-block  5
call   19 never executed
call   20 never executed
        1:  152-block  6
call   21 returned 1
    $$$$$:  152-block  7
    $$$$$:  152-block  8
    $$$$$:  152-block  9
call   22 never executed
    $$$$$:  152-block 10
    $$$$$:  152-block 11
call   23 never executed
    $$$$$:  152-block 12
    $$$$$:  152-block 13
call   24 never executed
        1:  153:}
call    0 returned 1
    $$$$$:  153-block  0
call    1 never executed
------------------
        -:  154:
        -:  155:// 6️⃣ Тест: Проверка действия writeZero
        4:  156:TEST(RuleTest, WriteZeroActionStoredCorrectly) {
        1:  157:    Rule r(2, Rule::writeZero, 3);
       1*:  158:    EXPECT_EQ(r.GetAction(), Rule::writeZero);
       1*:  159:    EXPECT_EQ(r.GetNextRule(), 3);
        1:  160:}
------------------
_ZN44RuleTest_WriteZeroActionStoredCorrectly_TestC1Ev:
function _ZN44RuleTest_WriteZeroActionStoredCorrectly_TestC1Ev called 1 returned 100% blocks executed 100%
        1:  156:TEST(RuleTest, WriteZeroActionStoredCorrectly) {
        1:  156-block  0
call    0 returned 1
------------------
_ZN44RuleTest_WriteZeroActionStoredCorrectly_TestD0Ev:
function _ZN44RuleTest_WriteZeroActionStoredCorrectly_TestD0Ev called 1 returned 100% blocks executed 100%
        1:  156:TEST(RuleTest, WriteZeroActionStoredCorrectly) {
        1:  156-block  0
call    0 returned 1
call    1 returned 1
------------------
_ZN44RuleTest_WriteZeroActionStoredCorrectly_TestD1Ev:
function _ZN44RuleTest_WriteZeroActionStoredCorrectly_TestD1Ev called 1 returned 100% blocks executed 100%
        1:  156:TEST(RuleTest, WriteZeroActionStoredCorrectly) {
        1:  156-block  0
call    0 returned 1
------------------
_ZN44RuleTest_WriteZeroActionStoredCorrectly_Test8TestBodyEv:
function _ZN44RuleTest_WriteZeroActionStoredCorrectly_Test8TestBodyEv called 1 returned 100% blocks executed 27%
        1:  156:TEST(RuleTest, WriteZeroActionStoredCorrectly) {
        1:  157:    Rule r(2, Rule::writeZero, 3);
        1:  157-block  0
call    0 returned 1
branch  1 taken 1 (fallthrough)
branch  2 taken 0 (throw)
       1*:  158:    EXPECT_EQ(r.GetAction(), Rule::writeZero);
        1:  158-block  0
call    0 returned 1
branch  1 taken 1 (fallthrough)
branch  2 taken 0 (throw)
        1:  158-block  1
call    3 returned 1
branch  4 taken 1 (fallthrough)
branch  5 taken 0 (throw)
        1:  158-block  2
call    6 returned 1
branch  7 taken 0 (fallthrough)
branch  8 taken 1
    %%%%%:  158-block  3
call    9 never executed
branch 10 never executed (fallthrough)
branch 11 never executed (throw)
    %%%%%:  158-block  4
call   12 never executed
call   13 never executed
branch 14 never executed (fallthrough)
branch 15 never executed (throw)
    %%%%%:  158-block  5
call   16 never executed
branch 17 never executed (fallthrough)
branch 18 never executed (throw)
    %%%%%:  158-block  6
call   19 never executed
call   20 never executed
        1:  158-block  7
call   21 returned 1
    $$$$$:  158-block  8
    $$$$$:  158-block  9
    $$$$$:  158-block 10
call   22 never executed
    $$$$$:  158-block 11
    $$$$$:  158-block 12
call   23 never executed
    $$$$$:  158-block 13
    $$$$$:  158-block 14
call   24 never executed
       1*:  159:    EXPECT_EQ(r.GetNextRule(), 3);
call    0 returned 1
branch  1 taken 1 (fallthrough)
branch  2 taken 0 (throw)
        1:  159-block  0
call    3 returned 1
branch  4 taken 1 (fallthrough)
branch  5 taken 0 (throw)
        1:  159-block  1
call    6 returned 1
branch  7 taken 0 (fallthrough)
branch  8 taken 1
    %%%%%:  159-block  2
call    9 never executed
branch 10 never executed (fallthrough)
branch 11 never executed (throw)
    %%%%%:  159-block  3
call   12 never executed
call   13 never executed
branch 14 never executed (fallthrough)
branch 15 never executed (throw)
    %%%%%:  159-block  4
call   16 never executed
branch 17 never executed (fallthrough)
branch 18 never executed (throw)
    %%%%%:  159-block  5
call   19 never executed
call   20 never executed
        1:  159-block  6
call   21 returned 1
    $$$$$:  159-block  7
    $$$$$:  159-block  8
[...]
branch  2 taken 0 (throw)
        1:  566:    m.ShowRules();
        1:  566-block  0
call    0 returned 1
branch  1 taken 1 (fallthrough)
branch  2 taken 0 (throw)
        1:  567:    std::string out = testing::internal::GetCapturedStdout();
        1:  567-block  0
call    0 returned 1
branch  1 taken 1 (fallthrough)
branch  2 taken 0 (throw)
       1*:  568:    EXPECT_NE(out.find("WRITE 1"), std::string::npos);
        1:  568-block  0
call    0 returned 1
call    1 returned 1
branch  2 taken 1 (fallthrough)
branch  3 taken 0 (throw)
        1:  568-block  1
call    4 returned 1
branch  5 taken 0 (fallthrough)
branch  6 taken 1
    %%%%%:  568-block  2
call    7 never executed
branch  8 never executed (fallthrough)
branch  9 never executed (throw)
    %%%%%:  568-block  3
call   10 never executed
call   11 never executed
branch 12 never executed (fallthrough)
branch 13 never executed (throw)
    %%%%%:  568-block  4
call   14 never executed
branch 15 never executed (fallthrough)
branch 16 never executed (throw)
    %%%%%:  568-block  5
call   17 never executed
call   18 never executed
        1:  568-block  6
call   19 returned 1
    $$$$$:  568-block  7
    $$$$$:  568-block  8
call   20 never executed
    $$$$$:  568-block  9
    $$$$$:  568-block 10
call   21 never executed
    $$$$$:  568-block 11
    $$$$$:  568-block 12
call   22 never executed
        1:  569:}
call    0 returned 1
call    1 returned 1
call    2 returned 1
    $$$$$:  569-block  0
call    3 never executed
    $$$$$:  569-block  1
call    4 never executed
    $$$$$:  569-block  2
call    5 never executed
------------------
        -:  570:
        -:  571:// 35️⃣ Step с currentRule = -1 (ничего не делает)
        4:  572:TEST(MachineTest, StepWithCurrentRuleMinusOne) {
        1:  573:    Machine m;
        1:  574:    m.Step();  // currentRule = 1 по умолчанию
        1:  575:    m.AddRule(Rule(1, Rule::end, -1));
        1:  576:    m.Step();  // currentRule = -1 после окончания
       1*:  577:    EXPECT_NO_THROW(m.Step());  // ещё один вызов Step не должен падать
        1:  578:}
------------------
_ZN44MachineTest_StepWithCurrentRuleMinusOne_TestC1Ev:
function _ZN44MachineTest_StepWithCurrentRuleMinusOne_TestC1Ev called 1 returned 100% blocks executed 100%
        1:  572:TEST(MachineTest, StepWithCurrentRuleMinusOne) {
        1:  572-block  0
call    0 returned 1
------------------
_ZN44MachineTest_StepWithCurrentRuleMinusOne_TestD0Ev:
function _ZN44MachineTest_StepWithCurrentRuleMinusOne_TestD0Ev called 1 returned 100% blocks executed 100%
        1:  572:TEST(MachineTest, StepWithCurrentRuleMinusOne) {
        1:  572-block  0
call    0 returned 1
call    1 returned 1
------------------
_ZN44MachineTest_StepWithCurrentRuleMinusOne_TestD1Ev:
function _ZN44MachineTest_StepWithCurrentRuleMinusOne_TestD1Ev called 1 returned 100% blocks executed 100%
        1:  572:TEST(MachineTest, StepWithCurrentRuleMinusOne) {
        1:  572-block  0
call    0 returned 1
------------------
_ZN44MachineTest_StepWithCurrentRuleMinusOne_Test8TestBodyEv:
function _ZN44MachineTest_StepWithCurrentRuleMinusOne_Test8TestBodyEv called 1 returned 100% blocks executed 24%
        1:  572:TEST(MachineTest, StepWithCurrentRuleMinusOne) {
        1:  573:    Machine m;
        1:  573-block  0
call    0 returned 1
branch  1 taken 1 (fallthrough)
branch  2 taken 0 (throw)
        1:  574:    m.Step();  // currentRule = 1 по умолчанию
        1:  574-block  0
call    0 returned 1
branch  1 taken 1 (fallthrough)
branch  2 taken 0 (throw)
        1:  575:    m.AddRule(Rule(1, Rule::end, -1));
        1:  575-block  0
call    0 returned 1
branch  1 taken 1 (fallthrough)
branch  2 taken 0 (throw)
        1:  575-block  1
call    3 returned 1
branch  4 taken 1 (fallthrough)
branch  5 taken 0 (throw)
    $$$$$:  575-block  2
        1:  576:    m.Step();  // currentRule = -1 после окончания
        1:  576-block  0
call    0 returned 1
branch  1 taken 1 (fallthrough)
branch  2 taken 0 (throw)
       1*:  577:    EXPECT_NO_THROW(m.Step());  // ещё один вызов Step не должен падать
        1:  577-block  0
call    0 returned 1
call    1 returned 1
branch  2 taken 1 (fallthrough)
branch  3 taken 0
        1:  577-block  1
call    4 returned 1
branch  5 taken 1 (fallthrough)
branch  6 taken 0 (throw)
        1:  577-block  2
branch  7 taken 1 (fallthrough)
branch  8 taken 0
        1:  577-block  3
call    9 returned 1
branch 10 taken 1 (fallthrough)
branch 11 taken 0 (throw)
    %%%%%:  577-block  4
call   12 never executed
branch 13 never executed (fallthrough)
branch 14 never executed (throw)
    %%%%%:  577-block  5
call   15 never executed
branch 16 never executed (fallthrough)
branch 17 never executed (throw)
    %%%%%:  577-block  6
call   18 never executed
call   19 never executed
branch 20 never executed (fallthrough)
branch 21 never executed (throw)
    %%%%%:  577-block  7
call   22 never executed
branch 23 never executed (fallthrough)
branch 24 never executed (throw)
    %%%%%:  577-block  8
call   25 never executed
call   26 never executed
call   27 never executed
        1:  577-block  9
call   28 returned 1
    $$$$$:  577-block 10
branch 29 never executed
branch 30 never executed
    $$$$$:  577-block 11
call   31 never executed
call   32 never executed
branch 33 never executed (fallthrough)
branch 34 never executed (throw)
    $$$$$:  577-block 12
call   35 never executed
branch 36 never executed (fallthrough)
branch 37 never executed (throw)
    $$$$$:  577-block 13
call   38 never executed
branch 39 never executed (fallthrough)
branch 40 never executed (throw)
    $$$$$:  577-block 14
call   41 never executed
call   42 never executed
branch 43 never executed (fallthrough)
branch 44 never executed (throw)
    $$$$$:  577-block 15
call   45 never executed
call   46 never executed
branch 47 never executed (fallthrough)
branch 48 never executed (throw)
    $$$$$:  577-block 16
call   49 never executed
branch 50 never executed (fallthrough)
branch 51 never executed (throw)
    $$$$$:  577-block 17
    $$$$$:  577-block 18
call   52 never executed
    $$$$$:  577-block 19
call   53 never executed
call   54 never executed
branch 55 never executed (fallthrough)
branch 56 never executed (throw)
    $$$$$:  577-block 20
    $$$$$:  577-block 21
call   57 never executed
branch 58 never executed (fallthrough)
branch 59 never executed (throw)
    $$$$$:  577-block 22
call   60 never executed
    $$$$$:  577-block 23
    $$$$$:  577-block 24
call   61 never executed
    $$$$$:  577-block 25
call   62 never executed
    $$$$$:  577-block 26
call   63 never executed
    $$$$$:  577-block 27
call   64 never executed
    $$$$$:  577-block 28
    $$$$$:  577-block 29
    $$$$$:  577-block 30
call   65 never executed
    $$$$$:  577-block 31
    $$$$$:  577-block 32
call   66 never executed
        1:  578:}
call    0 returned 1
    $$$$$:  578-block  0
call    1 never executed
------------------
        -:  579:
        -:  580:// 36️⃣ Run с пустым набором правил
        4:  581:TEST(MachineTest, RunWithNoRules) {
        1:  582:    Machine m;
        1:  583:    m.RemoveRule(1); // если правило 1 есть, удалим
        1:  584:    testing::internal::CaptureStdout();
        1:  585:    m.Run();
        1:  586:    std::string out = testing::internal::GetCapturedStdout();
       1*:  587:    EXPECT_NE(out.find("no such rule"), std::string::npos);
        1:  588:}
------------------
_ZN31MachineTest_RunWithNoRules_TestC1Ev:
function _ZN31MachineTest_RunWithNoRules_TestC1Ev called 1 returned 100% blocks executed 100%
        1:  581:TEST(MachineTest, RunWithNoRules) {
        1:  581-block  0
call    0 returned 1
------------------
_ZN31MachineTest_RunWithNoRules_TestD0Ev:
function _ZN31MachineTest_RunWithNoRules_TestD0Ev called 1 returned 100% blocks executed 100%
        1:  581:TEST(MachineTest, RunWithNoRules) {
        1:  581-block  0
call    0 returned 1
call    1 returned 1
------------------
_ZN31MachineTest_RunWithNoRules_TestD1Ev:
function _ZN31MachineTest_RunWithNoRules_TestD1Ev called 1 returned 100% blocks executed 100%
        1:  581:TEST(MachineTest, RunWithNoRules) {
        1:  581-block  0
call    0 returned 1
------------------
_ZN31MachineTest_RunWithNoRules_Test8TestBodyEv:
function _ZN31MachineTest_RunWithNoRules_Test8TestBodyEv called 1 returned 100% blocks executed 40%
        1:  581:TEST(MachineTest, RunWithNoRules) {
        1:  582:    Machine m;
        1:  582-block  0
call    0 returned 1
branch  1 taken 1 (fallthrough)
branch  2 taken 0 (throw)
        1:  583:    m.RemoveRule(1); // если правило 1 есть, удалим
        1:  583-block  0
call    0 returned 1
branch  1 taken 1 (fallthrough)
branch  2 taken 0 (throw)
        1:  584:    testing::internal::CaptureStdout();
        1:  584-block  0
call    0 returned 1
branch  1 taken 1 (fallthrough)
branch  2 taken 0 (throw)
        1:  585:    m.Run();
        1:  585-block  0
call    0 returned 1
branch  1 taken 1 (fallthrough)
branch  2 taken 0 (throw)
        1:  586:    std::string out = testing::internal::GetCapturedStdout();
        1:  586-block  0
call    0 returned 1
branch  1 taken 1 (fallthrough)
branch  2 taken 0 (throw)
       1*:  587:    EXPECT_NE(out.find("no such rule"), std::string::npos);
        1:  587-block  0
call    0 returned 1
call    1 returned 1
branch  2 taken 1 (fallthrough)
branch  3 taken 0 (throw)
        1:  587-block  1
call    4 returned 1
branch  5 taken 0 (fallthrough)
branch  6 taken 1
    %%%%%:  587-block  2
call    7 never executed
branch  8 never executed (fallthrough)
branch  9 never executed (throw)
    %%%%%:  587-block  3
call   10 never executed
call   11 never executed
branch 12 never executed (fallthrough)
branch 13 never executed (throw)
    %%%%%:  587-block  4
call   14 never executed
branch 15 never executed (fallthrough)
branch 16 never executed (throw)
    %%%%%:  587-block  5
call   17 never executed
call   18 never executed
        1:  587-block  6
call   19 returned 1
    $$$$$:  587-block  7
    $$$$$:  587-block  8
call   20 never executed
    $$$$$:  587-block  9
    $$$$$:  587-block 10
call   21 never executed
    $$$$$:  587-block 11
    $$$$$:  587-block 12
call   22 never executed
        1:  588:}
call    0 returned 1
call    1 returned 1
    $$$$$:  588-block  0
call    2 never executed
    $$$$$:  588-block  1
call    3 never executed
------------------
        -:  589:
        -:  590:// 37️⃣ InputProgramFromConsole с некорректной строкой для moveIf
        4:  591:TEST(MachineTest, InputProgramFromConsoleInvalidMoveIf) {
        1:  592:    Machine m;
        1:  593:    std::istringstream input("1 5 0\n\n"); // мало чисел
        1:  594:    std::streambuf* orig = std::cin.rdbuf(input.rdbuf());
        -:  595:
        1:  596:    testing::internal::CaptureStdout();
        1:  597:    m.InputProgramFromConsole();
        1:  598:    std::string out = testing::internal::GetCapturedStdout();
       1*:  599:    EXPECT_NE(out.find("Ошибка: для moveIf нужно 5 чисел"), std::string::npos);
        -:  600:
        1:  601:    std::cin.rdbuf(orig);
        1:  602:}
------------------
_ZN53MachineTest_InputProgramFromConsoleInvalidMoveIf_TestC1Ev:
function _ZN53MachineTest_InputProgramFromConsoleInvalidMoveIf_TestC1Ev called 1 returned 100% blocks executed 100%
        1:  591:TEST(MachineTest, InputProgramFromConsoleInvalidMoveIf) {
        1:  591-block  0
call    0 returned 1
------------------
_ZN53MachineTest_InputProgramFromConsoleInvalidMoveIf_TestD0Ev:
function _ZN53MachineTest_InputProgramFromConsoleInvalidMoveIf_TestD0Ev called 1 returned 100% blocks executed 100%
        1:  591:TEST(MachineTest, InputProgramFromConsoleInvalidMoveIf) {
        1:  591-block  0
call    0 returned 1
call    1 returned 1
------------------
_ZN53MachineTest_InputProgramFromConsoleInvalidMoveIf_TestD1Ev:
function _ZN53MachineTest_InputProgramFromConsoleInvalidMoveIf_TestD1Ev called 1 returned 100% blocks executed 100%
        1:  591:TEST(MachineTest, InputProgramFromConsoleInvalidMoveIf) {
        1:  591-block  0
call    0 returned 1
------------------
_ZN53MachineTest_InputProgramFromConsoleInvalidMoveIf_Test8TestBodyEv:
function _ZN53MachineTest_InputProgramFromConsoleInvalidMoveIf_Test8TestBodyEv called 1 returned 100% blocks executed 44%
        1:  591:TEST(MachineTest, InputProgramFromConsoleInvalidMoveIf) {
        1:  592:    Machine m;
        1:  592-block  0
call    0 returned 1
branch  1 taken 1 (fallthrough)
branch  2 taken 0 (throw)
        1:  593:    std::istringstream input("1 5 0\n\n"); // мало чисел
        1:  593-block  0
call    0 returned 1
branch  1 taken 1 (fallthrough)
branch  2 taken 0 (throw)
        1:  593-block  1
call    3 returned 1
branch  4 taken 1 (fallthrough)
branch  5 taken 0 (throw)
        1:  593-block  2
call    6 returned 1
    $$$$$:  593-block  3
call    7 never executed
    $$$$$:  593-block  4
    $$$$$:  593-block  5
        1:  594:    std::streambuf* orig = std::cin.rdbuf(input.rdbuf());
        1:  594-block  0
call    0 returned 1
call    1 returned 1
branch  2 taken 1 (fallthrough)
branch  3 taken 0 (throw)
        -:  595:
        1:  596:    testing::internal::CaptureStdout();
        1:  596-block  0
call    0 returned 1
branch  1 taken 1 (fallthrough)
branch  2 taken 0 (throw)
        1:  597:    m.InputProgramFromConsole();
        1:  597-block  0
call    0 returned 1
branch  1 taken 1 (fallthrough)
branch  2 taken 0 (throw)
        1:  598:    std::string out = testing::internal::GetCapturedStdout();
        1:  598-block  0
call    0 returned 1
branch  1 taken 1 (fallthrough)
branch  2 taken 0 (throw)
       1*:  599:    EXPECT_NE(out.find("Ошибка: для moveIf нужно 5 чисел"), std::string::npos);
        1:  599-block  0
call    0 returned 1
call    1 returned 1
branch  2 taken 1 (fallthrough)
branch  3 taken 0 (throw)
        1:  599-block  1
call    4 returned 1
branch  5 taken 0 (fallthrough)
branch  6 taken 1
    %%%%%:  599-block  2
call    7 never executed
branch  8 never executed (fallthrough)
branch  9 never executed (throw)
    %%%%%:  599-block  3
call   10 never executed
call   11 never executed
branch 12 never executed (fallthrough)
branch 13 never executed (throw)
    %%%%%:  599-block  4
call   14 never executed
branch 15 never executed (fallthrough)
branch 16 never executed (throw)
    %%%%%:  599-block  5
call   17 never executed
call   18 never executed
        1:  599-block  6
call   19 returned 1
    $$$$$:  599-block  7
    $$$$$:  599-block  8
call   20 never executed
    $$$$$:  599-block  9
    $$$$$:  599-block 10
call   21 never executed
    $$$$$:  599-block 11
    $$$$$:  599-block 12
call   22 never executed
        -:  600:
        1:  601:    std::cin.rdbuf(orig);
call    0 returned 1
branch  1 taken 1 (fallthrough)
branch  2 taken 0 (throw)
        1:  602:}
        1:  602-block  0
call    0 returned 1
call    1 returned 1
call    2 returned 1
    $$$$$:  602-block  1
call    3 never executed
    $$$$$:  602-block  2
call    4 never executed
    $$$$$:  602-block  3
call    5 never executed
------------------
        -:  603:
        -:  604:// 38️⃣ InputProgramFromConsole с некорректной строкой для обычного правила
        4:  605:TEST(MachineTest, InputProgramFromConsoleInvalidSimpleRule) {
        1:  606:    Machine m;
        1:  607:    std::istringstream input("2 1\n\n"); // мало чисел
        1:  608:    std::streambuf* orig = std::cin.rdbuf(input.rdbuf());
        -:  609:
        1:  610:    testing::internal::CaptureStdout();
        1:  611:    m.InputProgramFromConsole();
        1:  612:    std::string out = testing::internal::GetCapturedStdout();
       1*:  613:    EXPECT_NE(out.find("Ошибка: для обычных правил нужно 3 числа"), std::string::npos);
        -:  614:
        1:  615:    std::cin.rdbuf(orig);
        1:  616:}
------------------
_ZN57MachineTest_InputProgramFromConsoleInvalidSimpleRule_TestC1Ev:
function _ZN57MachineTest_InputProgramFromConsoleInvalidSimpleRule_TestC1Ev called 1 returned 100% blocks executed 100%
        1:  605:TEST(MachineTest, InputProgramFromConsoleInvalidSimpleRule) {
        1:  605-block  0
call    0 returned 1
------------------
_ZN57MachineTest_InputProgramFromConsoleInvalidSimpleRule_TestD0Ev:
function _ZN57MachineTest_InputProgramFromConsoleInvalidSimpleRule_TestD0Ev called 1 returned 100% blocks executed 100%
        1:  605:TEST(MachineTest, InputProgramFromConsoleInvalidSimpleRule) {
        1:  605-block  0
call    0 returned 1
call    1 returned 1
------------------
_ZN57MachineTest_InputProgramFromConsoleInvalidSimpleRule_TestD1Ev:
function _ZN57MachineTest_InputProgramFromConsoleInvalidSimpleRule_TestD1Ev called 1 returned 100% blocks executed 100%
        1:  605:TEST(MachineTest, InputProgramFromConsoleInvalidSimpleRule) {
        1:  605-block  0
call    0 returned 1
------------------
_ZN57MachineTest_InputProgramFromConsoleInvalidSimpleRule_Test8TestBodyEv:
function _ZN57MachineTest_InputProgramFromConsoleInvalidSimpleRule_Test8TestBodyEv called 1 returned 100% blocks executed 44%
        1:  605:TEST(MachineTest, InputProgramFromConsoleInvalidSimpleRule) {
        1:  606:    Machine m;
        1:  606-block  0
call    0 returned 1
branch  1 taken 1 (fallthrough)
branch  2 taken 0 (throw)
        1:  607:    std::istringstream input("2 1\n\n"); // мало чисел
        1:  607-block  0
call    0 returned 1
branch  1 taken 1 (fallthrough)
branch  2 taken 0 (throw)
        1:  607-block  1
call    3 returned 1
branch  4 taken 1 (fallthrough)
branch  5 taken 0 (throw)
        1:  607-block  2
call    6 returned 1
    $$$$$:  607-block  3
call    7 never executed
    $$$$$:  607-block  4
    $$$$$:  607-block  5
        1:  608:    std::streambuf* orig = std::cin.rdbuf(input.rdbuf());
        1:  608-block  0
call    0 returned 1
call    1 returned 1
branch  2 taken 1 (fallthrough)
branch  3 taken 0 (throw)
        -:  609:
        1:  610:    testing::internal::CaptureStdout();
        1:  610-block  0
call    0 returned 1
branch  1 taken 1 (fallthrough)
branch  2 taken 0 (throw)
        1:  611:    m.InputProgramFromConsole();
        1:  611-block  0
call    0 returned 1
branch  1 taken 1 (fallthrough)
branch  2 taken 0 (throw)
        1:  612:    std::string out = testing::internal::GetCapturedStdout();
        1:  612-block  0
call    0 returned 1
branch  1 taken 1 (fallthrough)
branch  2 taken 0 (throw)
       1*:  613:    EXPECT_NE(out.find("Ошибка: для обычных правил нужно 3 числа"), std::string::npos);
        1:  613-block  0
call    0 returned 1
call    1 returned 1
branch  2 taken 1 (fallthrough)
branch  3 taken 0 (throw)
        1:  613-block  1
call    4 returned 1
branch  5 taken 0 (fallthrough)
branch  6 taken 1
    %%%%%:  613-block  2
call    7 never executed
branch  8 never executed (fallthrough)
branch  9 never executed (throw)
    %%%%%:  613-block  3
call   10 never executed
call   11 never executed
branch 12 never executed (fallthrough)
branch 13 never executed (throw)
    %%%%%:  613-block  4
call   14 never executed
branch 15 never executed (fallthrough)
branch 16 never executed (throw)
    %%%%%:  613-block  5
call   17 never executed
call   18 never executed
        1:  613-block  6
call   19 returned 1
    $$$$$:  613-block  7
    $$$$$:  613-block  8
call   20 never executed
    $$$$$:  613-block  9
    $$$$$:  613-block 10
call   21 never executed
    $$$$$:  613-block 11
    $$$$$:  613-block 12
call   22 never executed
        -:  614:
        1:  615:    std::cin.rdbuf(orig);
call    0 returned 1
branch  1 taken 1 (fallthrough)
branch  2 taken 0 (throw)
        1:  616:}
        1:  616-block  0
call    0 returned 1
call    1 returned 1
call    2 returned 1
    $$$$$:  616-block  1
call    3 never executed
    $$$$$:  616-block  2
call    4 never executed
    $$$$$:  616-block  3
call    5 never executed
------------------
        -:  617:
